<?xml version="1.0" encoding="utf-8"?>
<TestRun id="b477f177-ecad-4369-9b7c-a39163b20812" name="@cursor 2025-10-23 23:49:33" xmlns="http://microsoft.com/schemas/VisualStudio/TeamTest/2010">
  <Times creation="2025-10-23T23:49:33.4920410+00:00" queuing="2025-10-23T23:49:33.4920412+00:00" start="2025-10-23T23:49:31.4983862+00:00" finish="2025-10-23T23:49:33.9078799+00:00" />
  <TestSettings name="default" id="5a91baf2-afc8-4379-b976-8adfee2499db">
    <Deployment runDeploymentRoot="_cursor_2025-10-23_23_49_33" />
  </TestSettings>
  <Results>
    <UnitTestResult executionId="00ba71b6-0fa2-4656-87cc-a2b5b7c387db" testId="02c08a35-74e8-b648-d113-37080a78e07f" testName="AgendamentoConsultas.Tests.Domain.Entities.ClienteTests.Criar_ComEmailInvalido_DeveRetornarFalha(email: &quot;&quot;)" computerName="cursor" duration="00:00:00.0000181" startTime="2025-10-23T23:49:33.6920248+00:00" endTime="2025-10-23T23:49:33.6920249+00:00" testType="13cdc9d9-ddb5-4fa4-a97d-d965ccfc6d4b" outcome="Passed" testListId="8c84fa94-04c1-424b-9868-57a2d4851a1d" relativeResultsDirectory="00ba71b6-0fa2-4656-87cc-a2b5b7c387db" />
    <UnitTestResult executionId="c20cc71f-d7de-4319-9fb4-4c12b91668b6" testId="ffeb2b9d-0b53-e526-3d17-a4948dc726eb" testName="AgendamentoConsultas.Tests.Application.UseCases.Agendamento.ObterHorariosDisponiveisUseCaseTests.ExecutarAsync_ComDataPassada_DeveRetornarFalha" computerName="cursor" duration="00:00:00.0012614" startTime="2025-10-23T23:49:33.6022972+00:00" endTime="2025-10-23T23:49:33.6022974+00:00" testType="13cdc9d9-ddb5-4fa4-a97d-d965ccfc6d4b" outcome="Passed" testListId="8c84fa94-04c1-424b-9868-57a2d4851a1d" relativeResultsDirectory="c20cc71f-d7de-4319-9fb4-4c12b91668b6" />
    <UnitTestResult executionId="086ca17c-f90c-48b6-9ef9-77b9f3879448" testId="31a48201-1c72-e50e-7831-927de2f2e183" testName="AgendamentoConsultas.Tests.Domain.Entities.AgendamentoTests.Cancelar_AgendamentoConcluido_DeveRetornarFalha" computerName="cursor" duration="00:00:00.0003208" startTime="2025-10-23T23:49:33.4022405+00:00" endTime="2025-10-23T23:49:33.4022406+00:00" testType="13cdc9d9-ddb5-4fa4-a97d-d965ccfc6d4b" outcome="Passed" testListId="8c84fa94-04c1-424b-9868-57a2d4851a1d" relativeResultsDirectory="086ca17c-f90c-48b6-9ef9-77b9f3879448" />
    <UnitTestResult executionId="0347b090-43ee-4b8c-bc62-15a4b06cc9db" testId="ec010c0e-6f0d-6b85-ff81-e65e828fc508" testName="AgendamentoConsultas.Tests.Application.UseCases.Agendamento.CriarAgendamentoUseCaseTests.ExecutarAsync_ComDataHoraPassada_DeveRetornarFalha" computerName="cursor" duration="00:00:00.0053549" startTime="2025-10-23T23:49:33.5431272+00:00" endTime="2025-10-23T23:49:33.5431272+00:00" testType="13cdc9d9-ddb5-4fa4-a97d-d965ccfc6d4b" outcome="Passed" testListId="8c84fa94-04c1-424b-9868-57a2d4851a1d" relativeResultsDirectory="0347b090-43ee-4b8c-bc62-15a4b06cc9db" />
    <UnitTestResult executionId="36b6cf97-16fa-4abe-89e9-47142c4a16ed" testId="bcdcee3b-48f9-d4b9-bcf9-0cda255be613" testName="AgendamentoConsultas.Tests.Application.Validators.ReagendarDtoValidatorTests.Validate_ComHorarioForaDoAtendimento_DeveSerInvalido(hora: 7)" computerName="cursor" duration="00:00:00.0008338" startTime="2025-10-23T23:49:33.4216077+00:00" endTime="2025-10-23T23:49:33.4216078+00:00" testType="13cdc9d9-ddb5-4fa4-a97d-d965ccfc6d4b" outcome="Passed" testListId="8c84fa94-04c1-424b-9868-57a2d4851a1d" relativeResultsDirectory="36b6cf97-16fa-4abe-89e9-47142c4a16ed" />
    <UnitTestResult executionId="44b95057-8a9a-4da6-bd99-99707e11a829" testId="08671455-9f0d-bf2f-d478-e8171b8658fa" testName="AgendamentoConsultas.Tests.Domain.Entities.ClienteTests.Criar_ComCpfInvalido_DeveRetornarFalha(cpf: &quot;12345678901234&quot;)" computerName="cursor" duration="00:00:00.0003676" startTime="2025-10-23T23:49:33.6830197+00:00" endTime="2025-10-23T23:49:33.6830198+00:00" testType="13cdc9d9-ddb5-4fa4-a97d-d965ccfc6d4b" outcome="Passed" testListId="8c84fa94-04c1-424b-9868-57a2d4851a1d" relativeResultsDirectory="44b95057-8a9a-4da6-bd99-99707e11a829" />
    <UnitTestResult executionId="f4eea11e-6514-485d-a6f5-cdb7347f667d" testId="d1f45e57-7ebf-25c3-7110-c2b56ae14034" testName="AgendamentoConsultas.Tests.Domain.Entities.AgendamentoTests.Criar_NoDomingo_DeveRetornarFalha" computerName="cursor" duration="00:00:00.0003102" startTime="2025-10-23T23:49:33.4260106+00:00" endTime="2025-10-23T23:49:33.4260107+00:00" testType="13cdc9d9-ddb5-4fa4-a97d-d965ccfc6d4b" outcome="Passed" testListId="8c84fa94-04c1-424b-9868-57a2d4851a1d" relativeResultsDirectory="f4eea11e-6514-485d-a6f5-cdb7347f667d" />
    <UnitTestResult executionId="ebc37fa3-a82c-4511-9eec-1a0bee89428a" testId="1d155ab6-0e22-fcb6-6bc2-e1292ccae2b3" testName="AgendamentoConsultas.Tests.Application.UseCases.Agendamento.PesquisarAgendamentosUseCaseTests.ExecutarAsync_ComFiltroValido_DeveRetornarResultadosMapeados" computerName="cursor" duration="00:00:00.0608031" startTime="2025-10-23T23:49:33.5764205+00:00" endTime="2025-10-23T23:49:33.5764210+00:00" testType="13cdc9d9-ddb5-4fa4-a97d-d965ccfc6d4b" outcome="Passed" testListId="8c84fa94-04c1-424b-9868-57a2d4851a1d" relativeResultsDirectory="ebc37fa3-a82c-4511-9eec-1a0bee89428a" />
    <UnitTestResult executionId="efa15fad-52cd-4822-92af-ec42197f00b2" testId="7cfbf410-04d8-1416-949f-978d020082ba" testName="AgendamentoConsultas.Tests.Application.Validators.CriarClienteDtoValidatorTests.Validate_ComEmailInvalido_DeveSerInvalido(email: &quot;&quot;)" computerName="cursor" duration="00:00:00.0048769" startTime="2025-10-23T23:49:33.7178279+00:00" endTime="2025-10-23T23:49:33.7178281+00:00" testType="13cdc9d9-ddb5-4fa4-a97d-d965ccfc6d4b" outcome="Passed" testListId="8c84fa94-04c1-424b-9868-57a2d4851a1d" relativeResultsDirectory="efa15fad-52cd-4822-92af-ec42197f00b2" />
    <UnitTestResult executionId="dc5dcffe-bb5d-45f2-8fa6-d21b1e7c4ea3" testId="a80b129f-1247-4825-578c-3373d864b4e0" testName="AgendamentoConsultas.Tests.Domain.Entities.AgendamentoTests.AtualizarObservacoes_DeveAtualizarObservacoes" computerName="cursor" duration="00:00:00.0306880" startTime="2025-10-23T23:49:33.4218901+00:00" endTime="2025-10-23T23:49:33.4218902+00:00" testType="13cdc9d9-ddb5-4fa4-a97d-d965ccfc6d4b" outcome="Passed" testListId="8c84fa94-04c1-424b-9868-57a2d4851a1d" relativeResultsDirectory="dc5dcffe-bb5d-45f2-8fa6-d21b1e7c4ea3" />
    <UnitTestResult executionId="2187f66d-7e07-44a6-8502-6db857e9e588" testId="4fb2120b-2ca5-8fc7-303f-1c5d07a0b5a6" testName="AgendamentoConsultas.Tests.Application.UseCases.Agendamento.CriarAgendamentoUseCaseTests.ExecutarAsync_ComHorarioOcupado_DeveRetornarFalha" computerName="cursor" duration="00:00:00.0091632" startTime="2025-10-23T23:49:33.5988407+00:00" endTime="2025-10-23T23:49:33.5988410+00:00" testType="13cdc9d9-ddb5-4fa4-a97d-d965ccfc6d4b" outcome="Passed" testListId="8c84fa94-04c1-424b-9868-57a2d4851a1d" relativeResultsDirectory="2187f66d-7e07-44a6-8502-6db857e9e588" />
    <UnitTestResult executionId="811257d0-3f82-4e28-a0a8-51ebca0bd49c" testId="7a5673cf-9454-24be-089b-23740b404584" testName="AgendamentoConsultas.Tests.Domain.Entities.ClienteTests.Criar_ComNomeInvalido_DeveRetornarFalha(nome: null, cpf: &quot;123.456.789-09&quot;, email: &quot;joao@email.com&quot;, telefone: &quot;(11) 98765-4321&quot;)" computerName="cursor" duration="00:00:00.0000319" startTime="2025-10-23T23:49:33.7137029+00:00" endTime="2025-10-23T23:49:33.7137031+00:00" testType="13cdc9d9-ddb5-4fa4-a97d-d965ccfc6d4b" outcome="Passed" testListId="8c84fa94-04c1-424b-9868-57a2d4851a1d" relativeResultsDirectory="811257d0-3f82-4e28-a0a8-51ebca0bd49c" />
    <UnitTestResult executionId="184f1f20-d6bb-44f9-acbf-58d866f27484" testId="0ed6a690-0aea-be3f-eceb-8dbb1b37bfc1" testName="AgendamentoConsultas.Tests.Domain.Entities.AgendamentoTests.Criar_ComMinutosInvalidos_DeveRetornarFalha(minutos: 25)" computerName="cursor" duration="00:00:00.0845502" startTime="2025-10-23T23:49:33.2234119+00:00" endTime="2025-10-23T23:49:33.2234122+00:00" testType="13cdc9d9-ddb5-4fa4-a97d-d965ccfc6d4b" outcome="Passed" testListId="8c84fa94-04c1-424b-9868-57a2d4851a1d" relativeResultsDirectory="184f1f20-d6bb-44f9-acbf-58d866f27484" />
    <UnitTestResult executionId="25d8de79-07a1-437b-835e-658ff8f6c895" testId="e024f674-b48b-ec2b-c5b8-2c969b1bee26" testName="AgendamentoConsultas.Tests.Application.Validators.ReagendarDtoValidatorTests.Validate_NoFinalDeSemana_DeveSerInvalido" computerName="cursor" duration="00:00:00.0590400" startTime="2025-10-23T23:49:33.4215265+00:00" endTime="2025-10-23T23:49:33.4215266+00:00" testType="13cdc9d9-ddb5-4fa4-a97d-d965ccfc6d4b" outcome="Passed" testListId="8c84fa94-04c1-424b-9868-57a2d4851a1d" relativeResultsDirectory="25d8de79-07a1-437b-835e-658ff8f6c895" />
    <UnitTestResult executionId="b413e4c3-727f-4b38-b899-96628c4f2b71" testId="b6e7a9c9-1492-fc74-990d-309210abd646" testName="AgendamentoConsultas.Tests.Infrastructure.Repositories.AgendamentoRepositoryTests.RemoverAsync_ComAgendamentoExistente_DeveRemoverERetornarTrue" computerName="cursor" duration="00:00:00.0051186" startTime="2025-10-23T23:49:33.4273174+00:00" endTime="2025-10-23T23:49:33.4273176+00:00" testType="13cdc9d9-ddb5-4fa4-a97d-d965ccfc6d4b" outcome="Passed" testListId="8c84fa94-04c1-424b-9868-57a2d4851a1d" relativeResultsDirectory="b413e4c3-727f-4b38-b899-96628c4f2b71" />
    <UnitTestResult executionId="414728cc-c83d-46a6-b620-595c7438696b" testId="781da2c5-53cd-1681-63a5-df1b55148912" testName="AgendamentoConsultas.Tests.Application.UseCases.Agendamento.PesquisarAgendamentosUseCaseTests.ExecutarAsync_ComPeriodoInvalido_DeveFalhar" computerName="cursor" duration="00:00:00.0060781" startTime="2025-10-23T23:49:33.5858836+00:00" endTime="2025-10-23T23:49:33.5858839+00:00" testType="13cdc9d9-ddb5-4fa4-a97d-d965ccfc6d4b" outcome="Passed" testListId="8c84fa94-04c1-424b-9868-57a2d4851a1d" relativeResultsDirectory="414728cc-c83d-46a6-b620-595c7438696b" />
    <UnitTestResult executionId="98a8a7be-509c-4f2d-89e8-c63943fbc4f9" testId="f883ce11-d4d8-ab43-379b-fc25d91db683" testName="AgendamentoConsultas.Tests.Infrastructure.Repositories.AgendamentoRepositoryTests.ObterPorDataAsync_DeveRetornarAgendamentosDaData" computerName="cursor" duration="00:00:00.0088267" startTime="2025-10-23T23:49:33.4272158+00:00" endTime="2025-10-23T23:49:33.4272159+00:00" testType="13cdc9d9-ddb5-4fa4-a97d-d965ccfc6d4b" outcome="Passed" testListId="8c84fa94-04c1-424b-9868-57a2d4851a1d" relativeResultsDirectory="98a8a7be-509c-4f2d-89e8-c63943fbc4f9" />
    <UnitTestResult executionId="bb0d6c07-d5ac-4de8-95ac-ced8afdbb5ba" testId="59036c60-90be-33de-2f5f-58c90684af15" testName="AgendamentoConsultas.Tests.Domain.Entities.AgendamentoTests.Criar_ComMinutosInvalidos_DeveRetornarFalha(minutos: 15)" computerName="cursor" duration="00:00:00.0000223" startTime="2025-10-23T23:49:33.2239137+00:00" endTime="2025-10-23T23:49:33.2239138+00:00" testType="13cdc9d9-ddb5-4fa4-a97d-d965ccfc6d4b" outcome="Passed" testListId="8c84fa94-04c1-424b-9868-57a2d4851a1d" relativeResultsDirectory="bb0d6c07-d5ac-4de8-95ac-ced8afdbb5ba" />
    <UnitTestResult executionId="7c73bd41-845a-4e19-a1d8-d101ae3d6c98" testId="5f82731c-3a6e-bcf7-dadd-9afe86373493" testName="AgendamentoConsultas.Tests.Domain.Entities.ClienteTests.Criar_ComCpfInvalido_DeveRetornarFalha(cpf: &quot;&quot;)" computerName="cursor" duration="00:00:00.0006035" startTime="2025-10-23T23:49:33.6829039+00:00" endTime="2025-10-23T23:49:33.6829040+00:00" testType="13cdc9d9-ddb5-4fa4-a97d-d965ccfc6d4b" outcome="Passed" testListId="8c84fa94-04c1-424b-9868-57a2d4851a1d" relativeResultsDirectory="7c73bd41-845a-4e19-a1d8-d101ae3d6c98" />
    <UnitTestResult executionId="57176935-c704-4ed5-ab61-2630ed4dc8d1" testId="95e63b08-f4e9-d3b0-d52e-f4b94e3d73e8" testName="AgendamentoConsultas.Tests.Application.UseCases.Cliente.AtualizarClienteUseCaseTests.ExecutarAsync_ComClienteInexistente_DeveRetornarFalha" computerName="cursor" duration="00:00:00.0335456" startTime="2025-10-23T23:49:33.6298307+00:00" endTime="2025-10-23T23:49:33.6298309+00:00" testType="13cdc9d9-ddb5-4fa4-a97d-d965ccfc6d4b" outcome="Passed" testListId="8c84fa94-04c1-424b-9868-57a2d4851a1d" relativeResultsDirectory="57176935-c704-4ed5-ab61-2630ed4dc8d1" />
    <UnitTestResult executionId="ee017910-fef7-4e16-bf00-5d24cfc13092" testId="a76b90b6-8f73-4727-dcef-eebfb25a463b" testName="AgendamentoConsultas.Tests.Application.UseCases.Agendamento.ObterHorariosDisponiveisUseCaseTests.ExecutarAsync_ComDataValida_DeveRetornarHorariosDisponiveis" computerName="cursor" duration="00:00:00.0219688" startTime="2025-10-23T23:49:33.6006857+00:00" endTime="2025-10-23T23:49:33.6006859+00:00" testType="13cdc9d9-ddb5-4fa4-a97d-d965ccfc6d4b" outcome="Passed" testListId="8c84fa94-04c1-424b-9868-57a2d4851a1d" relativeResultsDirectory="ee017910-fef7-4e16-bf00-5d24cfc13092" />
    <UnitTestResult executionId="0181b31c-60d4-4ce1-bffd-541a52847c87" testId="8fa19cb4-cc02-b473-a500-08c61868bcef" testName="AgendamentoConsultas.Tests.Domain.Entities.ClienteTests.Atualizar_ComDataNascimentoFutura_DeveRetornarFalha" computerName="cursor" duration="00:00:00.0002415" startTime="2025-10-23T23:49:33.6920630+00:00" endTime="2025-10-23T23:49:33.6920630+00:00" testType="13cdc9d9-ddb5-4fa4-a97d-d965ccfc6d4b" outcome="Passed" testListId="8c84fa94-04c1-424b-9868-57a2d4851a1d" relativeResultsDirectory="0181b31c-60d4-4ce1-bffd-541a52847c87" />
    <UnitTestResult executionId="e3219db5-312e-402d-94a6-839297bc2b20" testId="0e542a05-48b1-b318-b6ce-6652580087c8" testName="AgendamentoConsultas.Tests.Infrastructure.Repositories.AgendamentoRepositoryTests.ObterTodosAsync_DeveRetornarTodosAgendamentos" computerName="cursor" duration="00:00:00.0056532" startTime="2025-10-23T23:49:33.4274349+00:00" endTime="2025-10-23T23:49:33.4274350+00:00" testType="13cdc9d9-ddb5-4fa4-a97d-d965ccfc6d4b" outcome="Passed" testListId="8c84fa94-04c1-424b-9868-57a2d4851a1d" relativeResultsDirectory="e3219db5-312e-402d-94a6-839297bc2b20" />
    <UnitTestResult executionId="e6147ee7-046e-40b9-b591-f4264dfb93ae" testId="97a52a8b-0422-53e6-41d3-c75e8a5c3519" testName="AgendamentoConsultas.Tests.Infrastructure.Repositories.ClienteRepositoryTests.AtualizarAsync_ComClienteExistente_DeveAtualizarERetornarTrue" computerName="cursor" duration="00:00:00.0059534" startTime="2025-10-23T23:49:33.6160565+00:00" endTime="2025-10-23T23:49:33.6160567+00:00" testType="13cdc9d9-ddb5-4fa4-a97d-d965ccfc6d4b" outcome="Passed" testListId="8c84fa94-04c1-424b-9868-57a2d4851a1d" relativeResultsDirectory="e6147ee7-046e-40b9-b591-f4264dfb93ae" />
    <UnitTestResult executionId="a0e01df9-bbe6-4ac9-ab3a-f863a3fcb370" testId="129c0b69-bf97-706d-c506-055f56bf231a" testName="AgendamentoConsultas.Tests.Application.Validators.CriarClienteDtoValidatorTests.Validate_ComEmailInvalido_DeveSerInvalido(email: &quot;email-invalido&quot;)" computerName="cursor" duration="00:00:00.0017505" startTime="2025-10-23T23:49:33.7128936+00:00" endTime="2025-10-23T23:49:33.7128937+00:00" testType="13cdc9d9-ddb5-4fa4-a97d-d965ccfc6d4b" outcome="Passed" testListId="8c84fa94-04c1-424b-9868-57a2d4851a1d" relativeResultsDirectory="a0e01df9-bbe6-4ac9-ab3a-f863a3fcb370" />
    <UnitTestResult executionId="aa245f47-08b3-4774-b14b-857a3b432513" testId="e734156c-d846-ce01-3468-7a436b275a09" testName="AgendamentoConsultas.Tests.Infrastructure.Repositories.ClienteRepositoryTests.ObterPorIdAsync_ComIdInexistente_DeveRetornarNull" computerName="cursor" duration="00:00:00.0006803" startTime="2025-10-23T23:49:33.6409447+00:00" endTime="2025-10-23T23:49:33.6409449+00:00" testType="13cdc9d9-ddb5-4fa4-a97d-d965ccfc6d4b" outcome="Passed" testListId="8c84fa94-04c1-424b-9868-57a2d4851a1d" relativeResultsDirectory="aa245f47-08b3-4774-b14b-857a3b432513" />
    <UnitTestResult executionId="a604ca43-52c6-4987-9301-7619ab807283" testId="daf47299-ea02-f29b-3137-f1b93fad85f8" testName="AgendamentoConsultas.Tests.Infrastructure.Repositories.ClienteRepositoryTests.RemoverAsync_ComClienteExistente_DeveRemoverERetornarTrue" computerName="cursor" duration="00:00:00.0009917" startTime="2025-10-23T23:49:33.6599826+00:00" endTime="2025-10-23T23:49:33.6599827+00:00" testType="13cdc9d9-ddb5-4fa4-a97d-d965ccfc6d4b" outcome="Passed" testListId="8c84fa94-04c1-424b-9868-57a2d4851a1d" relativeResultsDirectory="a604ca43-52c6-4987-9301-7619ab807283" />
    <UnitTestResult executionId="d6d8ed4a-9682-494f-a4f5-0843008cdfe9" testId="5df0abe1-f53f-8a8d-c2bd-942801db4d02" testName="AgendamentoConsultas.Tests.Infrastructure.Repositories.ClienteRepositoryTests.ObterPorIdAsync_ComIdExistente_DeveRetornarCliente" computerName="cursor" duration="00:00:00.0070009" startTime="2025-10-23T23:49:33.6610035+00:00" endTime="2025-10-23T23:49:33.6610036+00:00" testType="13cdc9d9-ddb5-4fa4-a97d-d965ccfc6d4b" outcome="Passed" testListId="8c84fa94-04c1-424b-9868-57a2d4851a1d" relativeResultsDirectory="d6d8ed4a-9682-494f-a4f5-0843008cdfe9" />
    <UnitTestResult executionId="d2076d67-5e31-407a-ab82-f051d8db6ef6" testId="6a541c6c-76a6-f934-9aa8-59fa358dbeab" testName="AgendamentoConsultas.Tests.Domain.Entities.ClienteTests.Criar_ComCpfInvalido_DeveRetornarFalha(cpf: &quot;123&quot;)" computerName="cursor" duration="00:00:00.0063427" startTime="2025-10-23T23:49:33.6828385+00:00" endTime="2025-10-23T23:49:33.6828388+00:00" testType="13cdc9d9-ddb5-4fa4-a97d-d965ccfc6d4b" outcome="Passed" testListId="8c84fa94-04c1-424b-9868-57a2d4851a1d" relativeResultsDirectory="d2076d67-5e31-407a-ab82-f051d8db6ef6" />
    <UnitTestResult executionId="99f4280a-05a3-4ab4-ae7c-e3662138a815" testId="ac9ed110-da8c-669d-2be8-98d2acb39b8e" testName="AgendamentoConsultas.Tests.Domain.Entities.AgendamentoTests.Criar_NoSabado_DeveRetornarFalha" computerName="cursor" duration="00:00:00.0003880" startTime="2025-10-23T23:49:33.4226464+00:00" endTime="2025-10-23T23:49:33.4226466+00:00" testType="13cdc9d9-ddb5-4fa4-a97d-d965ccfc6d4b" outcome="Passed" testListId="8c84fa94-04c1-424b-9868-57a2d4851a1d" relativeResultsDirectory="99f4280a-05a3-4ab4-ae7c-e3662138a815" />
    <UnitTestResult executionId="81cedebd-2e85-4533-9eb3-a3c6d66c3c3e" testId="ddb78880-ae7e-75c3-b911-07730c5401dc" testName="AgendamentoConsultas.Tests.Application.UseCases.Cliente.CriarClienteUseCaseTests.ExecutarAsync_ComDadosInvalidos_DeveRetornarFalha(nome: &quot;João&quot;, cpf: &quot;123.456.789-09&quot;, email: &quot;joao@email.com&quot;, telefone: &quot;&quot;)" computerName="cursor" duration="00:00:00.0317873" startTime="2025-10-23T23:49:33.5218882+00:00" endTime="2025-10-23T23:49:33.5218884+00:00" testType="13cdc9d9-ddb5-4fa4-a97d-d965ccfc6d4b" outcome="Passed" testListId="8c84fa94-04c1-424b-9868-57a2d4851a1d" relativeResultsDirectory="81cedebd-2e85-4533-9eb3-a3c6d66c3c3e" />
    <UnitTestResult executionId="1dd74868-4c61-44fa-8af8-b63576a02ccf" testId="3347d714-7be2-a5d8-fa29-c7918708596c" testName="AgendamentoConsultas.Tests.Application.UseCases.Agendamento.CriarAgendamentoUseCaseTests.ExecutarAsync_ComClienteInexistente_DeveRetornarFalha" computerName="cursor" duration="00:00:00.2489046" startTime="2025-10-23T23:49:33.5430736+00:00" endTime="2025-10-23T23:49:33.5430737+00:00" testType="13cdc9d9-ddb5-4fa4-a97d-d965ccfc6d4b" outcome="Passed" testListId="8c84fa94-04c1-424b-9868-57a2d4851a1d" relativeResultsDirectory="1dd74868-4c61-44fa-8af8-b63576a02ccf" />
    <UnitTestResult executionId="68d17650-d721-4355-8c13-392d0d1a573a" testId="38526e3d-6cdd-17a6-48a2-03fb9043a2c0" testName="AgendamentoConsultas.Tests.Application.UseCases.Agendamento.ObterAgendamentosPorClienteUseCaseTests.ExecutarAsync_ComClienteInexistente_DeveRetornarFalha" computerName="cursor" duration="00:00:00.0493996" startTime="2025-10-23T23:49:33.7035759+00:00" endTime="2025-10-23T23:49:33.7035760+00:00" testType="13cdc9d9-ddb5-4fa4-a97d-d965ccfc6d4b" outcome="Passed" testListId="8c84fa94-04c1-424b-9868-57a2d4851a1d" relativeResultsDirectory="68d17650-d721-4355-8c13-392d0d1a573a" />
    <UnitTestResult executionId="b864e8d9-3c24-48b8-812a-aaa0f931cc2a" testId="6e31292d-e1b1-3f6f-f298-de01c71b187e" testName="AgendamentoConsultas.Tests.Application.UseCases.Cliente.CriarClienteUseCaseTests.ExecutarAsync_ComCpfJaExistente_DeveRetornarFalha" computerName="cursor" duration="00:00:00.0059004" startTime="2025-10-23T23:49:33.5711024+00:00" endTime="2025-10-23T23:49:33.5711026+00:00" testType="13cdc9d9-ddb5-4fa4-a97d-d965ccfc6d4b" outcome="Passed" testListId="8c84fa94-04c1-424b-9868-57a2d4851a1d" relativeResultsDirectory="b864e8d9-3c24-48b8-812a-aaa0f931cc2a" />
    <UnitTestResult executionId="ac15cea4-207f-4d10-891a-36589999cc64" testId="561a4dab-e16f-09b5-d475-5dff1d173f3d" testName="AgendamentoConsultas.Tests.Domain.Entities.AgendamentoTests.Criar_ComHorarioForaDoAtendimento_DeveRetornarFalha(hora: 18)" computerName="cursor" duration="00:00:00.0000102" startTime="2025-10-23T23:49:33.4021433+00:00" endTime="2025-10-23T23:49:33.4021435+00:00" testType="13cdc9d9-ddb5-4fa4-a97d-d965ccfc6d4b" outcome="Passed" testListId="8c84fa94-04c1-424b-9868-57a2d4851a1d" relativeResultsDirectory="ac15cea4-207f-4d10-891a-36589999cc64" />
    <UnitTestResult executionId="c740a14f-69c2-4fe6-a996-b1745b870c56" testId="3e97dcb6-6e17-d870-3a4f-edbcfd77e601" testName="AgendamentoConsultas.Tests.Domain.Entities.ClienteTests.Criar_ComNomeInvalido_DeveRetornarFalha(nome: &quot;&quot;, cpf: &quot;123.456.789-09&quot;, email: &quot;joao@email.com&quot;, telefone: &quot;(11) 98765-4321&quot;)" computerName="cursor" duration="00:00:00.0126710" startTime="2025-10-23T23:49:33.7128085+00:00" endTime="2025-10-23T23:49:33.7128087+00:00" testType="13cdc9d9-ddb5-4fa4-a97d-d965ccfc6d4b" outcome="Passed" testListId="8c84fa94-04c1-424b-9868-57a2d4851a1d" relativeResultsDirectory="c740a14f-69c2-4fe6-a996-b1745b870c56" />
    <UnitTestResult executionId="82d9163f-b321-4b99-97ab-4456cfbabd69" testId="9729fc7a-5ae2-0f5c-8e2d-afaae5314ec5" testName="AgendamentoConsultas.Tests.Application.Validators.CriarClienteDtoValidatorTests.Validate_ComCpfInvalido_DeveSerInvalido(cpf: &quot;123&quot;)" computerName="cursor" duration="00:00:00.0008286" startTime="2025-10-23T23:49:33.7279986+00:00" endTime="2025-10-23T23:49:33.7279988+00:00" testType="13cdc9d9-ddb5-4fa4-a97d-d965ccfc6d4b" outcome="Passed" testListId="8c84fa94-04c1-424b-9868-57a2d4851a1d" relativeResultsDirectory="82d9163f-b321-4b99-97ab-4456cfbabd69" />
    <UnitTestResult executionId="78807c75-2ebf-459b-8d55-4d365edbe043" testId="83d18af3-341d-46a1-7033-fbe489c60779" testName="AgendamentoConsultas.Tests.Infrastructure.Repositories.ClienteRepositoryTests.ObterPorCpfAsync_ComCpfExistente_DeveRetornarCliente" computerName="cursor" duration="00:00:00.0009213" startTime="2025-10-23T23:49:33.6610439+00:00" endTime="2025-10-23T23:49:33.6610440+00:00" testType="13cdc9d9-ddb5-4fa4-a97d-d965ccfc6d4b" outcome="Passed" testListId="8c84fa94-04c1-424b-9868-57a2d4851a1d" relativeResultsDirectory="78807c75-2ebf-459b-8d55-4d365edbe043" />
    <UnitTestResult executionId="cb48f3dc-c4eb-414d-bbfe-aa1e03642ec3" testId="b3c9f61b-5472-57f5-c99f-49008fa3b70b" testName="AgendamentoConsultas.Tests.Domain.Entities.ClienteTests.Criar_ComTelefoneInvalido_DeveRetornarFalha(telefone: &quot;&quot;)" computerName="cursor" duration="00:00:00.0005349" startTime="2025-10-23T23:49:33.6719679+00:00" endTime="2025-10-23T23:49:33.6719682+00:00" testType="13cdc9d9-ddb5-4fa4-a97d-d965ccfc6d4b" outcome="Passed" testListId="8c84fa94-04c1-424b-9868-57a2d4851a1d" relativeResultsDirectory="cb48f3dc-c4eb-414d-bbfe-aa1e03642ec3" />
    <UnitTestResult executionId="e229c0d2-c15b-4bcc-b113-87dca5bc6316" testId="66fb749e-32da-35e9-83cc-81884eb9d0bd" testName="AgendamentoConsultas.Tests.Application.UseCases.Agendamento.PesquisarAgendamentosUseCaseTests.ExecutarAsync_ComStatusInvalido_DeveFalhar" computerName="cursor" duration="00:00:00.3140217" startTime="2025-10-23T23:49:33.4281194+00:00" endTime="2025-10-23T23:49:33.4281196+00:00" testType="13cdc9d9-ddb5-4fa4-a97d-d965ccfc6d4b" outcome="Passed" testListId="8c84fa94-04c1-424b-9868-57a2d4851a1d" relativeResultsDirectory="e229c0d2-c15b-4bcc-b113-87dca5bc6316" />
    <UnitTestResult executionId="1ab5df29-7e3a-4887-9dd4-557de209c8ba" testId="c4b79b17-881f-de75-cca7-8a23e60493b3" testName="AgendamentoConsultas.Tests.Application.UseCases.Cliente.CriarClienteUseCaseTests.ExecutarAsync_ComDadosValidos_DeveCriarCliente" computerName="cursor" duration="00:00:00.0212391" startTime="2025-10-23T23:49:33.5648437+00:00" endTime="2025-10-23T23:49:33.5648439+00:00" testType="13cdc9d9-ddb5-4fa4-a97d-d965ccfc6d4b" outcome="Passed" testListId="8c84fa94-04c1-424b-9868-57a2d4851a1d" relativeResultsDirectory="1ab5df29-7e3a-4887-9dd4-557de209c8ba" />
    <UnitTestResult executionId="c0fa8320-21c1-4224-8d4d-6e79ac7b44c4" testId="d9abbeb9-9b79-c5df-4f71-5d3f1096e51d" testName="AgendamentoConsultas.Tests.Application.UseCases.Cliente.ObterClientePorCpfUseCaseTests.ExecutarAsync_ComCpfInexistente_DeveRetornarFalha" computerName="cursor" duration="00:00:00.4022263" startTime="2025-10-23T23:49:33.5219965+00:00" endTime="2025-10-23T23:49:33.5219967+00:00" testType="13cdc9d9-ddb5-4fa4-a97d-d965ccfc6d4b" outcome="Passed" testListId="8c84fa94-04c1-424b-9868-57a2d4851a1d" relativeResultsDirectory="c0fa8320-21c1-4224-8d4d-6e79ac7b44c4" />
    <UnitTestResult executionId="d2e85981-c47c-434c-ba35-f7d2a3cb7b06" testId="de07570e-a846-17bc-ca1b-e0537213f6af" testName="AgendamentoConsultas.Tests.Infrastructure.Repositories.AgendamentoRepositoryTests.ObterPorIdAsync_ComIdExistente_DeveRetornarAgendamento" computerName="cursor" duration="00:00:00.0011371" startTime="2025-10-23T23:49:33.4272540+00:00" endTime="2025-10-23T23:49:33.4272541+00:00" testType="13cdc9d9-ddb5-4fa4-a97d-d965ccfc6d4b" outcome="Passed" testListId="8c84fa94-04c1-424b-9868-57a2d4851a1d" relativeResultsDirectory="d2e85981-c47c-434c-ba35-f7d2a3cb7b06" />
    <UnitTestResult executionId="afb0fb38-fb90-4a0e-b77c-7d235b27933e" testId="f2042e62-8a13-9b06-eef0-0cfcc84055d8" testName="AgendamentoConsultas.Tests.Application.UseCases.Agendamento.PesquisarAgendamentosUseCaseTests.ExecutarAsync_ComClienteInexistente_DeveFalhar" computerName="cursor" duration="00:00:00.0942456" startTime="2025-10-23T23:49:33.5219345+00:00" endTime="2025-10-23T23:49:33.5219346+00:00" testType="13cdc9d9-ddb5-4fa4-a97d-d965ccfc6d4b" outcome="Passed" testListId="8c84fa94-04c1-424b-9868-57a2d4851a1d" relativeResultsDirectory="afb0fb38-fb90-4a0e-b77c-7d235b27933e" />
    <UnitTestResult executionId="d1edc94b-1ac8-4a2b-9f80-f8b614a88b75" testId="7a8b9c09-8863-a4e0-6e51-01c19af155d5" testName="AgendamentoConsultas.Tests.Application.Validators.CriarClienteDtoValidatorTests.Validate_ComDadosValidos_DeveSerValido" computerName="cursor" duration="00:00:00.0008655" startTime="2025-10-23T23:49:33.7300943+00:00" endTime="2025-10-23T23:49:33.7300945+00:00" testType="13cdc9d9-ddb5-4fa4-a97d-d965ccfc6d4b" outcome="Passed" testListId="8c84fa94-04c1-424b-9868-57a2d4851a1d" relativeResultsDirectory="d1edc94b-1ac8-4a2b-9f80-f8b614a88b75" />
    <UnitTestResult executionId="4793da94-0178-4e68-93b5-15425bfb374d" testId="88ebe9d7-b447-90af-7b49-bc333091330e" testName="AgendamentoConsultas.Tests.Application.Validators.ReagendarDtoValidatorTests.Validate_ComMinutosInvalidos_DeveSerInvalido(minutos: 45)" computerName="cursor" duration="00:00:00.0007710" startTime="2025-10-23T23:49:33.4217784+00:00" endTime="2025-10-23T23:49:33.4217785+00:00" testType="13cdc9d9-ddb5-4fa4-a97d-d965ccfc6d4b" outcome="Passed" testListId="8c84fa94-04c1-424b-9868-57a2d4851a1d" relativeResultsDirectory="4793da94-0178-4e68-93b5-15425bfb374d" />
    <UnitTestResult executionId="90290cd7-39b0-4979-a637-e84a030cc21b" testId="c273cc9c-76db-8e30-4388-11238e96320f" testName="AgendamentoConsultas.Tests.Domain.Entities.ClienteTests.Criar_ComEmailInvalido_DeveRetornarFalha(email: null)" computerName="cursor" duration="00:00:00.0001941" startTime="2025-10-23T23:49:33.6919941+00:00" endTime="2025-10-23T23:49:33.6919942+00:00" testType="13cdc9d9-ddb5-4fa4-a97d-d965ccfc6d4b" outcome="Passed" testListId="8c84fa94-04c1-424b-9868-57a2d4851a1d" relativeResultsDirectory="90290cd7-39b0-4979-a637-e84a030cc21b" />
    <UnitTestResult executionId="0d7e5302-e9d5-44b0-a672-2d77970445fd" testId="324a31c7-f906-a3a9-6b51-79c7d9d61f3c" testName="AgendamentoConsultas.Tests.Application.Validators.CriarClienteDtoValidatorTests.Validate_ComCpfInvalido_DeveSerInvalido(cpf: &quot;&quot;)" computerName="cursor" duration="00:00:00.0005314" startTime="2025-10-23T23:49:33.7284287+00:00" endTime="2025-10-23T23:49:33.7284288+00:00" testType="13cdc9d9-ddb5-4fa4-a97d-d965ccfc6d4b" outcome="Passed" testListId="8c84fa94-04c1-424b-9868-57a2d4851a1d" relativeResultsDirectory="0d7e5302-e9d5-44b0-a672-2d77970445fd" />
    <UnitTestResult executionId="52efd39e-6076-48b9-b91a-c903acc991be" testId="3d26a18d-7772-1e76-5f4c-9bff2109c53e" testName="AgendamentoConsultas.Tests.Domain.Entities.AgendamentoTests.Concluir_AgendamentoJaConcluido_DeveRetornarFalha" computerName="cursor" duration="00:00:00.0002083" startTime="2025-10-23T23:49:33.4214587+00:00" endTime="2025-10-23T23:49:33.4214590+00:00" testType="13cdc9d9-ddb5-4fa4-a97d-d965ccfc6d4b" outcome="Passed" testListId="8c84fa94-04c1-424b-9868-57a2d4851a1d" relativeResultsDirectory="52efd39e-6076-48b9-b91a-c903acc991be" />
    <UnitTestResult executionId="a3eba1ba-60af-4f7f-a9c8-eb89237ab0f2" testId="5bffdb9c-ef19-bf2a-f60d-6b2d82048fbd" testName="AgendamentoConsultas.Tests.Application.UseCases.Cliente.AtualizarClienteUseCaseTests.ExecutarAsync_ComDadosInvalidos_DeveRetornarFalha(nome: &quot;João&quot;, email: &quot;joao@email.com&quot;, telefone: &quot;&quot;)" computerName="cursor" duration="00:00:00.0002779" startTime="2025-10-23T23:49:33.6609611+00:00" endTime="2025-10-23T23:49:33.6609612+00:00" testType="13cdc9d9-ddb5-4fa4-a97d-d965ccfc6d4b" outcome="Passed" testListId="8c84fa94-04c1-424b-9868-57a2d4851a1d" relativeResultsDirectory="a3eba1ba-60af-4f7f-a9c8-eb89237ab0f2" />
    <UnitTestResult executionId="0fa4cb34-3bec-4846-beba-30a499b4e925" testId="f1e2923f-6242-e9a5-d3e1-5102718483f2" testName="AgendamentoConsultas.Tests.Domain.Entities.AgendamentoTests.Criar_ComHorarioForaDoAtendimento_DeveRetornarFalha(hora: 7)" computerName="cursor" duration="00:00:00.0002990" startTime="2025-10-23T23:49:33.4020381+00:00" endTime="2025-10-23T23:49:33.4020382+00:00" testType="13cdc9d9-ddb5-4fa4-a97d-d965ccfc6d4b" outcome="Passed" testListId="8c84fa94-04c1-424b-9868-57a2d4851a1d" relativeResultsDirectory="0fa4cb34-3bec-4846-beba-30a499b4e925" />
    <UnitTestResult executionId="771a4c34-a799-4bfd-ab84-bed32901f548" testId="fade67fe-4366-7470-b4cd-53cd7f515632" testName="AgendamentoConsultas.Tests.Domain.Entities.AgendamentoTests.Criar_ComMinutosInvalidos_DeveRetornarFalha(minutos: 45)" computerName="cursor" duration="00:00:00.0000532" startTime="2025-10-23T23:49:33.2239479+00:00" endTime="2025-10-23T23:49:33.2239480+00:00" testType="13cdc9d9-ddb5-4fa4-a97d-d965ccfc6d4b" outcome="Passed" testListId="8c84fa94-04c1-424b-9868-57a2d4851a1d" relativeResultsDirectory="771a4c34-a799-4bfd-ab84-bed32901f548" />
    <UnitTestResult executionId="0076a7da-31c5-478f-9659-8f865d5f2927" testId="11962712-ee98-e364-47a5-5d85d34ead1b" testName="AgendamentoConsultas.Tests.Application.Validators.CriarClienteDtoValidatorTests.Validate_ComNomeInvalido_DeveSerInvalido(nome: &quot;  &quot;)" computerName="cursor" duration="00:00:00.0005530" startTime="2025-10-23T23:49:33.7278987+00:00" endTime="2025-10-23T23:49:33.7278988+00:00" testType="13cdc9d9-ddb5-4fa4-a97d-d965ccfc6d4b" outcome="Passed" testListId="8c84fa94-04c1-424b-9868-57a2d4851a1d" relativeResultsDirectory="0076a7da-31c5-478f-9659-8f865d5f2927" />
    <UnitTestResult executionId="798a0e4d-ef09-4fee-922e-ded70f511f69" testId="fdd59a30-692f-b0b9-5ac4-a9326f0ea292" testName="AgendamentoConsultas.Tests.Domain.Entities.AgendamentoTests.Criar_ComHorarioForaDoAtendimento_DeveRetornarFalha(hora: 19)" computerName="cursor" duration="00:00:00.0000341" startTime="2025-10-23T23:49:33.4020962+00:00" endTime="2025-10-23T23:49:33.4020963+00:00" testType="13cdc9d9-ddb5-4fa4-a97d-d965ccfc6d4b" outcome="Passed" testListId="8c84fa94-04c1-424b-9868-57a2d4851a1d" relativeResultsDirectory="798a0e4d-ef09-4fee-922e-ded70f511f69" />
    <UnitTestResult executionId="39ea3f65-3c3c-44a7-a2f0-cb87b9ffb40e" testId="d761e322-6dba-0561-8ac5-710196f657c6" testName="AgendamentoConsultas.Tests.Infrastructure.Repositories.AgendamentoRepositoryTests.AtualizarAsync_ComAgendamentoInexistente_DeveRetornarFalse" computerName="cursor" duration="00:00:00.0114134" startTime="2025-10-23T23:49:33.4260774+00:00" endTime="2025-10-23T23:49:33.4260775+00:00" testType="13cdc9d9-ddb5-4fa4-a97d-d965ccfc6d4b" outcome="Passed" testListId="8c84fa94-04c1-424b-9868-57a2d4851a1d" relativeResultsDirectory="39ea3f65-3c3c-44a7-a2f0-cb87b9ffb40e" />
    <UnitTestResult executionId="00927542-a5d1-442f-9bec-8d6d46b61479" testId="e8460c8c-9215-75af-ce43-e5712b44871c" testName="AgendamentoConsultas.Tests.Infrastructure.Repositories.ClienteRepositoryTests.RemoverAsync_ComClienteInexistente_DeveRetornarFalse" computerName="cursor" duration="00:00:00.0146531" startTime="2025-10-23T23:49:33.6318753+00:00" endTime="2025-10-23T23:49:33.6318754+00:00" testType="13cdc9d9-ddb5-4fa4-a97d-d965ccfc6d4b" outcome="Passed" testListId="8c84fa94-04c1-424b-9868-57a2d4851a1d" relativeResultsDirectory="00927542-a5d1-442f-9bec-8d6d46b61479" />
    <UnitTestResult executionId="51c2992f-5020-45b0-9b7d-4f2f8f3ae29f" testId="44ea77a7-6309-9711-f501-0490df6c501f" testName="AgendamentoConsultas.Tests.Application.UseCases.Agendamento.ObterAgendamentosPorClienteUseCaseTests.ExecutarAsync_ComClienteExistente_DeveRetornarAgendamentos" computerName="cursor" duration="00:00:00.0090012" startTime="2025-10-23T23:49:33.7129264+00:00" endTime="2025-10-23T23:49:33.7129265+00:00" testType="13cdc9d9-ddb5-4fa4-a97d-d965ccfc6d4b" outcome="Passed" testListId="8c84fa94-04c1-424b-9868-57a2d4851a1d" relativeResultsDirectory="51c2992f-5020-45b0-9b7d-4f2f8f3ae29f" />
    <UnitTestResult executionId="c0e23fc3-a9b1-4cdc-82ee-ced8402157b1" testId="5f1ea565-33b7-ba91-1df3-4b222305e8d6" testName="AgendamentoConsultas.Tests.Application.Validators.CriarClienteDtoValidatorTests.Validate_ComDataNascimentoFutura_DeveSerInvalido" computerName="cursor" duration="00:00:00.0058601" startTime="2025-10-23T23:49:33.7378357+00:00" endTime="2025-10-23T23:49:33.7378360+00:00" testType="13cdc9d9-ddb5-4fa4-a97d-d965ccfc6d4b" outcome="Passed" testListId="8c84fa94-04c1-424b-9868-57a2d4851a1d" relativeResultsDirectory="c0e23fc3-a9b1-4cdc-82ee-ced8402157b1" />
    <UnitTestResult executionId="bbd50b8a-0d81-4780-a136-9b407cde1a37" testId="700eb145-98ff-ba41-fc05-f142470dcc43" testName="AgendamentoConsultas.Tests.Application.UseCases.Cliente.CriarClienteUseCaseTests.ExecutarAsync_ComDadosInvalidos_DeveRetornarFalha(nome: &quot;&quot;, cpf: &quot;123.456.789-09&quot;, email: &quot;joao@email.com&quot;, telefone: &quot;(11) 98765-4321&quot;)" computerName="cursor" duration="00:00:00.0008512" startTime="2025-10-23T23:49:33.5231807+00:00" endTime="2025-10-23T23:49:33.5231811+00:00" testType="13cdc9d9-ddb5-4fa4-a97d-d965ccfc6d4b" outcome="Passed" testListId="8c84fa94-04c1-424b-9868-57a2d4851a1d" relativeResultsDirectory="bbd50b8a-0d81-4780-a136-9b407cde1a37" />
    <UnitTestResult executionId="68f37642-9ae8-45a8-b89c-f6fe83b4b40d" testId="a1ae39ca-870a-9dd3-7376-484000b1c214" testName="AgendamentoConsultas.Tests.Application.Validators.CriarClienteDtoValidatorTests.Validate_ComNomeInvalido_DeveSerInvalido(nome: &quot;Jo&quot;)" computerName="cursor" duration="00:00:00.0014670" startTime="2025-10-23T23:49:33.7187901+00:00" endTime="2025-10-23T23:49:33.7187903+00:00" testType="13cdc9d9-ddb5-4fa4-a97d-d965ccfc6d4b" outcome="Passed" testListId="8c84fa94-04c1-424b-9868-57a2d4851a1d" relativeResultsDirectory="68f37642-9ae8-45a8-b89c-f6fe83b4b40d" />
    <UnitTestResult executionId="ab4cfa8e-6b23-43bd-82a5-836f96098a83" testId="2881279b-d829-ad49-6694-cf192c89c3de" testName="AgendamentoConsultas.Tests.Application.Validators.ReagendarDtoValidatorTests.Validate_ComDataHoraPassada_DeveSerInvalido" computerName="cursor" duration="00:00:00.0015657" startTime="2025-10-23T23:49:33.4216547+00:00" endTime="2025-10-23T23:49:33.4216548+00:00" testType="13cdc9d9-ddb5-4fa4-a97d-d965ccfc6d4b" outcome="Passed" testListId="8c84fa94-04c1-424b-9868-57a2d4851a1d" relativeResultsDirectory="ab4cfa8e-6b23-43bd-82a5-836f96098a83" />
    <UnitTestResult executionId="48972279-b00e-4e20-8b6c-12019987cae8" testId="3ac62243-077a-2fa0-1563-79d05f51bb46" testName="AgendamentoConsultas.Tests.Infrastructure.Repositories.AgendamentoRepositoryTests.RemoverAsync_ComAgendamentoInexistente_DeveRetornarFalse" computerName="cursor" duration="00:00:00.0010380" startTime="2025-10-23T23:49:33.4261164+00:00" endTime="2025-10-23T23:49:33.4261165+00:00" testType="13cdc9d9-ddb5-4fa4-a97d-d965ccfc6d4b" outcome="Passed" testListId="8c84fa94-04c1-424b-9868-57a2d4851a1d" relativeResultsDirectory="48972279-b00e-4e20-8b6c-12019987cae8" />
    <UnitTestResult executionId="b84c269b-85eb-4c5f-9402-554f70cc6fbe" testId="9588150d-319e-c4e6-e745-c7759671fab2" testName="AgendamentoConsultas.Tests.Application.UseCases.Agendamento.ObterHorariosDisponiveisUseCaseTests.ExecutarAsync_NoSabado_DeveRetornarListaVazia" computerName="cursor" duration="00:00:00.0379027" startTime="2025-10-23T23:49:33.5793729+00:00" endTime="2025-10-23T23:49:33.5793732+00:00" testType="13cdc9d9-ddb5-4fa4-a97d-d965ccfc6d4b" outcome="Passed" testListId="8c84fa94-04c1-424b-9868-57a2d4851a1d" relativeResultsDirectory="b84c269b-85eb-4c5f-9402-554f70cc6fbe" />
    <UnitTestResult executionId="2dbb9a78-1b69-479b-a038-624e9febbad1" testId="f8d1f946-7a5a-7c7e-bac9-52219306e494" testName="AgendamentoConsultas.Tests.Infrastructure.Repositories.AgendamentoRepositoryTests.ObterPorIdAsync_ComIdInexistente_DeveRetornarNull" computerName="cursor" duration="00:00:00.0221424" startTime="2025-10-23T23:49:33.4271343+00:00" endTime="2025-10-23T23:49:33.4271344+00:00" testType="13cdc9d9-ddb5-4fa4-a97d-d965ccfc6d4b" outcome="Passed" testListId="8c84fa94-04c1-424b-9868-57a2d4851a1d" relativeResultsDirectory="2dbb9a78-1b69-479b-a038-624e9febbad1" />
    <UnitTestResult executionId="d2229564-707e-40eb-9b35-ef466c4b22c3" testId="57fd3db6-78ee-10d7-9c8b-0c7836806461" testName="AgendamentoConsultas.Tests.Domain.Entities.ClienteTests.Criar_ComDadosValidos_DeveCriarCliente" computerName="cursor" duration="00:00:00.0003793" startTime="2025-10-23T23:49:33.6921204+00:00" endTime="2025-10-23T23:49:33.6921205+00:00" testType="13cdc9d9-ddb5-4fa4-a97d-d965ccfc6d4b" outcome="Passed" testListId="8c84fa94-04c1-424b-9868-57a2d4851a1d" relativeResultsDirectory="d2229564-707e-40eb-9b35-ef466c4b22c3" />
    <UnitTestResult executionId="eb6387d6-4284-4ab7-86c4-a4136f7fdddb" testId="f06d6d1d-b7dd-c427-fd2a-3b44f3aaf43b" testName="AgendamentoConsultas.Tests.Domain.Entities.ClienteTests.Criar_ComCpfInvalido_DeveRetornarFalha(cpf: &quot;111.111.111-11&quot;)" computerName="cursor" duration="00:00:00.0004712" startTime="2025-10-23T23:49:33.6829343+00:00" endTime="2025-10-23T23:49:33.6829344+00:00" testType="13cdc9d9-ddb5-4fa4-a97d-d965ccfc6d4b" outcome="Passed" testListId="8c84fa94-04c1-424b-9868-57a2d4851a1d" relativeResultsDirectory="eb6387d6-4284-4ab7-86c4-a4136f7fdddb" />
    <UnitTestResult executionId="e76a78ce-d4ba-4e18-9c5d-e9b137558ec4" testId="d4e0159b-a03d-a28e-8cce-967ffd2aa04e" testName="AgendamentoConsultas.Tests.Application.Validators.ReagendarDtoValidatorTests.Validate_ComDataHoraValida_DeveSerValido" computerName="cursor" duration="00:00:00.0828579" startTime="2025-10-23T23:49:33.2072042+00:00" endTime="2025-10-23T23:49:33.2072423+00:00" testType="13cdc9d9-ddb5-4fa4-a97d-d965ccfc6d4b" outcome="Passed" testListId="8c84fa94-04c1-424b-9868-57a2d4851a1d" relativeResultsDirectory="e76a78ce-d4ba-4e18-9c5d-e9b137558ec4" />
    <UnitTestResult executionId="7f1bc039-5ccd-4df8-ada2-056a85c08a15" testId="dc634e14-606f-4645-37a4-82607ddb2012" testName="AgendamentoConsultas.Tests.Application.UseCases.Cliente.AtualizarClienteUseCaseTests.ExecutarAsync_ComDadosValidos_DeveAtualizarCliente" computerName="cursor" duration="00:00:00.0458193" startTime="2025-10-23T23:49:33.6960569+00:00" endTime="2025-10-23T23:49:33.6960571+00:00" testType="13cdc9d9-ddb5-4fa4-a97d-d965ccfc6d4b" outcome="Passed" testListId="8c84fa94-04c1-424b-9868-57a2d4851a1d" relativeResultsDirectory="7f1bc039-5ccd-4df8-ada2-056a85c08a15" />
    <UnitTestResult executionId="44b76892-4bc5-4497-b936-315665cc2387" testId="382c662d-1a16-4e48-29ff-30746aaeb2cb" testName="AgendamentoConsultas.Tests.Domain.Entities.AgendamentoTests.Cancelar_AgendamentoJaCancelado_DeveRetornarFalha" computerName="cursor" duration="00:00:00.0087870" startTime="2025-10-23T23:49:33.4015738+00:00" endTime="2025-10-23T23:49:33.4015741+00:00" testType="13cdc9d9-ddb5-4fa4-a97d-d965ccfc6d4b" outcome="Passed" testListId="8c84fa94-04c1-424b-9868-57a2d4851a1d" relativeResultsDirectory="44b76892-4bc5-4497-b936-315665cc2387" />
    <UnitTestResult executionId="d61608c0-6a80-4ff9-8c42-d5a86e560a8f" testId="a503b325-d86f-14f5-c118-07c17a18b0c2" testName="AgendamentoConsultas.Tests.Domain.Entities.AgendamentoTests.Concluir_AgendamentoCancelado_DeveRetornarFalha" computerName="cursor" duration="00:00:00.0034066" startTime="2025-10-23T23:49:33.4257947+00:00" endTime="2025-10-23T23:49:33.4257949+00:00" testType="13cdc9d9-ddb5-4fa4-a97d-d965ccfc6d4b" outcome="Passed" testListId="8c84fa94-04c1-424b-9868-57a2d4851a1d" relativeResultsDirectory="d61608c0-6a80-4ff9-8c42-d5a86e560a8f" />
    <UnitTestResult executionId="355c0d49-d2fe-476d-9ad6-6cc6971dadbf" testId="52cdf68c-06a1-2b08-e901-b0fd10cb0683" testName="AgendamentoConsultas.Tests.Application.UseCases.Cliente.CriarClienteUseCaseTests.ExecutarAsync_ComDadosInvalidos_DeveRetornarFalha(nome: &quot;João&quot;, cpf: &quot;123&quot;, email: &quot;joao@email.com&quot;, telefone: &quot;(11) 98765-4321&quot;)" computerName="cursor" duration="00:00:00.0003883" startTime="2025-10-23T23:49:33.5240019+00:00" endTime="2025-10-23T23:49:33.5240021+00:00" testType="13cdc9d9-ddb5-4fa4-a97d-d965ccfc6d4b" outcome="Passed" testListId="8c84fa94-04c1-424b-9868-57a2d4851a1d" relativeResultsDirectory="355c0d49-d2fe-476d-9ad6-6cc6971dadbf" />
    <UnitTestResult executionId="d9d64afd-3166-4a8c-b5d0-f0a858c5babf" testId="f3070322-556c-e9fd-94ff-b58a6b48c7a5" testName="AgendamentoConsultas.Tests.Infrastructure.Repositories.ClienteRepositoryTests.AdicionarAsync_DeveAdicionarCliente" computerName="cursor" duration="00:00:00.0119489" startTime="2025-10-23T23:49:33.6089043+00:00" endTime="2025-10-23T23:49:33.6089045+00:00" testType="13cdc9d9-ddb5-4fa4-a97d-d965ccfc6d4b" outcome="Passed" testListId="8c84fa94-04c1-424b-9868-57a2d4851a1d" relativeResultsDirectory="d9d64afd-3166-4a8c-b5d0-f0a858c5babf" />
    <UnitTestResult executionId="317e9ada-ad4f-4384-9917-f6a55c4664fa" testId="3747830a-a479-5d06-ce85-f00809ac9c1b" testName="AgendamentoConsultas.Tests.Infrastructure.Repositories.ClienteRepositoryTests.ObterPorCpfAsync_ComCpfInexistente_DeveRetornarNull" computerName="cursor" duration="00:00:00.0008665" startTime="2025-10-23T23:49:33.6600201+00:00" endTime="2025-10-23T23:49:33.6600202+00:00" testType="13cdc9d9-ddb5-4fa4-a97d-d965ccfc6d4b" outcome="Passed" testListId="8c84fa94-04c1-424b-9868-57a2d4851a1d" relativeResultsDirectory="317e9ada-ad4f-4384-9917-f6a55c4664fa" />
    <UnitTestResult executionId="ca2667b8-3cae-44cb-b705-1f7121cf8c27" testId="18488073-b154-55bd-4513-63199d44d94c" testName="AgendamentoConsultas.Tests.Application.Validators.CriarClienteDtoValidatorTests.Validate_ComTelefoneInvalido_DeveSerInvalido(telefone: &quot;&quot;)" computerName="cursor" duration="00:00:00.0055027" startTime="2025-10-23T23:49:33.7128422+00:00" endTime="2025-10-23T23:49:33.7128422+00:00" testType="13cdc9d9-ddb5-4fa4-a97d-d965ccfc6d4b" outcome="Passed" testListId="8c84fa94-04c1-424b-9868-57a2d4851a1d" relativeResultsDirectory="ca2667b8-3cae-44cb-b705-1f7121cf8c27" />
    <UnitTestResult executionId="124ac97f-a4b5-48c5-915b-45ba8af7613a" testId="aae0937e-9113-d21e-f86e-48ac7427953a" testName="AgendamentoConsultas.Tests.Application.Validators.CriarClienteDtoValidatorTests.Validate_ComNomeInvalido_DeveSerInvalido(nome: &quot;&quot;)" computerName="cursor" duration="00:00:00.0050558" startTime="2025-10-23T23:49:33.7278340+00:00" endTime="2025-10-23T23:49:33.7278345+00:00" testType="13cdc9d9-ddb5-4fa4-a97d-d965ccfc6d4b" outcome="Passed" testListId="8c84fa94-04c1-424b-9868-57a2d4851a1d" relativeResultsDirectory="124ac97f-a4b5-48c5-915b-45ba8af7613a" />
    <UnitTestResult executionId="b4eb1d38-3c1e-4aca-93be-c3e57eafe7b8" testId="3332b94a-87ab-af0c-057a-10d49fe2e637" testName="AgendamentoConsultas.Tests.Application.UseCases.Agendamento.CancelarAgendamentoUseCaseTests.ExecutarAsync_ComFalhaNoRepositorio_DeveRetornarFalha" computerName="cursor" duration="00:00:00.0233436" startTime="2025-10-23T23:49:33.6426860+00:00" endTime="2025-10-23T23:49:33.6426861+00:00" testType="13cdc9d9-ddb5-4fa4-a97d-d965ccfc6d4b" outcome="Passed" testListId="8c84fa94-04c1-424b-9868-57a2d4851a1d" relativeResultsDirectory="b4eb1d38-3c1e-4aca-93be-c3e57eafe7b8" />
    <UnitTestResult executionId="48b8ca7a-ec3b-48db-8ade-f0e7783fb904" testId="63d843f2-744c-64b4-f09e-54d13b3b8c9b" testName="AgendamentoConsultas.Tests.Domain.Entities.ClienteTests.Criar_ComCpfInvalido_DeveRetornarFalha(cpf: &quot;000.000.000-00&quot;)" computerName="cursor" duration="00:00:00.0005520" startTime="2025-10-23T23:49:33.6909212+00:00" endTime="2025-10-23T23:49:33.6909213+00:00" testType="13cdc9d9-ddb5-4fa4-a97d-d965ccfc6d4b" outcome="Passed" testListId="8c84fa94-04c1-424b-9868-57a2d4851a1d" relativeResultsDirectory="48b8ca7a-ec3b-48db-8ade-f0e7783fb904" />
    <UnitTestResult executionId="8924e04f-3fe2-41ff-ba24-4617fa7c0f27" testId="8a08f93e-3d43-fa38-d945-d7dd3b635696" testName="AgendamentoConsultas.Tests.Domain.Entities.AgendamentoTests.Criar_ComHorarioForaDoAtendimento_DeveRetornarFalha(hora: 23)" computerName="cursor" duration="00:00:00.0002370" startTime="2025-10-23T23:49:33.4020046+00:00" endTime="2025-10-23T23:49:33.4020047+00:00" testType="13cdc9d9-ddb5-4fa4-a97d-d965ccfc6d4b" outcome="Passed" testListId="8c84fa94-04c1-424b-9868-57a2d4851a1d" relativeResultsDirectory="8924e04f-3fe2-41ff-ba24-4617fa7c0f27" />
    <UnitTestResult executionId="a86657d7-d7e1-4dc2-b5ad-197e39a9e14e" testId="712470ab-f221-f319-c2aa-803fb8410baf" testName="AgendamentoConsultas.Tests.Application.Validators.CriarClienteDtoValidatorTests.Validate_ComTelefoneInvalido_DeveSerInvalido(telefone: &quot;123&quot;)" computerName="cursor" duration="00:00:00.0703091" startTime="2025-10-23T23:49:33.6961959+00:00" endTime="2025-10-23T23:49:33.6961960+00:00" testType="13cdc9d9-ddb5-4fa4-a97d-d965ccfc6d4b" outcome="Passed" testListId="8c84fa94-04c1-424b-9868-57a2d4851a1d" relativeResultsDirectory="a86657d7-d7e1-4dc2-b5ad-197e39a9e14e" />
    <UnitTestResult executionId="ed625915-045c-4823-a5db-ff6997ca0821" testId="8378c650-2b5f-2ec3-d9a6-1715875ee711" testName="AgendamentoConsultas.Tests.Domain.Entities.AgendamentoTests.Reagendar_AgendamentoCancelado_DeveRetornarFalha" computerName="cursor" duration="00:00:00.0003567" startTime="2025-10-23T23:49:33.4258979+00:00" endTime="2025-10-23T23:49:33.4258980+00:00" testType="13cdc9d9-ddb5-4fa4-a97d-d965ccfc6d4b" outcome="Passed" testListId="8c84fa94-04c1-424b-9868-57a2d4851a1d" relativeResultsDirectory="ed625915-045c-4823-a5db-ff6997ca0821" />
    <UnitTestResult executionId="7486564f-d42a-4819-ae83-d30183c2e48c" testId="20ddc765-e2c6-7473-68b6-c6633185233d" testName="AgendamentoConsultas.Tests.Application.UseCases.Agendamento.CancelarAgendamentoUseCaseTests.ExecutarAsync_ComAgendamentoInexistente_DeveRetornarFalha" computerName="cursor" duration="00:00:00.0097796" startTime="2025-10-23T23:49:33.6192393+00:00" endTime="2025-10-23T23:49:33.6192395+00:00" testType="13cdc9d9-ddb5-4fa4-a97d-d965ccfc6d4b" outcome="Passed" testListId="8c84fa94-04c1-424b-9868-57a2d4851a1d" relativeResultsDirectory="7486564f-d42a-4819-ae83-d30183c2e48c" />
    <UnitTestResult executionId="265aba82-2693-4b6d-9a40-f8c2af378075" testId="ca201b2c-d8d5-15af-0d2b-2ecf201d4010" testName="AgendamentoConsultas.Tests.Domain.Entities.ClienteTests.Criar_ComEmailInvalido_DeveRetornarFalha(email: &quot;   &quot;)" computerName="cursor" duration="00:00:00.0001992" startTime="2025-10-23T23:49:33.6919613+00:00" endTime="2025-10-23T23:49:33.6919614+00:00" testType="13cdc9d9-ddb5-4fa4-a97d-d965ccfc6d4b" outcome="Passed" testListId="8c84fa94-04c1-424b-9868-57a2d4851a1d" relativeResultsDirectory="265aba82-2693-4b6d-9a40-f8c2af378075" />
    <UnitTestResult executionId="760fef44-c64e-4691-8676-28eefc85cb44" testId="7d5f37bc-f7bd-0697-8e6c-f4021523d4d5" testName="AgendamentoConsultas.Tests.Domain.Entities.ClienteTests.Criar_ComTelefoneInvalido_DeveRetornarFalha(telefone: null)" computerName="cursor" duration="00:00:00.0002782" startTime="2025-10-23T23:49:33.6724965+00:00" endTime="2025-10-23T23:49:33.6724966+00:00" testType="13cdc9d9-ddb5-4fa4-a97d-d965ccfc6d4b" outcome="Passed" testListId="8c84fa94-04c1-424b-9868-57a2d4851a1d" relativeResultsDirectory="760fef44-c64e-4691-8676-28eefc85cb44" />
    <UnitTestResult executionId="4f5f2729-db0c-4977-a03f-1950218fb3e0" testId="4c7822c3-6437-306a-71e3-572334bd998b" testName="AgendamentoConsultas.Tests.Application.UseCases.Cliente.CriarClienteUseCaseTests.ExecutarAsync_ComDadosInvalidos_DeveRetornarFalha(nome: &quot;João&quot;, cpf: &quot;123.456.789-09&quot;, email: &quot;&quot;, telefone: &quot;(11) 98765-4321&quot;)" computerName="cursor" duration="00:00:00.0004963" startTime="2025-10-23T23:49:33.5430374+00:00" endTime="2025-10-23T23:49:33.5430376+00:00" testType="13cdc9d9-ddb5-4fa4-a97d-d965ccfc6d4b" outcome="Passed" testListId="8c84fa94-04c1-424b-9868-57a2d4851a1d" relativeResultsDirectory="4f5f2729-db0c-4977-a03f-1950218fb3e0" />
    <UnitTestResult executionId="98286fe9-5e34-430a-ae48-018365c71547" testId="35fe6ea1-4cff-d337-1ab4-bf3787db85fe" testName="AgendamentoConsultas.Tests.Domain.Entities.AgendamentoTests.Cancelar_AgendamentoValido_DeveCancelar" computerName="cursor" duration="00:00:00.0002816" startTime="2025-10-23T23:49:33.4259392+00:00" endTime="2025-10-23T23:49:33.4259393+00:00" testType="13cdc9d9-ddb5-4fa4-a97d-d965ccfc6d4b" outcome="Passed" testListId="8c84fa94-04c1-424b-9868-57a2d4851a1d" relativeResultsDirectory="98286fe9-5e34-430a-ae48-018365c71547" />
    <UnitTestResult executionId="8e8bc043-f3b2-4c13-8a7a-7e9671a7c4fe" testId="84933732-ea14-145e-215c-9b60a8220302" testName="AgendamentoConsultas.Tests.Infrastructure.Repositories.AgendamentoRepositoryTests.ExisteAgendamentoNoHorarioAsync_ComHorarioLivre_DeveRetornarFalse" computerName="cursor" duration="00:00:00.0006211" startTime="2025-10-23T23:49:33.4270771+00:00" endTime="2025-10-23T23:49:33.4270773+00:00" testType="13cdc9d9-ddb5-4fa4-a97d-d965ccfc6d4b" outcome="Passed" testListId="8c84fa94-04c1-424b-9868-57a2d4851a1d" relativeResultsDirectory="8e8bc043-f3b2-4c13-8a7a-7e9671a7c4fe" />
    <UnitTestResult executionId="33bdcfdb-4deb-4de7-a2e6-63798d5154de" testId="44eb07d2-04d2-032e-7ed8-a3a8b5126f8d" testName="AgendamentoConsultas.Tests.Application.UseCases.Cliente.ObterClientePorCpfUseCaseTests.ExecutarAsync_ComCpfExistente_DeveRetornarCliente" computerName="cursor" duration="00:00:00.0233856" startTime="2025-10-23T23:49:33.5431730+00:00" endTime="2025-10-23T23:49:33.5431731+00:00" testType="13cdc9d9-ddb5-4fa4-a97d-d965ccfc6d4b" outcome="Passed" testListId="8c84fa94-04c1-424b-9868-57a2d4851a1d" relativeResultsDirectory="33bdcfdb-4deb-4de7-a2e6-63798d5154de" />
    <UnitTestResult executionId="644d1ab6-ed89-4ccd-9345-5f16d6766da2" testId="af3e9215-edb1-db10-977f-0d12f93d7087" testName="AgendamentoConsultas.Tests.Infrastructure.Repositories.AgendamentoRepositoryTests.ObterPorClienteIdAsync_DeveRetornarAgendamentosDoCliente" computerName="cursor" duration="00:00:00.0114279" startTime="2025-10-23T23:49:33.4273585+00:00" endTime="2025-10-23T23:49:33.4273585+00:00" testType="13cdc9d9-ddb5-4fa4-a97d-d965ccfc6d4b" outcome="Passed" testListId="8c84fa94-04c1-424b-9868-57a2d4851a1d" relativeResultsDirectory="644d1ab6-ed89-4ccd-9345-5f16d6766da2" />
    <UnitTestResult executionId="252af516-1f63-4ae8-8bc1-3125a4a3a8bf" testId="c1dd5a47-69de-29ee-a1d0-f16995298bb5" testName="AgendamentoConsultas.Tests.Domain.Entities.ClienteTests.Criar_ComCpfInvalido_DeveRetornarFalha(cpf: null)" computerName="cursor" duration="00:00:00.0003791" startTime="2025-10-23T23:49:33.6829639+00:00" endTime="2025-10-23T23:49:33.6829640+00:00" testType="13cdc9d9-ddb5-4fa4-a97d-d965ccfc6d4b" outcome="Passed" testListId="8c84fa94-04c1-424b-9868-57a2d4851a1d" relativeResultsDirectory="252af516-1f63-4ae8-8bc1-3125a4a3a8bf" />
    <UnitTestResult executionId="726dde8c-1f22-48f0-8cc6-69185eefac8e" testId="36cd381c-a733-b92a-ec86-4fabc68f4682" testName="AgendamentoConsultas.Tests.Domain.Entities.AgendamentoTests.Criar_ComMinutosInvalidos_DeveRetornarFalha(minutos: 5)" computerName="cursor" duration="00:00:00.0003620" startTime="2025-10-23T23:49:33.2238702+00:00" endTime="2025-10-23T23:49:33.2238703+00:00" testType="13cdc9d9-ddb5-4fa4-a97d-d965ccfc6d4b" outcome="Passed" testListId="8c84fa94-04c1-424b-9868-57a2d4851a1d" relativeResultsDirectory="726dde8c-1f22-48f0-8cc6-69185eefac8e" />
    <UnitTestResult executionId="f46d6028-9bbc-4bef-a150-66caef1ebfd3" testId="512e27ff-051e-2252-48b1-8e3df028c815" testName="AgendamentoConsultas.Tests.Infrastructure.Repositories.AgendamentoRepositoryTests.AtualizarAsync_ComAgendamentoExistente_DeveAtualizarERetornarTrue" computerName="cursor" duration="00:00:00.0011264" startTime="2025-10-23T23:49:33.4271776+00:00" endTime="2025-10-23T23:49:33.4271777+00:00" testType="13cdc9d9-ddb5-4fa4-a97d-d965ccfc6d4b" outcome="Passed" testListId="8c84fa94-04c1-424b-9868-57a2d4851a1d" relativeResultsDirectory="f46d6028-9bbc-4bef-a150-66caef1ebfd3" />
    <UnitTestResult executionId="0ff31b88-edf2-4333-85c1-dec74236a201" testId="0a194de0-dded-a356-09f7-2b3d41799373" testName="AgendamentoConsultas.Tests.Domain.Entities.ClienteTests.Criar_ComNomeInvalido_DeveRetornarFalha(nome: &quot;   &quot;, cpf: &quot;123.456.789-09&quot;, email: &quot;joao@email.com&quot;, telefone: &quot;(11) 98765-4321&quot;)" computerName="cursor" duration="00:00:00.0002771" startTime="2025-10-23T23:49:33.7134751+00:00" endTime="2025-10-23T23:49:33.7134753+00:00" testType="13cdc9d9-ddb5-4fa4-a97d-d965ccfc6d4b" outcome="Passed" testListId="8c84fa94-04c1-424b-9868-57a2d4851a1d" relativeResultsDirectory="0ff31b88-edf2-4333-85c1-dec74236a201" />
    <UnitTestResult executionId="1f0e2625-de1a-4cac-8710-248e91496f8e" testId="1cdbbd16-a0d2-c0bb-ca9e-bbbffe6be8f9" testName="AgendamentoConsultas.Tests.Infrastructure.Repositories.AgendamentoRepositoryTests.AdicionarAsync_DeveAdicionarAgendamento" computerName="cursor" duration="00:00:00.0007938" startTime="2025-10-23T23:49:33.4273963+00:00" endTime="2025-10-23T23:49:33.4273964+00:00" testType="13cdc9d9-ddb5-4fa4-a97d-d965ccfc6d4b" outcome="Passed" testListId="8c84fa94-04c1-424b-9868-57a2d4851a1d" relativeResultsDirectory="1f0e2625-de1a-4cac-8710-248e91496f8e" />
    <UnitTestResult executionId="8a60acb2-d893-47b0-88d6-afb68f7f5169" testId="4b802b67-d63a-15ca-c77c-e3071f4c1415" testName="AgendamentoConsultas.Tests.Domain.Entities.AgendamentoTests.Reagendar_AgendamentoConcluido_DeveRetornarFalha" computerName="cursor" duration="00:00:00.0014463" startTime="2025-10-23T23:49:33.2240043+00:00" endTime="2025-10-23T23:49:33.2240044+00:00" testType="13cdc9d9-ddb5-4fa4-a97d-d965ccfc6d4b" outcome="Passed" testListId="8c84fa94-04c1-424b-9868-57a2d4851a1d" relativeResultsDirectory="8a60acb2-d893-47b0-88d6-afb68f7f5169" />
    <UnitTestResult executionId="b841555e-824c-4b48-a15f-b19c087b3ea0" testId="cd60afec-8850-c58f-6352-ece5ae1d3d9f" testName="AgendamentoConsultas.Tests.Application.Validators.CriarClienteDtoValidatorTests.Validate_ComCpfInvalido_DeveSerInvalido(cpf: &quot;111.111.111-11&quot;)" computerName="cursor" duration="00:00:00.0026999" startTime="2025-10-23T23:49:33.7279394+00:00" endTime="2025-10-23T23:49:33.7279394+00:00" testType="13cdc9d9-ddb5-4fa4-a97d-d965ccfc6d4b" outcome="Passed" testListId="8c84fa94-04c1-424b-9868-57a2d4851a1d" relativeResultsDirectory="b841555e-824c-4b48-a15f-b19c087b3ea0" />
    <UnitTestResult executionId="d1b711f6-457f-4aa3-9254-61ddea5f7638" testId="6884f34d-c0d7-d473-dbeb-4f19e14c05db" testName="AgendamentoConsultas.Tests.Domain.Entities.ClienteTests.Criar_ComCpfInvalido_DeveRetornarFalha(cpf: &quot;   &quot;)" computerName="cursor" duration="00:00:00.0066103" startTime="2025-10-23T23:49:33.6908539+00:00" endTime="2025-10-23T23:49:33.6908542+00:00" testType="13cdc9d9-ddb5-4fa4-a97d-d965ccfc6d4b" outcome="Passed" testListId="8c84fa94-04c1-424b-9868-57a2d4851a1d" relativeResultsDirectory="d1b711f6-457f-4aa3-9254-61ddea5f7638" />
    <UnitTestResult executionId="2ebe628c-c5e2-44fe-8b3c-22ead507095a" testId="cd37d12f-254a-b459-6baa-c2eee63378d8" testName="AgendamentoConsultas.Tests.Domain.Entities.ClienteTests.Atualizar_ComNomeInvalido_DeveRetornarFalha(nome: &quot;&quot;, email: &quot;joao@email.com&quot;, telefone: &quot;(11) 98765-4321&quot;)" computerName="cursor" duration="00:00:00.0002628" startTime="2025-10-23T23:49:33.6919023+00:00" endTime="2025-10-23T23:49:33.6919025+00:00" testType="13cdc9d9-ddb5-4fa4-a97d-d965ccfc6d4b" outcome="Passed" testListId="8c84fa94-04c1-424b-9868-57a2d4851a1d" relativeResultsDirectory="2ebe628c-c5e2-44fe-8b3c-22ead507095a" />
    <UnitTestResult executionId="90d837ab-836f-499e-ad91-53a97816b2a7" testId="125c1207-dc88-1a08-c4e7-d8f74f864b88" testName="AgendamentoConsultas.Tests.Application.UseCases.Agendamento.CancelarAgendamentoUseCaseTests.ExecutarAsync_ComAgendamentoValido_DeveCancelar" computerName="cursor" duration="00:00:00.0369548" startTime="2025-10-23T23:49:33.6098715+00:00" endTime="2025-10-23T23:49:33.6098717+00:00" testType="13cdc9d9-ddb5-4fa4-a97d-d965ccfc6d4b" outcome="Passed" testListId="8c84fa94-04c1-424b-9868-57a2d4851a1d" relativeResultsDirectory="90d837ab-836f-499e-ad91-53a97816b2a7" />
    <UnitTestResult executionId="82ea60ff-d0ee-4b9c-8d49-cd1baba88130" testId="43c72013-7c80-da83-121a-66d8bb3e9b4c" testName="AgendamentoConsultas.Tests.Application.UseCases.Agendamento.ObterHorariosDisponiveisUseCaseTests.ExecutarAsync_NoDomingo_DeveRetornarListaVazia" computerName="cursor" duration="00:00:00.0143401" startTime="2025-10-23T23:49:33.6168980+00:00" endTime="2025-10-23T23:49:33.6168982+00:00" testType="13cdc9d9-ddb5-4fa4-a97d-d965ccfc6d4b" outcome="Passed" testListId="8c84fa94-04c1-424b-9868-57a2d4851a1d" relativeResultsDirectory="82ea60ff-d0ee-4b9c-8d49-cd1baba88130" />
    <UnitTestResult executionId="15d1b7b7-bc6f-459c-90f1-58f64eefb08b" testId="7cea2909-4d1b-23f9-455c-4a2f6b1b583c" testName="AgendamentoConsultas.Tests.Application.UseCases.Agendamento.ObterHorariosDisponiveisUseCaseTests.ExecutarAsync_ComHorariosOcupados_DeveMarcaComoIndisponivel" computerName="cursor" duration="00:00:00.0072734" startTime="2025-10-23T23:49:33.6245146+00:00" endTime="2025-10-23T23:49:33.6245148+00:00" testType="13cdc9d9-ddb5-4fa4-a97d-d965ccfc6d4b" outcome="Passed" testListId="8c84fa94-04c1-424b-9868-57a2d4851a1d" relativeResultsDirectory="15d1b7b7-bc6f-459c-90f1-58f64eefb08b" />
    <UnitTestResult executionId="ecefcb07-81a9-497b-8f24-f08a3d49947c" testId="dcac0588-47cf-b619-7420-074f24ca31fa" testName="AgendamentoConsultas.Tests.Infrastructure.Repositories.ClienteRepositoryTests.ObterTodosAsync_DeveRetornarTodosClientes" computerName="cursor" duration="00:00:00.0023216" startTime="2025-10-23T23:49:33.6599304+00:00" endTime="2025-10-23T23:49:33.6599305+00:00" testType="13cdc9d9-ddb5-4fa4-a97d-d965ccfc6d4b" outcome="Passed" testListId="8c84fa94-04c1-424b-9868-57a2d4851a1d" relativeResultsDirectory="ecefcb07-81a9-497b-8f24-f08a3d49947c" />
    <UnitTestResult executionId="0bb2d60a-8d86-41c8-b9b8-a949005021fe" testId="5313d9ba-9132-a0d6-29ce-cec136c3913e" testName="AgendamentoConsultas.Tests.Application.UseCases.Cliente.CriarClienteUseCaseTests.ExecutarAsync_ComDataNascimentoFutura_DeveRetornarFalha" computerName="cursor" duration="00:00:00.1041081" startTime="2025-10-23T23:49:33.4765942+00:00" endTime="2025-10-23T23:49:33.4765945+00:00" testType="13cdc9d9-ddb5-4fa4-a97d-d965ccfc6d4b" outcome="Passed" testListId="8c84fa94-04c1-424b-9868-57a2d4851a1d" relativeResultsDirectory="0bb2d60a-8d86-41c8-b9b8-a949005021fe" />
    <UnitTestResult executionId="dc7637a5-77da-4f7e-b5a6-2992d4ef6d4e" testId="61d51b8f-4ac5-2c32-05d1-4032fda7c6dc" testName="AgendamentoConsultas.Tests.Domain.Entities.AgendamentoTests.Reagendar_ComDataHoraValida_DeveReagendar" computerName="cursor" duration="00:00:00.0054308" startTime="2025-10-23T23:49:33.4021829+00:00" endTime="2025-10-23T23:49:33.4021830+00:00" testType="13cdc9d9-ddb5-4fa4-a97d-d965ccfc6d4b" outcome="Passed" testListId="8c84fa94-04c1-424b-9868-57a2d4851a1d" relativeResultsDirectory="dc7637a5-77da-4f7e-b5a6-2992d4ef6d4e" />
    <UnitTestResult executionId="23a013c0-af16-4b0a-b18b-70b252b161e9" testId="f3877e27-b55f-5708-7056-907dfeeb32b3" testName="AgendamentoConsultas.Tests.Infrastructure.Repositories.ClienteRepositoryTests.AtualizarAsync_ComClienteInexistente_DeveRetornarFalse" computerName="cursor" duration="00:00:00.0088567" startTime="2025-10-23T23:49:33.6399926+00:00" endTime="2025-10-23T23:49:33.6399928+00:00" testType="13cdc9d9-ddb5-4fa4-a97d-d965ccfc6d4b" outcome="Passed" testListId="8c84fa94-04c1-424b-9868-57a2d4851a1d" relativeResultsDirectory="23a013c0-af16-4b0a-b18b-70b252b161e9" />
    <UnitTestResult executionId="9d3ba180-a30a-4186-bc13-87bfaf4a444f" testId="db3a4704-7619-a5f3-3693-042f773d13e4" testName="AgendamentoConsultas.Tests.Domain.Entities.AgendamentoTests.Concluir_AgendamentoValido_DeveConcluir" computerName="cursor" duration="00:00:00.0234397" startTime="2025-10-23T23:49:33.4019632+00:00" endTime="2025-10-23T23:49:33.4019633+00:00" testType="13cdc9d9-ddb5-4fa4-a97d-d965ccfc6d4b" outcome="Passed" testListId="8c84fa94-04c1-424b-9868-57a2d4851a1d" relativeResultsDirectory="9d3ba180-a30a-4186-bc13-87bfaf4a444f" />
    <UnitTestResult executionId="8ba2f6cb-ae32-483a-9f51-5c290fed23ac" testId="5f120ee4-f403-5691-4457-2599c27b30cd" testName="AgendamentoConsultas.Tests.Domain.Entities.AgendamentoTests.Criar_ComDadosValidos_DeveCriarAgendamento" computerName="cursor" duration="00:00:00.0076821" startTime="2025-10-23T23:49:33.4227004+00:00" endTime="2025-10-23T23:49:33.4227005+00:00" testType="13cdc9d9-ddb5-4fa4-a97d-d965ccfc6d4b" outcome="Passed" testListId="8c84fa94-04c1-424b-9868-57a2d4851a1d" relativeResultsDirectory="8ba2f6cb-ae32-483a-9f51-5c290fed23ac" />
    <UnitTestResult executionId="381c733b-70a0-4966-a619-a89eb3650864" testId="b637daa1-5034-4088-e687-2d9fb0e604e6" testName="AgendamentoConsultas.Tests.Domain.Entities.AgendamentoTests.Criar_ComDataHoraPassada_DeveRetornarFalha" computerName="cursor" duration="00:00:00.0002707" startTime="2025-10-23T23:49:33.4019106+00:00" endTime="2025-10-23T23:49:33.4019108+00:00" testType="13cdc9d9-ddb5-4fa4-a97d-d965ccfc6d4b" outcome="Passed" testListId="8c84fa94-04c1-424b-9868-57a2d4851a1d" relativeResultsDirectory="381c733b-70a0-4966-a619-a89eb3650864" />
    <UnitTestResult executionId="6b23885f-0da5-4a3c-be19-cd6e87344a2c" testId="9cba3fad-5258-6266-cfc6-e8203cce1c52" testName="AgendamentoConsultas.Tests.Application.Validators.CriarClienteDtoValidatorTests.Validate_ComCpfInvalido_DeveSerInvalido(cpf: &quot;000.000.000-00&quot;)" computerName="cursor" duration="00:00:00.0005686" startTime="2025-10-23T23:49:33.7291144+00:00" endTime="2025-10-23T23:49:33.7291146+00:00" testType="13cdc9d9-ddb5-4fa4-a97d-d965ccfc6d4b" outcome="Passed" testListId="8c84fa94-04c1-424b-9868-57a2d4851a1d" relativeResultsDirectory="6b23885f-0da5-4a3c-be19-cd6e87344a2c" />
    <UnitTestResult executionId="e0c4798f-3e84-4244-b0f6-10d9ceb0e14c" testId="438ac641-2fff-975d-949e-308897ba16d2" testName="AgendamentoConsultas.Tests.Domain.Entities.ClienteTests.Criar_ComDataNascimentoFutura_DeveRetornarFalha" computerName="cursor" duration="00:00:00.0002669" startTime="2025-10-23T23:49:33.7141890+00:00" endTime="2025-10-23T23:49:33.7141891+00:00" testType="13cdc9d9-ddb5-4fa4-a97d-d965ccfc6d4b" outcome="Passed" testListId="8c84fa94-04c1-424b-9868-57a2d4851a1d" relativeResultsDirectory="e0c4798f-3e84-4244-b0f6-10d9ceb0e14c" />
    <UnitTestResult executionId="1ed3abde-682f-4ff1-b8aa-35408516cce7" testId="a93f3996-e643-9dd5-4bed-e20d7cf4f0a6" testName="AgendamentoConsultas.Tests.Application.Validators.ReagendarDtoValidatorTests.Validate_ComMinutosInvalidos_DeveSerInvalido(minutos: 15)" computerName="cursor" duration="00:00:00.0054846" startTime="2025-10-23T23:49:33.4217199+00:00" endTime="2025-10-23T23:49:33.4217200+00:00" testType="13cdc9d9-ddb5-4fa4-a97d-d965ccfc6d4b" outcome="Passed" testListId="8c84fa94-04c1-424b-9868-57a2d4851a1d" relativeResultsDirectory="1ed3abde-682f-4ff1-b8aa-35408516cce7" />
    <UnitTestResult executionId="01200964-c729-467d-8797-9a78b1be6abf" testId="de60f4a2-d43c-18a0-9315-b919b119bcdf" testName="AgendamentoConsultas.Tests.Domain.Entities.ClienteTests.Atualizar_ComNomeInvalido_DeveRetornarFalha(nome: null, email: &quot;joao@email.com&quot;, telefone: &quot;(11) 98765-4321&quot;)" computerName="cursor" duration="00:00:00.0002962" startTime="2025-10-23T23:49:33.6909623+00:00" endTime="2025-10-23T23:49:33.6909624+00:00" testType="13cdc9d9-ddb5-4fa4-a97d-d965ccfc6d4b" outcome="Passed" testListId="8c84fa94-04c1-424b-9868-57a2d4851a1d" relativeResultsDirectory="01200964-c729-467d-8797-9a78b1be6abf" />
    <UnitTestResult executionId="635ceffb-47e6-4ffe-bed1-3d3a3acd76bd" testId="a4f9ebce-34bb-9516-43ce-94f39f91993b" testName="AgendamentoConsultas.Tests.Domain.Entities.ClienteTests.Criar_ComTelefoneInvalido_DeveRetornarFalha(telefone: &quot;   &quot;)" computerName="cursor" duration="00:00:00.0000376" startTime="2025-10-23T23:49:33.6735417+00:00" endTime="2025-10-23T23:49:33.6735419+00:00" testType="13cdc9d9-ddb5-4fa4-a97d-d965ccfc6d4b" outcome="Passed" testListId="8c84fa94-04c1-424b-9868-57a2d4851a1d" relativeResultsDirectory="635ceffb-47e6-4ffe-bed1-3d3a3acd76bd" />
    <UnitTestResult executionId="a86528a6-c9d8-4f5e-b6a0-4e5e77aa011a" testId="9ccc1961-f63e-1064-aa77-3c85fe53bdb5" testName="AgendamentoConsultas.Tests.Application.UseCases.Cliente.AtualizarClienteUseCaseTests.ExecutarAsync_ComFalhaNoRepositorio_DeveRetornarFalha" computerName="cursor" duration="00:00:00.0143713" startTime="2025-10-23T23:49:33.6598304+00:00" endTime="2025-10-23T23:49:33.6598307+00:00" testType="13cdc9d9-ddb5-4fa4-a97d-d965ccfc6d4b" outcome="Passed" testListId="8c84fa94-04c1-424b-9868-57a2d4851a1d" relativeResultsDirectory="a86528a6-c9d8-4f5e-b6a0-4e5e77aa011a" />
    <UnitTestResult executionId="ecec5d9b-bd5d-4b75-b018-a4124711a2ae" testId="f4cd4d20-f869-e297-d975-add543373032" testName="AgendamentoConsultas.Tests.Application.Validators.CriarClienteDtoValidatorTests.Validate_ComEmailInvalido_DeveSerInvalido(email: &quot;@email.com&quot;)" computerName="cursor" duration="00:00:00.0006410" startTime="2025-10-23T23:49:33.7187006+00:00" endTime="2025-10-23T23:49:33.7187008+00:00" testType="13cdc9d9-ddb5-4fa4-a97d-d965ccfc6d4b" outcome="Passed" testListId="8c84fa94-04c1-424b-9868-57a2d4851a1d" relativeResultsDirectory="ecec5d9b-bd5d-4b75-b018-a4124711a2ae" />
    <UnitTestResult executionId="33323165-b8ec-4a2d-886b-25f1423a6713" testId="543181f0-00cd-63d6-8d8c-896b2b6f6c66" testName="AgendamentoConsultas.Tests.Application.UseCases.Agendamento.CriarAgendamentoUseCaseTests.ExecutarAsync_ComDadosValidos_DeveCriarAgendamento" computerName="cursor" duration="00:00:00.0490228" startTime="2025-10-23T23:49:33.5872276+00:00" endTime="2025-10-23T23:49:33.5872278+00:00" testType="13cdc9d9-ddb5-4fa4-a97d-d965ccfc6d4b" outcome="Passed" testListId="8c84fa94-04c1-424b-9868-57a2d4851a1d" relativeResultsDirectory="33323165-b8ec-4a2d-886b-25f1423a6713" />
    <UnitTestResult executionId="287c72e5-e325-4fb2-8e14-d6d603529345" testId="b2715c71-06d7-13c9-16fb-81ba051840ec" testName="AgendamentoConsultas.Tests.Domain.Entities.ClienteTests.Atualizar_ComDadosValidos_DeveAtualizarCliente" computerName="cursor" duration="00:00:00.0004043" startTime="2025-10-23T23:49:33.6921653+00:00" endTime="2025-10-23T23:49:33.6921654+00:00" testType="13cdc9d9-ddb5-4fa4-a97d-d965ccfc6d4b" outcome="Passed" testListId="8c84fa94-04c1-424b-9868-57a2d4851a1d" relativeResultsDirectory="287c72e5-e325-4fb2-8e14-d6d603529345" />
    <UnitTestResult executionId="120a3513-5769-41b6-9a07-2eac717699ae" testId="c34a3a2f-5356-0937-8892-ae06043ab8f3" testName="AgendamentoConsultas.Tests.Application.UseCases.Cliente.AtualizarClienteUseCaseTests.ExecutarAsync_ComDadosInvalidos_DeveRetornarFalha(nome: &quot;João&quot;, email: &quot;&quot;, telefone: &quot;(11) 98765-4321&quot;)" computerName="cursor" duration="00:00:00.0055676" startTime="2025-10-23T23:49:33.6608815+00:00" endTime="2025-10-23T23:49:33.6608817+00:00" testType="13cdc9d9-ddb5-4fa4-a97d-d965ccfc6d4b" outcome="Passed" testListId="8c84fa94-04c1-424b-9868-57a2d4851a1d" relativeResultsDirectory="120a3513-5769-41b6-9a07-2eac717699ae" />
    <UnitTestResult executionId="2acc68e9-5d14-425d-bd50-887ae54150e3" testId="7e12684c-4699-4584-8f41-01e87c0b1a46" testName="AgendamentoConsultas.Tests.Application.Validators.ReagendarDtoValidatorTests.Validate_ComHorarioForaDoAtendimento_DeveSerInvalido(hora: 18)" computerName="cursor" duration="00:00:00.0058762" startTime="2025-10-23T23:49:33.4215742+00:00" endTime="2025-10-23T23:49:33.4215743+00:00" testType="13cdc9d9-ddb5-4fa4-a97d-d965ccfc6d4b" outcome="Passed" testListId="8c84fa94-04c1-424b-9868-57a2d4851a1d" relativeResultsDirectory="2acc68e9-5d14-425d-bd50-887ae54150e3" />
    <UnitTestResult executionId="870ecd47-9892-4713-9231-847759c9f9d6" testId="0573564b-1498-95b5-230a-5928186766b0" testName="AgendamentoConsultas.Tests.Infrastructure.Repositories.AgendamentoRepositoryTests.ExisteAgendamentoNoHorarioAsync_ComHorarioOcupado_DeveRetornarTrue" computerName="cursor" duration="00:00:00.0012382" startTime="2025-10-23T23:49:33.4261560+00:00" endTime="2025-10-23T23:49:33.4261561+00:00" testType="13cdc9d9-ddb5-4fa4-a97d-d965ccfc6d4b" outcome="Passed" testListId="8c84fa94-04c1-424b-9868-57a2d4851a1d" relativeResultsDirectory="870ecd47-9892-4713-9231-847759c9f9d6" />
    <UnitTestResult executionId="7a493877-0618-4a9e-8df2-a9912128dfe6" testId="e8850003-3269-85f4-6d5d-3ee09f47cbc9" testName="AgendamentoConsultas.Tests.Application.UseCases.Cliente.AtualizarClienteUseCaseTests.ExecutarAsync_ComDadosInvalidos_DeveRetornarFalha(nome: &quot;&quot;, email: &quot;joao@email.com&quot;, telefone: &quot;(11) 98765-4321&quot;)" computerName="cursor" duration="00:00:00.0005883" startTime="2025-10-23T23:49:33.6609291+00:00" endTime="2025-10-23T23:49:33.6609292+00:00" testType="13cdc9d9-ddb5-4fa4-a97d-d965ccfc6d4b" outcome="Passed" testListId="8c84fa94-04c1-424b-9868-57a2d4851a1d" relativeResultsDirectory="7a493877-0618-4a9e-8df2-a9912128dfe6" />
  </Results>
  <TestDefinitions>
    <UnitTest name="AgendamentoConsultas.Tests.Application.UseCases.Agendamento.ObterHorariosDisponiveisUseCaseTests.ExecutarAsync_ComDataPassada_DeveRetornarFalha" storage="/workspace/agendamentoconsultas.tests/bin/release/net8.0/agendamentoconsultas.tests.dll" id="ffeb2b9d-0b53-e526-3d17-a4948dc726eb">
      <Execution id="c20cc71f-d7de-4319-9fb4-4c12b91668b6" />
      <TestMethod codeBase="/workspace/AgendamentoConsultas.Tests/bin/Release/net8.0/AgendamentoConsultas.Tests.dll" adapterTypeName="executor://xunit/VsTestRunner2/netcoreapp" className="AgendamentoConsultas.Tests.Application.UseCases.Agendamento.ObterHorariosDisponiveisUseCaseTests" name="ExecutarAsync_ComDataPassada_DeveRetornarFalha" />
    </UnitTest>
    <UnitTest name="AgendamentoConsultas.Tests.Application.UseCases.Cliente.CriarClienteUseCaseTests.ExecutarAsync_ComDadosInvalidos_DeveRetornarFalha(nome: &quot;João&quot;, cpf: &quot;123.456.789-09&quot;, email: &quot;&quot;, telefone: &quot;(11) 98765-4321&quot;)" storage="/workspace/agendamentoconsultas.tests/bin/release/net8.0/agendamentoconsultas.tests.dll" id="4c7822c3-6437-306a-71e3-572334bd998b">
      <Execution id="4f5f2729-db0c-4977-a03f-1950218fb3e0" />
      <TestMethod codeBase="/workspace/AgendamentoConsultas.Tests/bin/Release/net8.0/AgendamentoConsultas.Tests.dll" adapterTypeName="executor://xunit/VsTestRunner2/netcoreapp" className="AgendamentoConsultas.Tests.Application.UseCases.Cliente.CriarClienteUseCaseTests" name="ExecutarAsync_ComDadosInvalidos_DeveRetornarFalha" />
    </UnitTest>
    <UnitTest name="AgendamentoConsultas.Tests.Application.UseCases.Agendamento.ObterHorariosDisponiveisUseCaseTests.ExecutarAsync_NoDomingo_DeveRetornarListaVazia" storage="/workspace/agendamentoconsultas.tests/bin/release/net8.0/agendamentoconsultas.tests.dll" id="43c72013-7c80-da83-121a-66d8bb3e9b4c">
      <Execution id="82ea60ff-d0ee-4b9c-8d49-cd1baba88130" />
      <TestMethod codeBase="/workspace/AgendamentoConsultas.Tests/bin/Release/net8.0/AgendamentoConsultas.Tests.dll" adapterTypeName="executor://xunit/VsTestRunner2/netcoreapp" className="AgendamentoConsultas.Tests.Application.UseCases.Agendamento.ObterHorariosDisponiveisUseCaseTests" name="ExecutarAsync_NoDomingo_DeveRetornarListaVazia" />
    </UnitTest>
    <UnitTest name="AgendamentoConsultas.Tests.Infrastructure.Repositories.ClienteRepositoryTests.ObterPorIdAsync_ComIdExistente_DeveRetornarCliente" storage="/workspace/agendamentoconsultas.tests/bin/release/net8.0/agendamentoconsultas.tests.dll" id="5df0abe1-f53f-8a8d-c2bd-942801db4d02">
      <Execution id="d6d8ed4a-9682-494f-a4f5-0843008cdfe9" />
      <TestMethod codeBase="/workspace/AgendamentoConsultas.Tests/bin/Release/net8.0/AgendamentoConsultas.Tests.dll" adapterTypeName="executor://xunit/VsTestRunner2/netcoreapp" className="AgendamentoConsultas.Tests.Infrastructure.Repositories.ClienteRepositoryTests" name="ObterPorIdAsync_ComIdExistente_DeveRetornarCliente" />
    </UnitTest>
    <UnitTest name="AgendamentoConsultas.Tests.Application.UseCases.Cliente.CriarClienteUseCaseTests.ExecutarAsync_ComDadosValidos_DeveCriarCliente" storage="/workspace/agendamentoconsultas.tests/bin/release/net8.0/agendamentoconsultas.tests.dll" id="c4b79b17-881f-de75-cca7-8a23e60493b3">
      <Execution id="1ab5df29-7e3a-4887-9dd4-557de209c8ba" />
      <TestMethod codeBase="/workspace/AgendamentoConsultas.Tests/bin/Release/net8.0/AgendamentoConsultas.Tests.dll" adapterTypeName="executor://xunit/VsTestRunner2/netcoreapp" className="AgendamentoConsultas.Tests.Application.UseCases.Cliente.CriarClienteUseCaseTests" name="ExecutarAsync_ComDadosValidos_DeveCriarCliente" />
    </UnitTest>
    <UnitTest name="AgendamentoConsultas.Tests.Infrastructure.Repositories.AgendamentoRepositoryTests.AtualizarAsync_ComAgendamentoInexistente_DeveRetornarFalse" storage="/workspace/agendamentoconsultas.tests/bin/release/net8.0/agendamentoconsultas.tests.dll" id="d761e322-6dba-0561-8ac5-710196f657c6">
      <Execution id="39ea3f65-3c3c-44a7-a2f0-cb87b9ffb40e" />
      <TestMethod codeBase="/workspace/AgendamentoConsultas.Tests/bin/Release/net8.0/AgendamentoConsultas.Tests.dll" adapterTypeName="executor://xunit/VsTestRunner2/netcoreapp" className="AgendamentoConsultas.Tests.Infrastructure.Repositories.AgendamentoRepositoryTests" name="AtualizarAsync_ComAgendamentoInexistente_DeveRetornarFalse" />
    </UnitTest>
    <UnitTest name="AgendamentoConsultas.Tests.Infrastructure.Repositories.ClienteRepositoryTests.ObterTodosAsync_DeveRetornarTodosClientes" storage="/workspace/agendamentoconsultas.tests/bin/release/net8.0/agendamentoconsultas.tests.dll" id="dcac0588-47cf-b619-7420-074f24ca31fa">
      <Execution id="ecefcb07-81a9-497b-8f24-f08a3d49947c" />
      <TestMethod codeBase="/workspace/AgendamentoConsultas.Tests/bin/Release/net8.0/AgendamentoConsultas.Tests.dll" adapterTypeName="executor://xunit/VsTestRunner2/netcoreapp" className="AgendamentoConsultas.Tests.Infrastructure.Repositories.ClienteRepositoryTests" name="ObterTodosAsync_DeveRetornarTodosClientes" />
    </UnitTest>
    <UnitTest name="AgendamentoConsultas.Tests.Domain.Entities.AgendamentoTests.Concluir_AgendamentoJaConcluido_DeveRetornarFalha" storage="/workspace/agendamentoconsultas.tests/bin/release/net8.0/agendamentoconsultas.tests.dll" id="3d26a18d-7772-1e76-5f4c-9bff2109c53e">
      <Execution id="52efd39e-6076-48b9-b91a-c903acc991be" />
      <TestMethod codeBase="/workspace/AgendamentoConsultas.Tests/bin/Release/net8.0/AgendamentoConsultas.Tests.dll" adapterTypeName="executor://xunit/VsTestRunner2/netcoreapp" className="AgendamentoConsultas.Tests.Domain.Entities.AgendamentoTests" name="Concluir_AgendamentoJaConcluido_DeveRetornarFalha" />
    </UnitTest>
    <UnitTest name="AgendamentoConsultas.Tests.Domain.Entities.ClienteTests.Atualizar_ComDadosValidos_DeveAtualizarCliente" storage="/workspace/agendamentoconsultas.tests/bin/release/net8.0/agendamentoconsultas.tests.dll" id="b2715c71-06d7-13c9-16fb-81ba051840ec">
      <Execution id="287c72e5-e325-4fb2-8e14-d6d603529345" />
      <TestMethod codeBase="/workspace/AgendamentoConsultas.Tests/bin/Release/net8.0/AgendamentoConsultas.Tests.dll" adapterTypeName="executor://xunit/VsTestRunner2/netcoreapp" className="AgendamentoConsultas.Tests.Domain.Entities.ClienteTests" name="Atualizar_ComDadosValidos_DeveAtualizarCliente" />
    </UnitTest>
    <UnitTest name="AgendamentoConsultas.Tests.Domain.Entities.ClienteTests.Criar_ComTelefoneInvalido_DeveRetornarFalha(telefone: null)" storage="/workspace/agendamentoconsultas.tests/bin/release/net8.0/agendamentoconsultas.tests.dll" id="7d5f37bc-f7bd-0697-8e6c-f4021523d4d5">
      <Execution id="760fef44-c64e-4691-8676-28eefc85cb44" />
      <TestMethod codeBase="/workspace/AgendamentoConsultas.Tests/bin/Release/net8.0/AgendamentoConsultas.Tests.dll" adapterTypeName="executor://xunit/VsTestRunner2/netcoreapp" className="AgendamentoConsultas.Tests.Domain.Entities.ClienteTests" name="Criar_ComTelefoneInvalido_DeveRetornarFalha" />
    </UnitTest>
    <UnitTest name="AgendamentoConsultas.Tests.Application.UseCases.Cliente.CriarClienteUseCaseTests.ExecutarAsync_ComDadosInvalidos_DeveRetornarFalha(nome: &quot;João&quot;, cpf: &quot;123.456.789-09&quot;, email: &quot;joao@email.com&quot;, telefone: &quot;&quot;)" storage="/workspace/agendamentoconsultas.tests/bin/release/net8.0/agendamentoconsultas.tests.dll" id="ddb78880-ae7e-75c3-b911-07730c5401dc">
      <Execution id="81cedebd-2e85-4533-9eb3-a3c6d66c3c3e" />
      <TestMethod codeBase="/workspace/AgendamentoConsultas.Tests/bin/Release/net8.0/AgendamentoConsultas.Tests.dll" adapterTypeName="executor://xunit/VsTestRunner2/netcoreapp" className="AgendamentoConsultas.Tests.Application.UseCases.Cliente.CriarClienteUseCaseTests" name="ExecutarAsync_ComDadosInvalidos_DeveRetornarFalha" />
    </UnitTest>
    <UnitTest name="AgendamentoConsultas.Tests.Domain.Entities.AgendamentoTests.Cancelar_AgendamentoJaCancelado_DeveRetornarFalha" storage="/workspace/agendamentoconsultas.tests/bin/release/net8.0/agendamentoconsultas.tests.dll" id="382c662d-1a16-4e48-29ff-30746aaeb2cb">
      <Execution id="44b76892-4bc5-4497-b936-315665cc2387" />
      <TestMethod codeBase="/workspace/AgendamentoConsultas.Tests/bin/Release/net8.0/AgendamentoConsultas.Tests.dll" adapterTypeName="executor://xunit/VsTestRunner2/netcoreapp" className="AgendamentoConsultas.Tests.Domain.Entities.AgendamentoTests" name="Cancelar_AgendamentoJaCancelado_DeveRetornarFalha" />
    </UnitTest>
[...]
    <TestEntry testId="4fb2120b-2ca5-8fc7-303f-1c5d07a0b5a6" executionId="2187f66d-7e07-44a6-8502-6db857e9e588" testListId="8c84fa94-04c1-424b-9868-57a2d4851a1d" />
    <TestEntry testId="7a5673cf-9454-24be-089b-23740b404584" executionId="811257d0-3f82-4e28-a0a8-51ebca0bd49c" testListId="8c84fa94-04c1-424b-9868-57a2d4851a1d" />
    <TestEntry testId="0ed6a690-0aea-be3f-eceb-8dbb1b37bfc1" executionId="184f1f20-d6bb-44f9-acbf-58d866f27484" testListId="8c84fa94-04c1-424b-9868-57a2d4851a1d" />
    <TestEntry testId="e024f674-b48b-ec2b-c5b8-2c969b1bee26" executionId="25d8de79-07a1-437b-835e-658ff8f6c895" testListId="8c84fa94-04c1-424b-9868-57a2d4851a1d" />
    <TestEntry testId="b6e7a9c9-1492-fc74-990d-309210abd646" executionId="b413e4c3-727f-4b38-b899-96628c4f2b71" testListId="8c84fa94-04c1-424b-9868-57a2d4851a1d" />
    <TestEntry testId="781da2c5-53cd-1681-63a5-df1b55148912" executionId="414728cc-c83d-46a6-b620-595c7438696b" testListId="8c84fa94-04c1-424b-9868-57a2d4851a1d" />
    <TestEntry testId="f883ce11-d4d8-ab43-379b-fc25d91db683" executionId="98a8a7be-509c-4f2d-89e8-c63943fbc4f9" testListId="8c84fa94-04c1-424b-9868-57a2d4851a1d" />
    <TestEntry testId="59036c60-90be-33de-2f5f-58c90684af15" executionId="bb0d6c07-d5ac-4de8-95ac-ced8afdbb5ba" testListId="8c84fa94-04c1-424b-9868-57a2d4851a1d" />
    <TestEntry testId="5f82731c-3a6e-bcf7-dadd-9afe86373493" executionId="7c73bd41-845a-4e19-a1d8-d101ae3d6c98" testListId="8c84fa94-04c1-424b-9868-57a2d4851a1d" />
    <TestEntry testId="95e63b08-f4e9-d3b0-d52e-f4b94e3d73e8" executionId="57176935-c704-4ed5-ab61-2630ed4dc8d1" testListId="8c84fa94-04c1-424b-9868-57a2d4851a1d" />
    <TestEntry testId="a76b90b6-8f73-4727-dcef-eebfb25a463b" executionId="ee017910-fef7-4e16-bf00-5d24cfc13092" testListId="8c84fa94-04c1-424b-9868-57a2d4851a1d" />
    <TestEntry testId="8fa19cb4-cc02-b473-a500-08c61868bcef" executionId="0181b31c-60d4-4ce1-bffd-541a52847c87" testListId="8c84fa94-04c1-424b-9868-57a2d4851a1d" />
    <TestEntry testId="0e542a05-48b1-b318-b6ce-6652580087c8" executionId="e3219db5-312e-402d-94a6-839297bc2b20" testListId="8c84fa94-04c1-424b-9868-57a2d4851a1d" />
    <TestEntry testId="97a52a8b-0422-53e6-41d3-c75e8a5c3519" executionId="e6147ee7-046e-40b9-b591-f4264dfb93ae" testListId="8c84fa94-04c1-424b-9868-57a2d4851a1d" />
    <TestEntry testId="129c0b69-bf97-706d-c506-055f56bf231a" executionId="a0e01df9-bbe6-4ac9-ab3a-f863a3fcb370" testListId="8c84fa94-04c1-424b-9868-57a2d4851a1d" />
    <TestEntry testId="e734156c-d846-ce01-3468-7a436b275a09" executionId="aa245f47-08b3-4774-b14b-857a3b432513" testListId="8c84fa94-04c1-424b-9868-57a2d4851a1d" />
    <TestEntry testId="daf47299-ea02-f29b-3137-f1b93fad85f8" executionId="a604ca43-52c6-4987-9301-7619ab807283" testListId="8c84fa94-04c1-424b-9868-57a2d4851a1d" />
    <TestEntry testId="5df0abe1-f53f-8a8d-c2bd-942801db4d02" executionId="d6d8ed4a-9682-494f-a4f5-0843008cdfe9" testListId="8c84fa94-04c1-424b-9868-57a2d4851a1d" />
    <TestEntry testId="6a541c6c-76a6-f934-9aa8-59fa358dbeab" executionId="d2076d67-5e31-407a-ab82-f051d8db6ef6" testListId="8c84fa94-04c1-424b-9868-57a2d4851a1d" />
    <TestEntry testId="ac9ed110-da8c-669d-2be8-98d2acb39b8e" executionId="99f4280a-05a3-4ab4-ae7c-e3662138a815" testListId="8c84fa94-04c1-424b-9868-57a2d4851a1d" />
    <TestEntry testId="ddb78880-ae7e-75c3-b911-07730c5401dc" executionId="81cedebd-2e85-4533-9eb3-a3c6d66c3c3e" testListId="8c84fa94-04c1-424b-9868-57a2d4851a1d" />
    <TestEntry testId="3347d714-7be2-a5d8-fa29-c7918708596c" executionId="1dd74868-4c61-44fa-8af8-b63576a02ccf" testListId="8c84fa94-04c1-424b-9868-57a2d4851a1d" />
    <TestEntry testId="38526e3d-6cdd-17a6-48a2-03fb9043a2c0" executionId="68d17650-d721-4355-8c13-392d0d1a573a" testListId="8c84fa94-04c1-424b-9868-57a2d4851a1d" />
    <TestEntry testId="6e31292d-e1b1-3f6f-f298-de01c71b187e" executionId="b864e8d9-3c24-48b8-812a-aaa0f931cc2a" testListId="8c84fa94-04c1-424b-9868-57a2d4851a1d" />
    <TestEntry testId="561a4dab-e16f-09b5-d475-5dff1d173f3d" executionId="ac15cea4-207f-4d10-891a-36589999cc64" testListId="8c84fa94-04c1-424b-9868-57a2d4851a1d" />
    <TestEntry testId="3e97dcb6-6e17-d870-3a4f-edbcfd77e601" executionId="c740a14f-69c2-4fe6-a996-b1745b870c56" testListId="8c84fa94-04c1-424b-9868-57a2d4851a1d" />
    <TestEntry testId="9729fc7a-5ae2-0f5c-8e2d-afaae5314ec5" executionId="82d9163f-b321-4b99-97ab-4456cfbabd69" testListId="8c84fa94-04c1-424b-9868-57a2d4851a1d" />
    <TestEntry testId="83d18af3-341d-46a1-7033-fbe489c60779" executionId="78807c75-2ebf-459b-8d55-4d365edbe043" testListId="8c84fa94-04c1-424b-9868-57a2d4851a1d" />
    <TestEntry testId="b3c9f61b-5472-57f5-c99f-49008fa3b70b" executionId="cb48f3dc-c4eb-414d-bbfe-aa1e03642ec3" testListId="8c84fa94-04c1-424b-9868-57a2d4851a1d" />
    <TestEntry testId="66fb749e-32da-35e9-83cc-81884eb9d0bd" executionId="e229c0d2-c15b-4bcc-b113-87dca5bc6316" testListId="8c84fa94-04c1-424b-9868-57a2d4851a1d" />
    <TestEntry testId="c4b79b17-881f-de75-cca7-8a23e60493b3" executionId="1ab5df29-7e3a-4887-9dd4-557de209c8ba" testListId="8c84fa94-04c1-424b-9868-57a2d4851a1d" />
    <TestEntry testId="d9abbeb9-9b79-c5df-4f71-5d3f1096e51d" executionId="c0fa8320-21c1-4224-8d4d-6e79ac7b44c4" testListId="8c84fa94-04c1-424b-9868-57a2d4851a1d" />
    <TestEntry testId="de07570e-a846-17bc-ca1b-e0537213f6af" executionId="d2e85981-c47c-434c-ba35-f7d2a3cb7b06" testListId="8c84fa94-04c1-424b-9868-57a2d4851a1d" />
    <TestEntry testId="f2042e62-8a13-9b06-eef0-0cfcc84055d8" executionId="afb0fb38-fb90-4a0e-b77c-7d235b27933e" testListId="8c84fa94-04c1-424b-9868-57a2d4851a1d" />
    <TestEntry testId="7a8b9c09-8863-a4e0-6e51-01c19af155d5" executionId="d1edc94b-1ac8-4a2b-9f80-f8b614a88b75" testListId="8c84fa94-04c1-424b-9868-57a2d4851a1d" />
    <TestEntry testId="88ebe9d7-b447-90af-7b49-bc333091330e" executionId="4793da94-0178-4e68-93b5-15425bfb374d" testListId="8c84fa94-04c1-424b-9868-57a2d4851a1d" />
    <TestEntry testId="c273cc9c-76db-8e30-4388-11238e96320f" executionId="90290cd7-39b0-4979-a637-e84a030cc21b" testListId="8c84fa94-04c1-424b-9868-57a2d4851a1d" />
    <TestEntry testId="324a31c7-f906-a3a9-6b51-79c7d9d61f3c" executionId="0d7e5302-e9d5-44b0-a672-2d77970445fd" testListId="8c84fa94-04c1-424b-9868-57a2d4851a1d" />
    <TestEntry testId="3d26a18d-7772-1e76-5f4c-9bff2109c53e" executionId="52efd39e-6076-48b9-b91a-c903acc991be" testListId="8c84fa94-04c1-424b-9868-57a2d4851a1d" />
    <TestEntry testId="5bffdb9c-ef19-bf2a-f60d-6b2d82048fbd" executionId="a3eba1ba-60af-4f7f-a9c8-eb89237ab0f2" testListId="8c84fa94-04c1-424b-9868-57a2d4851a1d" />
    <TestEntry testId="f1e2923f-6242-e9a5-d3e1-5102718483f2" executionId="0fa4cb34-3bec-4846-beba-30a499b4e925" testListId="8c84fa94-04c1-424b-9868-57a2d4851a1d" />
    <TestEntry testId="fade67fe-4366-7470-b4cd-53cd7f515632" executionId="771a4c34-a799-4bfd-ab84-bed32901f548" testListId="8c84fa94-04c1-424b-9868-57a2d4851a1d" />
    <TestEntry testId="11962712-ee98-e364-47a5-5d85d34ead1b" executionId="0076a7da-31c5-478f-9659-8f865d5f2927" testListId="8c84fa94-04c1-424b-9868-57a2d4851a1d" />
    <TestEntry testId="fdd59a30-692f-b0b9-5ac4-a9326f0ea292" executionId="798a0e4d-ef09-4fee-922e-ded70f511f69" testListId="8c84fa94-04c1-424b-9868-57a2d4851a1d" />
    <TestEntry testId="d761e322-6dba-0561-8ac5-710196f657c6" executionId="39ea3f65-3c3c-44a7-a2f0-cb87b9ffb40e" testListId="8c84fa94-04c1-424b-9868-57a2d4851a1d" />
    <TestEntry testId="e8460c8c-9215-75af-ce43-e5712b44871c" executionId="00927542-a5d1-442f-9bec-8d6d46b61479" testListId="8c84fa94-04c1-424b-9868-57a2d4851a1d" />
    <TestEntry testId="44ea77a7-6309-9711-f501-0490df6c501f" executionId="51c2992f-5020-45b0-9b7d-4f2f8f3ae29f" testListId="8c84fa94-04c1-424b-9868-57a2d4851a1d" />
    <TestEntry testId="5f1ea565-33b7-ba91-1df3-4b222305e8d6" executionId="c0e23fc3-a9b1-4cdc-82ee-ced8402157b1" testListId="8c84fa94-04c1-424b-9868-57a2d4851a1d" />
    <TestEntry testId="700eb145-98ff-ba41-fc05-f142470dcc43" executionId="bbd50b8a-0d81-4780-a136-9b407cde1a37" testListId="8c84fa94-04c1-424b-9868-57a2d4851a1d" />
    <TestEntry testId="a1ae39ca-870a-9dd3-7376-484000b1c214" executionId="68f37642-9ae8-45a8-b89c-f6fe83b4b40d" testListId="8c84fa94-04c1-424b-9868-57a2d4851a1d" />
    <TestEntry testId="2881279b-d829-ad49-6694-cf192c89c3de" executionId="ab4cfa8e-6b23-43bd-82a5-836f96098a83" testListId="8c84fa94-04c1-424b-9868-57a2d4851a1d" />
    <TestEntry testId="3ac62243-077a-2fa0-1563-79d05f51bb46" executionId="48972279-b00e-4e20-8b6c-12019987cae8" testListId="8c84fa94-04c1-424b-9868-57a2d4851a1d" />
    <TestEntry testId="9588150d-319e-c4e6-e745-c7759671fab2" executionId="b84c269b-85eb-4c5f-9402-554f70cc6fbe" testListId="8c84fa94-04c1-424b-9868-57a2d4851a1d" />
    <TestEntry testId="f8d1f946-7a5a-7c7e-bac9-52219306e494" executionId="2dbb9a78-1b69-479b-a038-624e9febbad1" testListId="8c84fa94-04c1-424b-9868-57a2d4851a1d" />
    <TestEntry testId="57fd3db6-78ee-10d7-9c8b-0c7836806461" executionId="d2229564-707e-40eb-9b35-ef466c4b22c3" testListId="8c84fa94-04c1-424b-9868-57a2d4851a1d" />
    <TestEntry testId="f06d6d1d-b7dd-c427-fd2a-3b44f3aaf43b" executionId="eb6387d6-4284-4ab7-86c4-a4136f7fdddb" testListId="8c84fa94-04c1-424b-9868-57a2d4851a1d" />
    <TestEntry testId="d4e0159b-a03d-a28e-8cce-967ffd2aa04e" executionId="e76a78ce-d4ba-4e18-9c5d-e9b137558ec4" testListId="8c84fa94-04c1-424b-9868-57a2d4851a1d" />
    <TestEntry testId="dc634e14-606f-4645-37a4-82607ddb2012" executionId="7f1bc039-5ccd-4df8-ada2-056a85c08a15" testListId="8c84fa94-04c1-424b-9868-57a2d4851a1d" />
    <TestEntry testId="382c662d-1a16-4e48-29ff-30746aaeb2cb" executionId="44b76892-4bc5-4497-b936-315665cc2387" testListId="8c84fa94-04c1-424b-9868-57a2d4851a1d" />
    <TestEntry testId="a503b325-d86f-14f5-c118-07c17a18b0c2" executionId="d61608c0-6a80-4ff9-8c42-d5a86e560a8f" testListId="8c84fa94-04c1-424b-9868-57a2d4851a1d" />
    <TestEntry testId="52cdf68c-06a1-2b08-e901-b0fd10cb0683" executionId="355c0d49-d2fe-476d-9ad6-6cc6971dadbf" testListId="8c84fa94-04c1-424b-9868-57a2d4851a1d" />
    <TestEntry testId="f3070322-556c-e9fd-94ff-b58a6b48c7a5" executionId="d9d64afd-3166-4a8c-b5d0-f0a858c5babf" testListId="8c84fa94-04c1-424b-9868-57a2d4851a1d" />
    <TestEntry testId="3747830a-a479-5d06-ce85-f00809ac9c1b" executionId="317e9ada-ad4f-4384-9917-f6a55c4664fa" testListId="8c84fa94-04c1-424b-9868-57a2d4851a1d" />
    <TestEntry testId="18488073-b154-55bd-4513-63199d44d94c" executionId="ca2667b8-3cae-44cb-b705-1f7121cf8c27" testListId="8c84fa94-04c1-424b-9868-57a2d4851a1d" />
    <TestEntry testId="aae0937e-9113-d21e-f86e-48ac7427953a" executionId="124ac97f-a4b5-48c5-915b-45ba8af7613a" testListId="8c84fa94-04c1-424b-9868-57a2d4851a1d" />
    <TestEntry testId="3332b94a-87ab-af0c-057a-10d49fe2e637" executionId="b4eb1d38-3c1e-4aca-93be-c3e57eafe7b8" testListId="8c84fa94-04c1-424b-9868-57a2d4851a1d" />
    <TestEntry testId="63d843f2-744c-64b4-f09e-54d13b3b8c9b" executionId="48b8ca7a-ec3b-48db-8ade-f0e7783fb904" testListId="8c84fa94-04c1-424b-9868-57a2d4851a1d" />
    <TestEntry testId="8a08f93e-3d43-fa38-d945-d7dd3b635696" executionId="8924e04f-3fe2-41ff-ba24-4617fa7c0f27" testListId="8c84fa94-04c1-424b-9868-57a2d4851a1d" />
    <TestEntry testId="712470ab-f221-f319-c2aa-803fb8410baf" executionId="a86657d7-d7e1-4dc2-b5ad-197e39a9e14e" testListId="8c84fa94-04c1-424b-9868-57a2d4851a1d" />
    <TestEntry testId="8378c650-2b5f-2ec3-d9a6-1715875ee711" executionId="ed625915-045c-4823-a5db-ff6997ca0821" testListId="8c84fa94-04c1-424b-9868-57a2d4851a1d" />
    <TestEntry testId="20ddc765-e2c6-7473-68b6-c6633185233d" executionId="7486564f-d42a-4819-ae83-d30183c2e48c" testListId="8c84fa94-04c1-424b-9868-57a2d4851a1d" />
    <TestEntry testId="ca201b2c-d8d5-15af-0d2b-2ecf201d4010" executionId="265aba82-2693-4b6d-9a40-f8c2af378075" testListId="8c84fa94-04c1-424b-9868-57a2d4851a1d" />
    <TestEntry testId="7d5f37bc-f7bd-0697-8e6c-f4021523d4d5" executionId="760fef44-c64e-4691-8676-28eefc85cb44" testListId="8c84fa94-04c1-424b-9868-57a2d4851a1d" />
    <TestEntry testId="4c7822c3-6437-306a-71e3-572334bd998b" executionId="4f5f2729-db0c-4977-a03f-1950218fb3e0" testListId="8c84fa94-04c1-424b-9868-57a2d4851a1d" />
    <TestEntry testId="35fe6ea1-4cff-d337-1ab4-bf3787db85fe" executionId="98286fe9-5e34-430a-ae48-018365c71547" testListId="8c84fa94-04c1-424b-9868-57a2d4851a1d" />
    <TestEntry testId="84933732-ea14-145e-215c-9b60a8220302" executionId="8e8bc043-f3b2-4c13-8a7a-7e9671a7c4fe" testListId="8c84fa94-04c1-424b-9868-57a2d4851a1d" />
    <TestEntry testId="44eb07d2-04d2-032e-7ed8-a3a8b5126f8d" executionId="33bdcfdb-4deb-4de7-a2e6-63798d5154de" testListId="8c84fa94-04c1-424b-9868-57a2d4851a1d" />
    <TestEntry testId="af3e9215-edb1-db10-977f-0d12f93d7087" executionId="644d1ab6-ed89-4ccd-9345-5f16d6766da2" testListId="8c84fa94-04c1-424b-9868-57a2d4851a1d" />
    <TestEntry testId="c1dd5a47-69de-29ee-a1d0-f16995298bb5" executionId="252af516-1f63-4ae8-8bc1-3125a4a3a8bf" testListId="8c84fa94-04c1-424b-9868-57a2d4851a1d" />
    <TestEntry testId="36cd381c-a733-b92a-ec86-4fabc68f4682" executionId="726dde8c-1f22-48f0-8cc6-69185eefac8e" testListId="8c84fa94-04c1-424b-9868-57a2d4851a1d" />
    <TestEntry testId="512e27ff-051e-2252-48b1-8e3df028c815" executionId="f46d6028-9bbc-4bef-a150-66caef1ebfd3" testListId="8c84fa94-04c1-424b-9868-57a2d4851a1d" />
    <TestEntry testId="0a194de0-dded-a356-09f7-2b3d41799373" executionId="0ff31b88-edf2-4333-85c1-dec74236a201" testListId="8c84fa94-04c1-424b-9868-57a2d4851a1d" />
    <TestEntry testId="1cdbbd16-a0d2-c0bb-ca9e-bbbffe6be8f9" executionId="1f0e2625-de1a-4cac-8710-248e91496f8e" testListId="8c84fa94-04c1-424b-9868-57a2d4851a1d" />
    <TestEntry testId="4b802b67-d63a-15ca-c77c-e3071f4c1415" executionId="8a60acb2-d893-47b0-88d6-afb68f7f5169" testListId="8c84fa94-04c1-424b-9868-57a2d4851a1d" />
    <TestEntry testId="cd60afec-8850-c58f-6352-ece5ae1d3d9f" executionId="b841555e-824c-4b48-a15f-b19c087b3ea0" testListId="8c84fa94-04c1-424b-9868-57a2d4851a1d" />
    <TestEntry testId="6884f34d-c0d7-d473-dbeb-4f19e14c05db" executionId="d1b711f6-457f-4aa3-9254-61ddea5f7638" testListId="8c84fa94-04c1-424b-9868-57a2d4851a1d" />
    <TestEntry testId="cd37d12f-254a-b459-6baa-c2eee63378d8" executionId="2ebe628c-c5e2-44fe-8b3c-22ead507095a" testListId="8c84fa94-04c1-424b-9868-57a2d4851a1d" />
    <TestEntry testId="125c1207-dc88-1a08-c4e7-d8f74f864b88" executionId="90d837ab-836f-499e-ad91-53a97816b2a7" testListId="8c84fa94-04c1-424b-9868-57a2d4851a1d" />
    <TestEntry testId="43c72013-7c80-da83-121a-66d8bb3e9b4c" executionId="82ea60ff-d0ee-4b9c-8d49-cd1baba88130" testListId="8c84fa94-04c1-424b-9868-57a2d4851a1d" />
    <TestEntry testId="7cea2909-4d1b-23f9-455c-4a2f6b1b583c" executionId="15d1b7b7-bc6f-459c-90f1-58f64eefb08b" testListId="8c84fa94-04c1-424b-9868-57a2d4851a1d" />
    <TestEntry testId="dcac0588-47cf-b619-7420-074f24ca31fa" executionId="ecefcb07-81a9-497b-8f24-f08a3d49947c" testListId="8c84fa94-04c1-424b-9868-57a2d4851a1d" />
    <TestEntry testId="5313d9ba-9132-a0d6-29ce-cec136c3913e" executionId="0bb2d60a-8d86-41c8-b9b8-a949005021fe" testListId="8c84fa94-04c1-424b-9868-57a2d4851a1d" />
    <TestEntry testId="61d51b8f-4ac5-2c32-05d1-4032fda7c6dc" executionId="dc7637a5-77da-4f7e-b5a6-2992d4ef6d4e" testListId="8c84fa94-04c1-424b-9868-57a2d4851a1d" />
    <TestEntry testId="f3877e27-b55f-5708-7056-907dfeeb32b3" executionId="23a013c0-af16-4b0a-b18b-70b252b161e9" testListId="8c84fa94-04c1-424b-9868-57a2d4851a1d" />
    <TestEntry testId="db3a4704-7619-a5f3-3693-042f773d13e4" executionId="9d3ba180-a30a-4186-bc13-87bfaf4a444f" testListId="8c84fa94-04c1-424b-9868-57a2d4851a1d" />
    <TestEntry testId="5f120ee4-f403-5691-4457-2599c27b30cd" executionId="8ba2f6cb-ae32-483a-9f51-5c290fed23ac" testListId="8c84fa94-04c1-424b-9868-57a2d4851a1d" />
    <TestEntry testId="b637daa1-5034-4088-e687-2d9fb0e604e6" executionId="381c733b-70a0-4966-a619-a89eb3650864" testListId="8c84fa94-04c1-424b-9868-57a2d4851a1d" />
    <TestEntry testId="9cba3fad-5258-6266-cfc6-e8203cce1c52" executionId="6b23885f-0da5-4a3c-be19-cd6e87344a2c" testListId="8c84fa94-04c1-424b-9868-57a2d4851a1d" />
    <TestEntry testId="438ac641-2fff-975d-949e-308897ba16d2" executionId="e0c4798f-3e84-4244-b0f6-10d9ceb0e14c" testListId="8c84fa94-04c1-424b-9868-57a2d4851a1d" />
    <TestEntry testId="a93f3996-e643-9dd5-4bed-e20d7cf4f0a6" executionId="1ed3abde-682f-4ff1-b8aa-35408516cce7" testListId="8c84fa94-04c1-424b-9868-57a2d4851a1d" />
    <TestEntry testId="de60f4a2-d43c-18a0-9315-b919b119bcdf" executionId="01200964-c729-467d-8797-9a78b1be6abf" testListId="8c84fa94-04c1-424b-9868-57a2d4851a1d" />
    <TestEntry testId="a4f9ebce-34bb-9516-43ce-94f39f91993b" executionId="635ceffb-47e6-4ffe-bed1-3d3a3acd76bd" testListId="8c84fa94-04c1-424b-9868-57a2d4851a1d" />
    <TestEntry testId="9ccc1961-f63e-1064-aa77-3c85fe53bdb5" executionId="a86528a6-c9d8-4f5e-b6a0-4e5e77aa011a" testListId="8c84fa94-04c1-424b-9868-57a2d4851a1d" />
    <TestEntry testId="f4cd4d20-f869-e297-d975-add543373032" executionId="ecec5d9b-bd5d-4b75-b018-a4124711a2ae" testListId="8c84fa94-04c1-424b-9868-57a2d4851a1d" />
    <TestEntry testId="543181f0-00cd-63d6-8d8c-896b2b6f6c66" executionId="33323165-b8ec-4a2d-886b-25f1423a6713" testListId="8c84fa94-04c1-424b-9868-57a2d4851a1d" />
    <TestEntry testId="b2715c71-06d7-13c9-16fb-81ba051840ec" executionId="287c72e5-e325-4fb2-8e14-d6d603529345" testListId="8c84fa94-04c1-424b-9868-57a2d4851a1d" />
    <TestEntry testId="c34a3a2f-5356-0937-8892-ae06043ab8f3" executionId="120a3513-5769-41b6-9a07-2eac717699ae" testListId="8c84fa94-04c1-424b-9868-57a2d4851a1d" />
    <TestEntry testId="7e12684c-4699-4584-8f41-01e87c0b1a46" executionId="2acc68e9-5d14-425d-bd50-887ae54150e3" testListId="8c84fa94-04c1-424b-9868-57a2d4851a1d" />
    <TestEntry testId="0573564b-1498-95b5-230a-5928186766b0" executionId="870ecd47-9892-4713-9231-847759c9f9d6" testListId="8c84fa94-04c1-424b-9868-57a2d4851a1d" />
    <TestEntry testId="e8850003-3269-85f4-6d5d-3ee09f47cbc9" executionId="7a493877-0618-4a9e-8df2-a9912128dfe6" testListId="8c84fa94-04c1-424b-9868-57a2d4851a1d" />
  </TestEntries>
  <TestLists>
    <TestList name="Results Not in a List" id="8c84fa94-04c1-424b-9868-57a2d4851a1d" />
    <TestList name="All Loaded Results" id="19431567-8539-422a-85d7-44ee4e166bda" />
  </TestLists>
  <ResultSummary outcome="Completed">
    <Counters total="120" executed="120" passed="120" failed="0" error="0" timeout="0" aborted="0" inconclusive="0" passedButRunAborted="0" notRunnable="0" notExecuted="0" disconnected="0" warning="0" completed="0" inProgress="0" pending="0" />
    <Output>
      <StdOut>[xUnit.net 00:00:00.00] xUnit.net VSTest Adapter v2.5.3.1+6b60a9e56a (64-bit .NET 8.0.21)
[xUnit.net 00:00:00.28]   Discovering: AgendamentoConsultas.Tests
[xUnit.net 00:00:00.43]   Discovered:  AgendamentoConsultas.Tests
[xUnit.net 00:00:00.46]   Starting:    AgendamentoConsultas.Tests
     Warning:
     The component "Fluent Assertions" is governed by the rules defined in the Xceed License Agreement and
     the Xceed Fluent Assertions Community License. You may use Fluent Assertions free of charge for
     non-commercial use only. An active subscription is required to use Fluent Assertions for commercial use.
     Please contact Xceed Sales mailto:sales@xceed.com to acquire a subscription at a very low cost.
     A paid commercial license supports the development and continued increasing support of
     Fluent Assertions users under both commercial and community licenses. Help us
     keep Fluent Assertions at the forefront of unit testing.
     For more information, visit https://xceed.com/products/unit-testing/fluent-assertions/
[xUnit.net 00:00:01.21]   Finished:    AgendamentoConsultas.Tests
</StdOut>
    </Output>
  </ResultSummary>
</TestRun>