<?xml version="1.0" encoding="utf-8"?>
<TestRun id="4cdb156b-c148-4c81-817c-9e9682b11187" name="@cursor 2025-10-23 00:35:29" xmlns="http://microsoft.com/schemas/VisualStudio/TeamTest/2010">
  <Times creation="2025-10-23T00:35:29.6419514+00:00" queuing="2025-10-23T00:35:29.6419515+00:00" start="2025-10-23T00:35:25.9429966+00:00" finish="2025-10-23T00:35:30.8055081+00:00" />
  <TestSettings name="default" id="5ca48a76-174e-49b3-94e4-df12d6b40b2c">
    <Deployment runDeploymentRoot="_cursor_2025-10-23_00_35_29" />
  </TestSettings>
  <Results>
    <UnitTestResult executionId="c50c770a-a7f5-4300-8727-a7c10bab9682" testId="20ddc765-e2c6-7473-68b6-c6633185233d" testName="AgendamentoConsultas.Tests.Application.UseCases.Agendamento.CancelarAgendamentoUseCaseTests.ExecutarAsync_ComAgendamentoInexistente_DeveRetornarFalha" computerName="cursor" duration="00:00:00.0085295" startTime="2025-10-23T00:35:29.8173454+00:00" endTime="2025-10-23T00:35:29.8173455+00:00" testType="13cdc9d9-ddb5-4fa4-a97d-d965ccfc6d4b" outcome="Passed" testListId="8c84fa94-04c1-424b-9868-57a2d4851a1d" relativeResultsDirectory="c50c770a-a7f5-4300-8727-a7c10bab9682" />
    <UnitTestResult executionId="c1b07fbb-245b-40b0-b060-edbb2166e456" testId="38526e3d-6cdd-17a6-48a2-03fb9043a2c0" testName="AgendamentoConsultas.Tests.Application.UseCases.Agendamento.ObterAgendamentosPorClienteUseCaseTests.ExecutarAsync_ComClienteInexistente_DeveRetornarFalha" computerName="cursor" duration="00:00:00.0271251" startTime="2025-10-23T00:35:29.8658340+00:00" endTime="2025-10-23T00:35:29.8658341+00:00" testType="13cdc9d9-ddb5-4fa4-a97d-d965ccfc6d4b" outcome="Passed" testListId="8c84fa94-04c1-424b-9868-57a2d4851a1d" relativeResultsDirectory="c1b07fbb-245b-40b0-b060-edbb2166e456" />
    <UnitTestResult executionId="fc9f003a-6aa3-4fcb-a60b-d30c2d79d149" testId="1cdbbd16-a0d2-c0bb-ca9e-bbbffe6be8f9" testName="AgendamentoConsultas.Tests.Infrastructure.Repositories.AgendamentoRepositoryTests.AdicionarAsync_DeveAdicionarAgendamento" computerName="cursor" duration="00:00:00.0111804" startTime="2025-10-23T00:35:29.7893456+00:00" endTime="2025-10-23T00:35:29.7893458+00:00" testType="13cdc9d9-ddb5-4fa4-a97d-d965ccfc6d4b" outcome="Passed" testListId="8c84fa94-04c1-424b-9868-57a2d4851a1d" relativeResultsDirectory="fc9f003a-6aa3-4fcb-a60b-d30c2d79d149" />
    <UnitTestResult executionId="7b26db2d-f94c-4155-82c3-d24d3a001856" testId="36cd381c-a733-b92a-ec86-4fabc68f4682" testName="AgendamentoConsultas.Tests.Domain.Entities.AgendamentoTests.Criar_ComMinutosInvalidos_DeveRetornarFalha(minutos: 5)" computerName="cursor" duration="00:00:00.0003336" startTime="2025-10-23T00:35:29.8108536+00:00" endTime="2025-10-23T00:35:29.8108537+00:00" testType="13cdc9d9-ddb5-4fa4-a97d-d965ccfc6d4b" outcome="Passed" testListId="8c84fa94-04c1-424b-9868-57a2d4851a1d" relativeResultsDirectory="7b26db2d-f94c-4155-82c3-d24d3a001856" />
    <UnitTestResult executionId="72d68bbf-dda2-45a0-8baa-8a25adeeec7c" testId="44ea77a7-6309-9711-f501-0490df6c501f" testName="AgendamentoConsultas.Tests.Application.UseCases.Agendamento.ObterAgendamentosPorClienteUseCaseTests.ExecutarAsync_ComClienteExistente_DeveRetornarAgendamentos" computerName="cursor" duration="00:00:00.0153667" startTime="2025-10-23T00:35:29.8784864+00:00" endTime="2025-10-23T00:35:29.8784865+00:00" testType="13cdc9d9-ddb5-4fa4-a97d-d965ccfc6d4b" outcome="Failed" testListId="8c84fa94-04c1-424b-9868-57a2d4851a1d" relativeResultsDirectory="72d68bbf-dda2-45a0-8baa-8a25adeeec7c">
      <Output>
        <ErrorInfo>
          <Message>System.NullReferenceException : Object reference not set to an instance of an object.</Message>
          <StackTrace>   at AgendamentoConsultas.Application.Extensions.AgendamentoExtensions.ToDto(Agendamento agendamento, String nomeCliente) in /workspace/AgendamentoConsultas.Application/Extensions/AgendamentoExtensions.cs:line 10
   at AgendamentoConsultas.Application.UseCases.Agendamento.ObterAgendamentosPorClienteUseCase.&lt;&gt;c__DisplayClass3_0.&lt;ExecutarAsync&gt;b__0(Agendamento a) in /workspace/AgendamentoConsultas.Application/UseCases/Agendamento/ObterAgendamentosPorClienteUseCase.cs:line 29
   at System.Linq.Enumerable.SelectListIterator`2.GetCount(Boolean onlyIfCheap)
   at FluentAssertions.Collections.GenericCollectionAssertions`3.HaveCount(Int32 expected, String because, Object[] becauseArgs)
   at AgendamentoConsultas.Tests.Application.UseCases.Agendamento.ObterAgendamentosPorClienteUseCaseTests.ExecutarAsync_ComClienteExistente_DeveRetornarAgendamentos() in /workspace/AgendamentoConsultas.Tests/Application/UseCases/Agendamento/ObterAgendamentosPorClienteUseCaseTests.cs:line 62
--- End of stack trace from previous location ---</StackTrace>
        </ErrorInfo>
      </Output>
    </UnitTestResult>
    <UnitTestResult executionId="9f2f25fe-683b-491b-b389-7301455fa0f6" testId="08671455-9f0d-bf2f-d478-e8171b8658fa" testName="AgendamentoConsultas.Tests.Domain.Entities.ClienteTests.Criar_ComCpfInvalido_DeveRetornarFalha(cpf: &quot;12345678901234&quot;)" computerName="cursor" duration="00:00:00.0035620" startTime="2025-10-23T00:35:29.6528686+00:00" endTime="2025-10-23T00:35:29.6528687+00:00" testType="13cdc9d9-ddb5-4fa4-a97d-d965ccfc6d4b" outcome="Passed" testListId="8c84fa94-04c1-424b-9868-57a2d4851a1d" relativeResultsDirectory="9f2f25fe-683b-491b-b389-7301455fa0f6" />
    <UnitTestResult executionId="b834a1c8-fe70-487e-ac41-beda04a689e3" testId="d1f45e57-7ebf-25c3-7110-c2b56ae14034" testName="AgendamentoConsultas.Tests.Domain.Entities.AgendamentoTests.Criar_NoDomingo_DeveRetornarFalha" computerName="cursor" duration="00:00:00.0003458" startTime="2025-10-23T00:35:29.9815514+00:00" endTime="2025-10-23T00:35:29.9815514+00:00" testType="13cdc9d9-ddb5-4fa4-a97d-d965ccfc6d4b" outcome="Passed" testListId="8c84fa94-04c1-424b-9868-57a2d4851a1d" relativeResultsDirectory="b834a1c8-fe70-487e-ac41-beda04a689e3" />
    <UnitTestResult executionId="4fca70af-3117-4f73-bb1c-0b82245e5f7a" testId="a93f3996-e643-9dd5-4bed-e20d7cf4f0a6" testName="AgendamentoConsultas.Tests.Application.Validators.ReagendarDtoValidatorTests.Validate_ComMinutosInvalidos_DeveSerInvalido(minutos: 15)" computerName="cursor" duration="00:00:00.0019039" startTime="2025-10-23T00:35:29.6226678+00:00" endTime="2025-10-23T00:35:29.6226680+00:00" testType="13cdc9d9-ddb5-4fa4-a97d-d965ccfc6d4b" outcome="Passed" testListId="8c84fa94-04c1-424b-9868-57a2d4851a1d" relativeResultsDirectory="4fca70af-3117-4f73-bb1c-0b82245e5f7a" />
    <UnitTestResult executionId="44556761-b60d-4c62-85ea-d847dca39c1c" testId="ddb78880-ae7e-75c3-b911-07730c5401dc" testName="AgendamentoConsultas.Tests.Application.UseCases.Cliente.CriarClienteUseCaseTests.ExecutarAsync_ComDadosInvalidos_DeveRetornarFalha(nome: &quot;João&quot;, cpf: &quot;123.456.789-09&quot;, email: &quot;joao@email.com&quot;, telefone: &quot;&quot;)" computerName="cursor" duration="00:00:00.0149060" startTime="2025-10-23T00:35:29.8708694+00:00" endTime="2025-10-23T00:35:29.8708695+00:00" testType="13cdc9d9-ddb5-4fa4-a97d-d965ccfc6d4b" outcome="Passed" testListId="8c84fa94-04c1-424b-9868-57a2d4851a1d" relativeResultsDirectory="44556761-b60d-4c62-85ea-d847dca39c1c" />
    <UnitTestResult executionId="ddc0b374-a57c-44ad-9aa7-84b3741289d1" testId="4c7822c3-6437-306a-71e3-572334bd998b" testName="AgendamentoConsultas.Tests.Application.UseCases.Cliente.CriarClienteUseCaseTests.ExecutarAsync_ComDadosInvalidos_DeveRetornarFalha(nome: &quot;João&quot;, cpf: &quot;123.456.789-09&quot;, email: &quot;&quot;, telefone: &quot;(11) 98765-4321&quot;)" computerName="cursor" duration="00:00:00.0002970" startTime="2025-10-23T00:35:29.8727923+00:00" endTime="2025-10-23T00:35:29.8727924+00:00" testType="13cdc9d9-ddb5-4fa4-a97d-d965ccfc6d4b" outcome="Passed" testListId="8c84fa94-04c1-424b-9868-57a2d4851a1d" relativeResultsDirectory="ddc0b374-a57c-44ad-9aa7-84b3741289d1" />
    <UnitTestResult executionId="d86246c7-ff9a-4587-ad31-b0f88aefea24" testId="324a31c7-f906-a3a9-6b51-79c7d9d61f3c" testName="AgendamentoConsultas.Tests.Application.Validators.CriarClienteDtoValidatorTests.Validate_ComCpfInvalido_DeveSerInvalido(cpf: &quot;&quot;)" computerName="cursor" duration="00:00:00.0043610" startTime="2025-10-23T00:35:29.7235778+00:00" endTime="2025-10-23T00:35:29.7235779+00:00" testType="13cdc9d9-ddb5-4fa4-a97d-d965ccfc6d4b" outcome="Passed" testListId="8c84fa94-04c1-424b-9868-57a2d4851a1d" relativeResultsDirectory="d86246c7-ff9a-4587-ad31-b0f88aefea24" />
    <UnitTestResult executionId="782fbec0-6820-4a90-ac72-5876a2e7e7d6" testId="512e27ff-051e-2252-48b1-8e3df028c815" testName="AgendamentoConsultas.Tests.Infrastructure.Repositories.AgendamentoRepositoryTests.AtualizarAsync_ComAgendamentoExistente_DeveAtualizarERetornarTrue" computerName="cursor" duration="00:00:00.0011417" startTime="2025-10-23T00:35:29.6961593+00:00" endTime="2025-10-23T00:35:29.6961594+00:00" testType="13cdc9d9-ddb5-4fa4-a97d-d965ccfc6d4b" outcome="Passed" testListId="8c84fa94-04c1-424b-9868-57a2d4851a1d" relativeResultsDirectory="782fbec0-6820-4a90-ac72-5876a2e7e7d6" />
    <UnitTestResult executionId="77e2fd36-b31c-409f-86ad-64e48bf0095b" testId="61d51b8f-4ac5-2c32-05d1-4032fda7c6dc" testName="AgendamentoConsultas.Tests.Domain.Entities.AgendamentoTests.Reagendar_ComDataHoraValida_DeveReagendar" computerName="cursor" duration="00:00:00.1528646" startTime="2025-10-23T00:35:29.9653222+00:00" endTime="2025-10-23T00:35:29.9653224+00:00" testType="13cdc9d9-ddb5-4fa4-a97d-d965ccfc6d4b" outcome="Failed" testListId="8c84fa94-04c1-424b-9868-57a2d4851a1d" relativeResultsDirectory="77e2fd36-b31c-409f-86ad-64e48bf0095b">
      <Output>
        <ErrorInfo>
          <Message>Expected result.IsSuccess to be True, but found False.</Message>
          <StackTrace>   at FluentAssertions.Execution.LateBoundTestFramework.Throw(String message)
   at FluentAssertions.Execution.DefaultAssertionStrategy.HandleFailure(String message)
   at FluentAssertions.Execution.AssertionScope.AddPreFormattedFailure(String formattedFailureMessage)
   at FluentAssertions.Execution.AssertionChain.FailWith(Func`1 getFailureReason)
   at FluentAssertions.Execution.AssertionChain.FailWith(Func`1 getFailureReason)
   at FluentAssertions.Execution.AssertionChain.FailWith(String message, Object[] args)
   at FluentAssertions.Primitives.BooleanAssertions`1.BeTrue(String because, Object[] becauseArgs)
   at AgendamentoConsultas.Tests.Domain.Entities.AgendamentoTests.Reagendar_ComDataHoraValida_DeveReagendar() in /workspace/AgendamentoConsultas.Tests/Domain/Entities/AgendamentoTests.cs:line 108
   at System.RuntimeMethodHandle.InvokeMethod(Object target, Void** arguments, Signature sig, Boolean isConstructor)
   at System.Reflection.MethodBaseInvoker.InvokeWithNoArgs(Object obj, BindingFlags invokeAttr)</StackTrace>
        </ErrorInfo>
      </Output>
    </UnitTestResult>
    <UnitTestResult executionId="7779b3bc-ac45-4ad5-ae0f-845d0c5e5593" testId="e8850003-3269-85f4-6d5d-3ee09f47cbc9" testName="AgendamentoConsultas.Tests.Application.UseCases.Cliente.AtualizarClienteUseCaseTests.ExecutarAsync_ComDadosInvalidos_DeveRetornarFalha(nome: &quot;&quot;, email: &quot;joao@email.com&quot;, telefone: &quot;(11) 98765-4321&quot;)" computerName="cursor" duration="00:00:00.0006773" startTime="2025-10-23T00:35:29.8510558+00:00" endTime="2025-10-23T00:35:29.8510559+00:00" testType="13cdc9d9-ddb5-4fa4-a97d-d965ccfc6d4b" outcome="Passed" testListId="8c84fa94-04c1-424b-9868-57a2d4851a1d" relativeResultsDirectory="7779b3bc-ac45-4ad5-ae0f-845d0c5e5593" />
    <UnitTestResult executionId="12465e09-d438-439c-9d5a-24b3473eb9c2" testId="7cfbf410-04d8-1416-949f-978d020082ba" testName="AgendamentoConsultas.Tests.Application.Validators.CriarClienteDtoValidatorTests.Validate_ComEmailInvalido_DeveSerInvalido(email: &quot;&quot;)" computerName="cursor" duration="00:00:00.0009062" startTime="2025-10-23T00:35:29.7119190+00:00" endTime="2025-10-23T00:35:29.7119191+00:00" testType="13cdc9d9-ddb5-4fa4-a97d-d965ccfc6d4b" outcome="Passed" testListId="8c84fa94-04c1-424b-9868-57a2d4851a1d" relativeResultsDirectory="12465e09-d438-439c-9d5a-24b3473eb9c2" />
    <UnitTestResult executionId="57242244-4122-41b7-b29c-df432583b2cc" testId="b2715c71-06d7-13c9-16fb-81ba051840ec" testName="AgendamentoConsultas.Tests.Domain.Entities.ClienteTests.Atualizar_ComDadosValidos_DeveAtualizarCliente" computerName="cursor" duration="00:00:00.0047952" startTime="2025-10-23T00:35:29.6739083+00:00" endTime="2025-10-23T00:35:29.6739084+00:00" testType="13cdc9d9-ddb5-4fa4-a97d-d965ccfc6d4b" outcome="Passed" testListId="8c84fa94-04c1-424b-9868-57a2d4851a1d" relativeResultsDirectory="57242244-4122-41b7-b29c-df432583b2cc" />
    <UnitTestResult executionId="4ad6728e-6bd6-4533-82fe-f27eb2cc6e0c" testId="a1ae39ca-870a-9dd3-7376-484000b1c214" testName="AgendamentoConsultas.Tests.Application.Validators.CriarClienteDtoValidatorTests.Validate_ComNomeInvalido_DeveSerInvalido(nome: &quot;Jo&quot;)" computerName="cursor" duration="00:00:00.0106925" startTime="2025-10-23T00:35:29.7131447+00:00" endTime="2025-10-23T00:35:29.7131448+00:00" testType="13cdc9d9-ddb5-4fa4-a97d-d965ccfc6d4b" outcome="Passed" testListId="8c84fa94-04c1-424b-9868-57a2d4851a1d" relativeResultsDirectory="4ad6728e-6bd6-4533-82fe-f27eb2cc6e0c" />
    <UnitTestResult executionId="9c8db851-451e-4a9f-a6e0-e67dd0585ac7" testId="3747830a-a479-5d06-ce85-f00809ac9c1b" testName="AgendamentoConsultas.Tests.Infrastructure.Repositories.ClienteRepositoryTests.ObterPorCpfAsync_ComCpfInexistente_DeveRetornarNull" computerName="cursor" duration="00:00:00.0070235" startTime="2025-10-23T00:35:29.6429557+00:00" endTime="2025-10-23T00:35:29.6429558+00:00" testType="13cdc9d9-ddb5-4fa4-a97d-d965ccfc6d4b" outcome="Passed" testListId="8c84fa94-04c1-424b-9868-57a2d4851a1d" relativeResultsDirectory="9c8db851-451e-4a9f-a6e0-e67dd0585ac7" />
    <UnitTestResult executionId="9df217cc-9c6d-437d-b917-a129ddee0e22" testId="ec010c0e-6f0d-6b85-ff81-e65e828fc508" testName="AgendamentoConsultas.Tests.Application.UseCases.Agendamento.CriarAgendamentoUseCaseTests.ExecutarAsync_ComDataHoraPassada_DeveRetornarFalha" computerName="cursor" duration="00:00:00.0230587" startTime="2025-10-23T00:35:29.8038003+00:00" endTime="2025-10-23T00:35:29.8038005+00:00" testType="13cdc9d9-ddb5-4fa4-a97d-d965ccfc6d4b" outcome="Passed" testListId="8c84fa94-04c1-424b-9868-57a2d4851a1d" relativeResultsDirectory="9df217cc-9c6d-437d-b917-a129ddee0e22" />
    <UnitTestResult executionId="50d740bb-766b-4e19-b014-204ec03d55ba" testId="b637daa1-5034-4088-e687-2d9fb0e604e6" testName="AgendamentoConsultas.Tests.Domain.Entities.AgendamentoTests.Criar_ComDataHoraPassada_DeveRetornarFalha" computerName="cursor" duration="00:00:00.0002105" startTime="2025-10-23T00:35:29.8148247+00:00" endTime="2025-10-23T00:35:29.8148248+00:00" testType="13cdc9d9-ddb5-4fa4-a97d-d965ccfc6d4b" outcome="Passed" testListId="8c84fa94-04c1-424b-9868-57a2d4851a1d" relativeResultsDirectory="50d740bb-766b-4e19-b014-204ec03d55ba" />
    <UnitTestResult executionId="a3d1833b-6fd8-42ed-945d-dcf2dea2168c" testId="2881279b-d829-ad49-6694-cf192c89c3de" testName="AgendamentoConsultas.Tests.Application.Validators.ReagendarDtoValidatorTests.Validate_ComDataHoraPassada_DeveSerInvalido" computerName="cursor" duration="00:00:00.0087981" startTime="2025-10-23T00:35:29.6164536+00:00" endTime="2025-10-23T00:35:29.6164537+00:00" testType="13cdc9d9-ddb5-4fa4-a97d-d965ccfc6d4b" outcome="Passed" testListId="8c84fa94-04c1-424b-9868-57a2d4851a1d" relativeResultsDirectory="a3d1833b-6fd8-42ed-945d-dcf2dea2168c" />
    <UnitTestResult executionId="d3603fa2-e285-412e-8ccb-2a96243341c2" testId="8fa19cb4-cc02-b473-a500-08c61868bcef" testName="AgendamentoConsultas.Tests.Domain.Entities.ClienteTests.Atualizar_ComDataNascimentoFutura_DeveRetornarFalha" computerName="cursor" duration="00:00:00.0079734" startTime="2025-10-23T00:35:29.6692044+00:00" endTime="2025-10-23T00:35:29.6692045+00:00" testType="13cdc9d9-ddb5-4fa4-a97d-d965ccfc6d4b" outcome="Passed" testListId="8c84fa94-04c1-424b-9868-57a2d4851a1d" relativeResultsDirectory="d3603fa2-e285-412e-8ccb-2a96243341c2" />
    <UnitTestResult executionId="d6f41cde-3af3-4882-8ab0-7b588410bfbd" testId="cd37d12f-254a-b459-6baa-c2eee63378d8" testName="AgendamentoConsultas.Tests.Domain.Entities.ClienteTests.Atualizar_ComNomeInvalido_DeveRetornarFalha(nome: &quot;&quot;, email: &quot;joao@email.com&quot;, telefone: &quot;(11) 98765-4321&quot;)" computerName="cursor" duration="00:00:00.0002676" startTime="2025-10-23T00:35:29.6597172+00:00" endTime="2025-10-23T00:35:29.6597173+00:00" testType="13cdc9d9-ddb5-4fa4-a97d-d965ccfc6d4b" outcome="Passed" testListId="8c84fa94-04c1-424b-9868-57a2d4851a1d" relativeResultsDirectory="d6f41cde-3af3-4882-8ab0-7b588410bfbd" />
    <UnitTestResult executionId="822583b6-0842-4243-ad36-3daacc754429" testId="57fd3db6-78ee-10d7-9c8b-0c7836806461" testName="AgendamentoConsultas.Tests.Domain.Entities.ClienteTests.Criar_ComDadosValidos_DeveCriarCliente" computerName="cursor" duration="00:00:00.0015312" startTime="2025-10-23T00:35:29.6700526+00:00" endTime="2025-10-23T00:35:29.6700527+00:00" testType="13cdc9d9-ddb5-4fa4-a97d-d965ccfc6d4b" outcome="Passed" testListId="8c84fa94-04c1-424b-9868-57a2d4851a1d" relativeResultsDirectory="822583b6-0842-4243-ad36-3daacc754429" />
    <UnitTestResult executionId="a12f7f7a-2660-4c5d-8c00-849f0313b3fb" testId="8a08f93e-3d43-fa38-d945-d7dd3b635696" testName="AgendamentoConsultas.Tests.Domain.Entities.AgendamentoTests.Criar_ComHorarioForaDoAtendimento_DeveRetornarFalha(hora: 23)" computerName="cursor" duration="00:00:00.0003586" startTime="2025-10-23T00:35:29.8297157+00:00" endTime="2025-10-23T00:35:29.8297158+00:00" testType="13cdc9d9-ddb5-4fa4-a97d-d965ccfc6d4b" outcome="Passed" testListId="8c84fa94-04c1-424b-9868-57a2d4851a1d" relativeResultsDirectory="a12f7f7a-2660-4c5d-8c00-849f0313b3fb" />
    <UnitTestResult executionId="9e2c8d39-2124-4249-a848-fc5d7e83c77d" testId="6a541c6c-76a6-f934-9aa8-59fa358dbeab" testName="AgendamentoConsultas.Tests.Domain.Entities.ClienteTests.Criar_ComCpfInvalido_DeveRetornarFalha(cpf: &quot;123&quot;)" computerName="cursor" duration="00:00:00.0071404" startTime="2025-10-23T00:35:29.6435893+00:00" endTime="2025-10-23T00:35:29.6435894+00:00" testType="13cdc9d9-ddb5-4fa4-a97d-d965ccfc6d4b" outcome="Passed" testListId="8c84fa94-04c1-424b-9868-57a2d4851a1d" relativeResultsDirectory="9e2c8d39-2124-4249-a848-fc5d7e83c77d" />
    <UnitTestResult executionId="20bfa2a6-efcf-4c2f-b1fb-9c669cf55d60" testId="e734156c-d846-ce01-3468-7a436b275a09" testName="AgendamentoConsultas.Tests.Infrastructure.Repositories.ClienteRepositoryTests.ObterPorIdAsync_ComIdInexistente_DeveRetornarNull" computerName="cursor" duration="00:00:00.0008152" startTime="2025-10-23T00:35:29.3938528+00:00" endTime="2025-10-23T00:35:29.3938530+00:00" testType="13cdc9d9-ddb5-4fa4-a97d-d965ccfc6d4b" outcome="Passed" testListId="8c84fa94-04c1-424b-9868-57a2d4851a1d" relativeResultsDirectory="20bfa2a6-efcf-4c2f-b1fb-9c669cf55d60" />
    <UnitTestResult executionId="bdeff17a-2c8c-4940-a7d0-dcd2a1dc2ef0" testId="daf47299-ea02-f29b-3137-f1b93fad85f8" testName="AgendamentoConsultas.Tests.Infrastructure.Repositories.ClienteRepositoryTests.RemoverAsync_ComClienteExistente_DeveRemoverERetornarTrue" computerName="cursor" duration="00:00:00.0012738" startTime="2025-10-23T00:35:29.6417478+00:00" endTime="2025-10-23T00:35:29.6417480+00:00" testType="13cdc9d9-ddb5-4fa4-a97d-d965ccfc6d4b" outcome="Passed" testListId="8c84fa94-04c1-424b-9868-57a2d4851a1d" relativeResultsDirectory="bdeff17a-2c8c-4940-a7d0-dcd2a1dc2ef0" />
    <UnitTestResult executionId="c1984e9d-2344-46f5-b4a9-b3a06c2a9a85" testId="700eb145-98ff-ba41-fc05-f142470dcc43" testName="AgendamentoConsultas.Tests.Application.UseCases.Cliente.CriarClienteUseCaseTests.ExecutarAsync_ComDadosInvalidos_DeveRetornarFalha(nome: &quot;&quot;, cpf: &quot;123.456.789-09&quot;, email: &quot;joao@email.com&quot;, telefone: &quot;(11) 98765-4321&quot;)" computerName="cursor" duration="00:00:00.0006494" startTime="2025-10-23T00:35:29.8715025+00:00" endTime="2025-10-23T00:35:29.8715026+00:00" testType="13cdc9d9-ddb5-4fa4-a97d-d965ccfc6d4b" outcome="Passed" testListId="8c84fa94-04c1-424b-9868-57a2d4851a1d" relativeResultsDirectory="c1984e9d-2344-46f5-b4a9-b3a06c2a9a85" />
    <UnitTestResult executionId="256feaef-50fc-4351-ba89-0838d71e4ca0" testId="f3877e27-b55f-5708-7056-907dfeeb32b3" testName="AgendamentoConsultas.Tests.Infrastructure.Repositories.ClienteRepositoryTests.AtualizarAsync_ComClienteInexistente_DeveRetornarFalse" computerName="cursor" duration="00:00:00.0008226" startTime="2025-10-23T00:35:29.3931361+00:00" endTime="2025-10-23T00:35:29.3931363+00:00" testType="13cdc9d9-ddb5-4fa4-a97d-d965ccfc6d4b" outcome="Passed" testListId="8c84fa94-04c1-424b-9868-57a2d4851a1d" relativeResultsDirectory="256feaef-50fc-4351-ba89-0838d71e4ca0" />
    <UnitTestResult executionId="d7c56e03-25ac-4a11-9444-1da89fbd7879" testId="d761e322-6dba-0561-8ac5-710196f657c6" testName="AgendamentoConsultas.Tests.Infrastructure.Repositories.AgendamentoRepositoryTests.AtualizarAsync_ComAgendamentoInexistente_DeveRetornarFalse" computerName="cursor" duration="00:00:00.0056968" startTime="2025-10-23T00:35:29.6888950+00:00" endTime="2025-10-23T00:35:29.6888952+00:00" testType="13cdc9d9-ddb5-4fa4-a97d-d965ccfc6d4b" outcome="Passed" testListId="8c84fa94-04c1-424b-9868-57a2d4851a1d" relativeResultsDirectory="d7c56e03-25ac-4a11-9444-1da89fbd7879" />
    <UnitTestResult executionId="99a284dd-aacc-4ba3-a269-44c698bcc8f4" testId="7cea2909-4d1b-23f9-455c-4a2f6b1b583c" testName="AgendamentoConsultas.Tests.Application.UseCases.Agendamento.ObterHorariosDisponiveisUseCaseTests.ExecutarAsync_ComHorariosOcupados_DeveMarcaComoIndisponivel" computerName="cursor" duration="00:00:00.0256687" startTime="2025-10-23T00:35:29.8096441+00:00" endTime="2025-10-23T00:35:29.8096443+00:00" testType="13cdc9d9-ddb5-4fa4-a97d-d965ccfc6d4b" outcome="Passed" testListId="8c84fa94-04c1-424b-9868-57a2d4851a1d" relativeResultsDirectory="99a284dd-aacc-4ba3-a269-44c698bcc8f4" />
    <UnitTestResult executionId="731aebbb-65c4-453d-8ce3-1f0d22bae19f" testId="aae0937e-9113-d21e-f86e-48ac7427953a" testName="AgendamentoConsultas.Tests.Application.Validators.CriarClienteDtoValidatorTests.Validate_ComNomeInvalido_DeveSerInvalido(nome: &quot;&quot;)" computerName="cursor" duration="00:00:00.0059077" startTime="2025-10-23T00:35:29.7137189+00:00" endTime="2025-10-23T00:35:29.7137191+00:00" testType="13cdc9d9-ddb5-4fa4-a97d-d965ccfc6d4b" outcome="Passed" testListId="8c84fa94-04c1-424b-9868-57a2d4851a1d" relativeResultsDirectory="731aebbb-65c4-453d-8ce3-1f0d22bae19f" />
    <UnitTestResult executionId="f7ddd2bb-feb5-4e86-a01c-1b4487ed729b" testId="b6e7a9c9-1492-fc74-990d-309210abd646" testName="AgendamentoConsultas.Tests.Infrastructure.Repositories.AgendamentoRepositoryTests.RemoverAsync_ComAgendamentoExistente_DeveRemoverERetornarTrue" computerName="cursor" duration="00:00:00.0055725" startTime="2025-10-23T00:35:29.7019386+00:00" endTime="2025-10-23T00:35:29.7019388+00:00" testType="13cdc9d9-ddb5-4fa4-a97d-d965ccfc6d4b" outcome="Passed" testListId="8c84fa94-04c1-424b-9868-57a2d4851a1d" relativeResultsDirectory="f7ddd2bb-feb5-4e86-a01c-1b4487ed729b" />
    <UnitTestResult executionId="af04d9f3-9b72-408a-8568-23e0dfc8556b" testId="543181f0-00cd-63d6-8d8c-896b2b6f6c66" testName="AgendamentoConsultas.Tests.Application.UseCases.Agendamento.CriarAgendamentoUseCaseTests.ExecutarAsync_ComDadosValidos_DeveCriarAgendamento" computerName="cursor" duration="00:00:00.0674252" startTime="2025-10-23T00:35:29.8276543+00:00" endTime="2025-10-23T00:35:29.8276544+00:00" testType="13cdc9d9-ddb5-4fa4-a97d-d965ccfc6d4b" outcome="Passed" testListId="8c84fa94-04c1-424b-9868-57a2d4851a1d" relativeResultsDirectory="af04d9f3-9b72-408a-8568-23e0dfc8556b" />
    <UnitTestResult executionId="a2713306-5fde-4a0f-b2ed-6fb204463d05" testId="ac9ed110-da8c-669d-2be8-98d2acb39b8e" testName="AgendamentoConsultas.Tests.Domain.Entities.AgendamentoTests.Criar_NoSabado_DeveRetornarFalha" computerName="cursor" duration="00:00:00.0004501" startTime="2025-10-23T00:35:29.9747319+00:00" endTime="2025-10-23T00:35:29.9747321+00:00" testType="13cdc9d9-ddb5-4fa4-a97d-d965ccfc6d4b" outcome="Passed" testListId="8c84fa94-04c1-424b-9868-57a2d4851a1d" relativeResultsDirectory="a2713306-5fde-4a0f-b2ed-6fb204463d05" />
    <UnitTestResult executionId="19ebedee-3a5c-47f2-adcb-96504e00cfd9" testId="c1dd5a47-69de-29ee-a1d0-f16995298bb5" testName="AgendamentoConsultas.Tests.Domain.Entities.ClienteTests.Criar_ComCpfInvalido_DeveRetornarFalha(cpf: null)" computerName="cursor" duration="00:00:00.0004152" startTime="2025-10-23T00:35:29.6485637+00:00" endTime="2025-10-23T00:35:29.6485638+00:00" testType="13cdc9d9-ddb5-4fa4-a97d-d965ccfc6d4b" outcome="Passed" testListId="8c84fa94-04c1-424b-9868-57a2d4851a1d" relativeResultsDirectory="19ebedee-3a5c-47f2-adcb-96504e00cfd9" />
    <UnitTestResult executionId="62b41da8-e6a5-4351-95f4-54cd83e432e3" testId="a4f9ebce-34bb-9516-43ce-94f39f91993b" testName="AgendamentoConsultas.Tests.Domain.Entities.ClienteTests.Criar_ComTelefoneInvalido_DeveRetornarFalha(telefone: &quot;   &quot;)" computerName="cursor" duration="00:00:00.0000292" startTime="2025-10-23T00:35:29.6420413+00:00" endTime="2025-10-23T00:35:29.6420414+00:00" testType="13cdc9d9-ddb5-4fa4-a97d-d965ccfc6d4b" outcome="Passed" testListId="8c84fa94-04c1-424b-9868-57a2d4851a1d" relativeResultsDirectory="62b41da8-e6a5-4351-95f4-54cd83e432e3" />
    <UnitTestResult executionId="49e87aea-605a-412c-8565-a6b2d67d5f34" testId="382c662d-1a16-4e48-29ff-30746aaeb2cb" testName="AgendamentoConsultas.Tests.Domain.Entities.AgendamentoTests.Cancelar_AgendamentoJaCancelado_DeveRetornarFalha" computerName="cursor" duration="00:00:00.0002808" startTime="2025-10-23T00:35:29.8142844+00:00" endTime="2025-10-23T00:35:29.8142845+00:00" testType="13cdc9d9-ddb5-4fa4-a97d-d965ccfc6d4b" outcome="Passed" testListId="8c84fa94-04c1-424b-9868-57a2d4851a1d" relativeResultsDirectory="49e87aea-605a-412c-8565-a6b2d67d5f34" />
    <UnitTestResult executionId="8f3a3946-b70d-40b6-b9f1-cc275a5a0dde" testId="3347d714-7be2-a5d8-fa29-c7918708596c" testName="AgendamentoConsultas.Tests.Application.UseCases.Agendamento.CriarAgendamentoUseCaseTests.ExecutarAsync_ComClienteInexistente_DeveRetornarFalha" computerName="cursor" duration="00:00:00.5006510" startTime="2025-10-23T00:35:29.8004681+00:00" endTime="2025-10-23T00:35:29.8004683+00:00" testType="13cdc9d9-ddb5-4fa4-a97d-d965ccfc6d4b" outcome="Passed" testListId="8c84fa94-04c1-424b-9868-57a2d4851a1d" relativeResultsDirectory="8f3a3946-b70d-40b6-b9f1-cc275a5a0dde" />
    <UnitTestResult executionId="6d4f9fb3-9cd7-4d05-9805-04249fc3541f" testId="83d18af3-341d-46a1-7033-fbe489c60779" testName="AgendamentoConsultas.Tests.Infrastructure.Repositories.ClienteRepositoryTests.ObterPorCpfAsync_ComCpfExistente_DeveRetornarCliente" computerName="cursor" duration="00:00:00.0008485" startTime="2025-10-23T00:35:29.6525385+00:00" endTime="2025-10-23T00:35:29.6525388+00:00" testType="13cdc9d9-ddb5-4fa4-a97d-d965ccfc6d4b" outcome="Passed" testListId="8c84fa94-04c1-424b-9868-57a2d4851a1d" relativeResultsDirectory="6d4f9fb3-9cd7-4d05-9805-04249fc3541f" />
    <UnitTestResult executionId="e1563611-7816-41ec-9519-04243cbc0d5c" testId="a76b90b6-8f73-4727-dcef-eebfb25a463b" testName="AgendamentoConsultas.Tests.Application.UseCases.Agendamento.ObterHorariosDisponiveisUseCaseTests.ExecutarAsync_ComDataValida_DeveRetornarHorariosDisponiveis" computerName="cursor" duration="00:00:00.1144634" startTime="2025-10-23T00:35:29.8011996+00:00" endTime="2025-10-23T00:35:29.8011997+00:00" testType="13cdc9d9-ddb5-4fa4-a97d-d965ccfc6d4b" outcome="Passed" testListId="8c84fa94-04c1-424b-9868-57a2d4851a1d" relativeResultsDirectory="e1563611-7816-41ec-9519-04243cbc0d5c" />
    <UnitTestResult executionId="9554774d-d497-4752-bfd2-4b1471aff5ea" testId="ca201b2c-d8d5-15af-0d2b-2ecf201d4010" testName="AgendamentoConsultas.Tests.Domain.Entities.ClienteTests.Criar_ComEmailInvalido_DeveRetornarFalha(email: &quot;   &quot;)" computerName="cursor" duration="00:00:00.0002664" startTime="2025-10-23T00:35:29.6605414+00:00" endTime="2025-10-23T00:35:29.6605416+00:00" testType="13cdc9d9-ddb5-4fa4-a97d-d965ccfc6d4b" outcome="Passed" testListId="8c84fa94-04c1-424b-9868-57a2d4851a1d" relativeResultsDirectory="9554774d-d497-4752-bfd2-4b1471aff5ea" />
    <UnitTestResult executionId="39caed14-1fbb-4e3a-8267-17ed779c7313" testId="de07570e-a846-17bc-ca1b-e0537213f6af" testName="AgendamentoConsultas.Tests.Infrastructure.Repositories.AgendamentoRepositoryTests.ObterPorIdAsync_ComIdExistente_DeveRetornarAgendamento" computerName="cursor" duration="00:00:00.0009666" startTime="2025-10-23T00:35:29.6974121+00:00" endTime="2025-10-23T00:35:29.6974123+00:00" testType="13cdc9d9-ddb5-4fa4-a97d-d965ccfc6d4b" outcome="Passed" testListId="8c84fa94-04c1-424b-9868-57a2d4851a1d" relativeResultsDirectory="39caed14-1fbb-4e3a-8267-17ed779c7313" />
    <UnitTestResult executionId="2e8bc3fc-a390-4b67-99b4-354b45ab0d79" testId="3ac62243-077a-2fa0-1563-79d05f51bb46" testName="AgendamentoConsultas.Tests.Infrastructure.Repositories.AgendamentoRepositoryTests.RemoverAsync_ComAgendamentoInexistente_DeveRetornarFalse" computerName="cursor" duration="00:00:00.0085063" startTime="2025-10-23T00:35:29.6895886+00:00" endTime="2025-10-23T00:35:29.6895887+00:00" testType="13cdc9d9-ddb5-4fa4-a97d-d965ccfc6d4b" outcome="Passed" testListId="8c84fa94-04c1-424b-9868-57a2d4851a1d" relativeResultsDirectory="2e8bc3fc-a390-4b67-99b4-354b45ab0d79" />
    <UnitTestResult executionId="08717f4b-7b5d-4398-9276-0c04dbfe3206" testId="6e31292d-e1b1-3f6f-f298-de01c71b187e" testName="AgendamentoConsultas.Tests.Application.UseCases.Cliente.CriarClienteUseCaseTests.ExecutarAsync_ComCpfJaExistente_DeveRetornarFalha" computerName="cursor" duration="00:00:00.0072873" startTime="2025-10-23T00:35:29.8942063+00:00" endTime="2025-10-23T00:35:29.8942065+00:00" testType="13cdc9d9-ddb5-4fa4-a97d-d965ccfc6d4b" outcome="Passed" testListId="8c84fa94-04c1-424b-9868-57a2d4851a1d" relativeResultsDirectory="08717f4b-7b5d-4398-9276-0c04dbfe3206" />
    <UnitTestResult executionId="79072a6c-7a4a-498c-a18f-7cca9a47b7ac" testId="18488073-b154-55bd-4513-63199d44d94c" testName="AgendamentoConsultas.Tests.Application.Validators.CriarClienteDtoValidatorTests.Validate_ComTelefoneInvalido_DeveSerInvalido(telefone: &quot;&quot;)" computerName="cursor" duration="00:00:00.0011153" startTime="2025-10-23T00:35:29.7105805+00:00" endTime="2025-10-23T00:35:29.7105806+00:00" testType="13cdc9d9-ddb5-4fa4-a97d-d965ccfc6d4b" outcome="Passed" testListId="8c84fa94-04c1-424b-9868-57a2d4851a1d" relativeResultsDirectory="79072a6c-7a4a-498c-a18f-7cca9a47b7ac" />
    <UnitTestResult executionId="5881e390-7916-4e0c-b0e4-576a29d54d81" testId="9ccc1961-f63e-1064-aa77-3c85fe53bdb5" testName="AgendamentoConsultas.Tests.Application.UseCases.Cliente.AtualizarClienteUseCaseTests.ExecutarAsync_ComFalhaNoRepositorio_DeveRetornarFalha" computerName="cursor" duration="00:00:00.0318962" startTime="2025-10-23T00:35:29.8159997+00:00" endTime="2025-10-23T00:35:29.8159998+00:00" testType="13cdc9d9-ddb5-4fa4-a97d-d965ccfc6d4b" outcome="Passed" testListId="8c84fa94-04c1-424b-9868-57a2d4851a1d" relativeResultsDirectory="5881e390-7916-4e0c-b0e4-576a29d54d81" />
    <UnitTestResult executionId="d3d5aa5e-4424-43b5-86f5-5e6ad76285bb" testId="02c08a35-74e8-b648-d113-37080a78e07f" testName="AgendamentoConsultas.Tests.Domain.Entities.ClienteTests.Criar_ComEmailInvalido_DeveRetornarFalha(email: &quot;&quot;)" computerName="cursor" duration="00:00:00.0000256" startTime="2025-10-23T00:35:29.6685128+00:00" endTime="2025-10-23T00:35:29.6685131+00:00" testType="13cdc9d9-ddb5-4fa4-a97d-d965ccfc6d4b" outcome="Passed" testListId="8c84fa94-04c1-424b-9868-57a2d4851a1d" relativeResultsDirectory="d3d5aa5e-4424-43b5-86f5-5e6ad76285bb" />
    <UnitTestResult executionId="86851ad8-9b17-40e1-a058-f7e00f3bc492" testId="4b802b67-d63a-15ca-c77c-e3071f4c1415" testName="AgendamentoConsultas.Tests.Domain.Entities.AgendamentoTests.Reagendar_AgendamentoConcluido_DeveRetornarFalha" computerName="cursor" duration="00:00:00.0008526" startTime="2025-10-23T00:35:29.8136981+00:00" endTime="2025-10-23T00:35:29.8136982+00:00" testType="13cdc9d9-ddb5-4fa4-a97d-d965ccfc6d4b" outcome="Passed" testListId="8c84fa94-04c1-424b-9868-57a2d4851a1d" relativeResultsDirectory="86851ad8-9b17-40e1-a058-f7e00f3bc492" />
    <UnitTestResult executionId="043ea57f-fb5b-4e10-8e24-3af77f1a7788" testId="35fe6ea1-4cff-d337-1ab4-bf3787db85fe" testName="AgendamentoConsultas.Tests.Domain.Entities.AgendamentoTests.Cancelar_AgendamentoValido_DeveCancelar" computerName="cursor" duration="00:00:00.0003698" startTime="2025-10-23T00:35:29.9808996+00:00" endTime="2025-10-23T00:35:29.9808997+00:00" testType="13cdc9d9-ddb5-4fa4-a97d-d965ccfc6d4b" outcome="Passed" testListId="8c84fa94-04c1-424b-9868-57a2d4851a1d" relativeResultsDirectory="043ea57f-fb5b-4e10-8e24-3af77f1a7788" />
    <UnitTestResult executionId="b7c0fe61-aa99-47a7-8e58-bc01f9fb05ab" testId="43c72013-7c80-da83-121a-66d8bb3e9b4c" testName="AgendamentoConsultas.Tests.Application.UseCases.Agendamento.ObterHorariosDisponiveisUseCaseTests.ExecutarAsync_NoDomingo_DeveRetornarListaVazia" computerName="cursor" duration="00:00:00.0016818" startTime="2025-10-23T00:35:29.8044050+00:00" endTime="2025-10-23T00:35:29.8044051+00:00" testType="13cdc9d9-ddb5-4fa4-a97d-d965ccfc6d4b" outcome="Passed" testListId="8c84fa94-04c1-424b-9868-57a2d4851a1d" relativeResultsDirectory="b7c0fe61-aa99-47a7-8e58-bc01f9fb05ab" />
    <UnitTestResult executionId="1491198b-8eef-4793-8d26-edf09dea0813" testId="5df0abe1-f53f-8a8d-c2bd-942801db4d02" testName="AgendamentoConsultas.Tests.Infrastructure.Repositories.ClienteRepositoryTests.ObterPorIdAsync_ComIdExistente_DeveRetornarCliente" computerName="cursor" duration="00:00:00.0010431" startTime="2025-10-23T00:35:29.6464487+00:00" endTime="2025-10-23T00:35:29.6464488+00:00" testType="13cdc9d9-ddb5-4fa4-a97d-d965ccfc6d4b" outcome="Passed" testListId="8c84fa94-04c1-424b-9868-57a2d4851a1d" relativeResultsDirectory="1491198b-8eef-4793-8d26-edf09dea0813" />
    <UnitTestResult executionId="075f3d02-ca1b-404f-8abc-796ddfd54f1d" testId="a503b325-d86f-14f5-c118-07c17a18b0c2" testName="AgendamentoConsultas.Tests.Domain.Entities.AgendamentoTests.Concluir_AgendamentoCancelado_DeveRetornarFalha" computerName="cursor" duration="00:00:00.0002607" startTime="2025-10-23T00:35:29.9759605+00:00" endTime="2025-10-23T00:35:29.9759606+00:00" testType="13cdc9d9-ddb5-4fa4-a97d-d965ccfc6d4b" outcome="Passed" testListId="8c84fa94-04c1-424b-9868-57a2d4851a1d" relativeResultsDirectory="075f3d02-ca1b-404f-8abc-796ddfd54f1d" />
    <UnitTestResult executionId="17c33601-4107-4381-a21e-6a649efb2f75" testId="0e542a05-48b1-b318-b6ce-6652580087c8" testName="AgendamentoConsultas.Tests.Infrastructure.Repositories.AgendamentoRepositoryTests.ObterTodosAsync_DeveRetornarTodosAgendamentos" computerName="cursor" duration="00:00:00.0082700" startTime="2025-10-23T00:35:29.7946784+00:00" endTime="2025-10-23T00:35:29.7946786+00:00" testType="13cdc9d9-ddb5-4fa4-a97d-d965ccfc6d4b" outcome="Passed" testListId="8c84fa94-04c1-424b-9868-57a2d4851a1d" relativeResultsDirectory="17c33601-4107-4381-a21e-6a649efb2f75" />
    <UnitTestResult executionId="72d27191-94f8-4d6c-8b24-63e1fe578556" testId="5f82731c-3a6e-bcf7-dadd-9afe86373493" testName="AgendamentoConsultas.Tests.Domain.Entities.ClienteTests.Criar_ComCpfInvalido_DeveRetornarFalha(cpf: &quot;&quot;)" computerName="cursor" duration="00:00:00.0006525" startTime="2025-10-23T00:35:29.6442295+00:00" endTime="2025-10-23T00:35:29.6442296+00:00" testType="13cdc9d9-ddb5-4fa4-a97d-d965ccfc6d4b" outcome="Passed" testListId="8c84fa94-04c1-424b-9868-57a2d4851a1d" relativeResultsDirectory="72d27191-94f8-4d6c-8b24-63e1fe578556" />
    <UnitTestResult executionId="ed014aab-03a6-4340-8e5c-18efc90fa8e2" testId="52cdf68c-06a1-2b08-e901-b0fd10cb0683" testName="AgendamentoConsultas.Tests.Application.UseCases.Cliente.CriarClienteUseCaseTests.ExecutarAsync_ComDadosInvalidos_DeveRetornarFalha(nome: &quot;João&quot;, cpf: &quot;123&quot;, email: &quot;joao@email.com&quot;, telefone: &quot;(11) 98765-4321&quot;)" computerName="cursor" duration="00:00:00.0002930" startTime="2025-10-23T00:35:29.8721672+00:00" endTime="2025-10-23T00:35:29.8721673+00:00" testType="13cdc9d9-ddb5-4fa4-a97d-d965ccfc6d4b" outcome="Passed" testListId="8c84fa94-04c1-424b-9868-57a2d4851a1d" relativeResultsDirectory="ed014aab-03a6-4340-8e5c-18efc90fa8e2" />
    <UnitTestResult executionId="cc94b0fb-b08e-4274-b28d-f22ddf243669" testId="88ebe9d7-b447-90af-7b49-bc333091330e" testName="AgendamentoConsultas.Tests.Application.Validators.ReagendarDtoValidatorTests.Validate_ComMinutosInvalidos_DeveSerInvalido(minutos: 45)" computerName="cursor" duration="00:00:00.0008501" startTime="2025-10-23T00:35:29.6233113+00:00" endTime="2025-10-23T00:35:29.6233114+00:00" testType="13cdc9d9-ddb5-4fa4-a97d-d965ccfc6d4b" outcome="Passed" testListId="8c84fa94-04c1-424b-9868-57a2d4851a1d" relativeResultsDirectory="cc94b0fb-b08e-4274-b28d-f22ddf243669" />
    <UnitTestResult executionId="519e44b2-f2e4-4edb-8608-6c8c10b143ad" testId="3d26a18d-7772-1e76-5f4c-9bff2109c53e" testName="AgendamentoConsultas.Tests.Domain.Entities.AgendamentoTests.Concluir_AgendamentoJaConcluido_DeveRetornarFalha" computerName="cursor" duration="00:00:00.0034482" startTime="2025-10-23T00:35:29.9733700+00:00" endTime="2025-10-23T00:35:29.9733701+00:00" testType="13cdc9d9-ddb5-4fa4-a97d-d965ccfc6d4b" outcome="Passed" testListId="8c84fa94-04c1-424b-9868-57a2d4851a1d" relativeResultsDirectory="519e44b2-f2e4-4edb-8608-6c8c10b143ad" />
    <UnitTestResult executionId="7eb235e6-6eaa-40d3-b7cd-b0bda9f0c493" testId="84933732-ea14-145e-215c-9b60a8220302" testName="AgendamentoConsultas.Tests.Infrastructure.Repositories.AgendamentoRepositoryTests.ExisteAgendamentoNoHorarioAsync_ComHorarioLivre_DeveRetornarFalse" computerName="cursor" duration="00:00:00.0006632" startTime="2025-10-23T00:35:29.6946234+00:00" endTime="2025-10-23T00:35:29.6946235+00:00" testType="13cdc9d9-ddb5-4fa4-a97d-d965ccfc6d4b" outcome="Passed" testListId="8c84fa94-04c1-424b-9868-57a2d4851a1d" relativeResultsDirectory="7eb235e6-6eaa-40d3-b7cd-b0bda9f0c493" />
    <UnitTestResult executionId="7906e112-f67b-4175-8098-f75658b6e35e" testId="fade67fe-4366-7470-b4cd-53cd7f515632" testName="AgendamentoConsultas.Tests.Domain.Entities.AgendamentoTests.Criar_ComMinutosInvalidos_DeveRetornarFalha(minutos: 45)" computerName="cursor" duration="00:00:00.0000121" startTime="2025-10-23T00:35:29.8131156+00:00" endTime="2025-10-23T00:35:29.8131157+00:00" testType="13cdc9d9-ddb5-4fa4-a97d-d965ccfc6d4b" outcome="Passed" testListId="8c84fa94-04c1-424b-9868-57a2d4851a1d" relativeResultsDirectory="7906e112-f67b-4175-8098-f75658b6e35e" />
    <UnitTestResult executionId="cd80168d-06fd-4fc5-be56-def9db98d75b" testId="8378c650-2b5f-2ec3-d9a6-1715875ee711" testName="AgendamentoConsultas.Tests.Domain.Entities.AgendamentoTests.Reagendar_AgendamentoCancelado_DeveRetornarFalha" computerName="cursor" duration="00:00:00.0003126" startTime="2025-10-23T00:35:29.9765522+00:00" endTime="2025-10-23T00:35:29.9765523+00:00" testType="13cdc9d9-ddb5-4fa4-a97d-d965ccfc6d4b" outcome="Passed" testListId="8c84fa94-04c1-424b-9868-57a2d4851a1d" relativeResultsDirectory="cd80168d-06fd-4fc5-be56-def9db98d75b" />
    <UnitTestResult executionId="a2c2bd64-0338-43f2-9ffc-3aba19dee710" testId="0573564b-1498-95b5-230a-5928186766b0" testName="AgendamentoConsultas.Tests.Infrastructure.Repositories.AgendamentoRepositoryTests.ExisteAgendamentoNoHorarioAsync_ComHorarioOcupado_DeveRetornarTrue" computerName="cursor" duration="00:00:00.0109545" startTime="2025-10-23T00:35:29.6939498+00:00" endTime="2025-10-23T00:35:29.6939499+00:00" testType="13cdc9d9-ddb5-4fa4-a97d-d965ccfc6d4b" outcome="Passed" testListId="8c84fa94-04c1-424b-9868-57a2d4851a1d" relativeResultsDirectory="a2c2bd64-0338-43f2-9ffc-3aba19dee710" />
    <UnitTestResult executionId="18e097fe-2b94-4ced-a9de-807b15ebe484" testId="44eb07d2-04d2-032e-7ed8-a3a8b5126f8d" testName="AgendamentoConsultas.Tests.Application.UseCases.Cliente.ObterClientePorCpfUseCaseTests.ExecutarAsync_ComCpfExistente_DeveRetornarCliente" computerName="cursor" duration="00:00:00.0323972" startTime="2025-10-23T00:35:29.8018210+00:00" endTime="2025-10-23T00:35:29.8018211+00:00" testType="13cdc9d9-ddb5-4fa4-a97d-d965ccfc6d4b" outcome="Passed" testListId="8c84fa94-04c1-424b-9868-57a2d4851a1d" relativeResultsDirectory="18e097fe-2b94-4ced-a9de-807b15ebe484" />
    <UnitTestResult executionId="58d01a3f-33c9-408a-ad98-cc7d999bf9c9" testId="5f1ea565-33b7-ba91-1df3-4b222305e8d6" testName="AgendamentoConsultas.Tests.Application.Validators.CriarClienteDtoValidatorTests.Validate_ComDataNascimentoFutura_DeveSerInvalido" computerName="cursor" duration="00:00:00.0058943" startTime="2025-10-23T00:35:29.7260444+00:00" endTime="2025-10-23T00:35:29.7260447+00:00" testType="13cdc9d9-ddb5-4fa4-a97d-d965ccfc6d4b" outcome="Passed" testListId="8c84fa94-04c1-424b-9868-57a2d4851a1d" relativeResultsDirectory="58d01a3f-33c9-408a-ad98-cc7d999bf9c9" />
    <UnitTestResult executionId="965eecc2-da93-421a-908c-a7cb1805f65b" testId="561a4dab-e16f-09b5-d475-5dff1d173f3d" testName="AgendamentoConsultas.Tests.Domain.Entities.AgendamentoTests.Criar_ComHorarioForaDoAtendimento_DeveRetornarFalha(hora: 18)" computerName="cursor" duration="00:00:00.0000126" startTime="2025-10-23T00:35:29.8396541+00:00" endTime="2025-10-23T00:35:29.8396543+00:00" testType="13cdc9d9-ddb5-4fa4-a97d-d965ccfc6d4b" outcome="Passed" testListId="8c84fa94-04c1-424b-9868-57a2d4851a1d" relativeResultsDirectory="965eecc2-da93-421a-908c-a7cb1805f65b" />
    <UnitTestResult executionId="61e6e6b1-0193-4159-a260-fa474ad61c35" testId="5bffdb9c-ef19-bf2a-f60d-6b2d82048fbd" testName="AgendamentoConsultas.Tests.Application.UseCases.Cliente.AtualizarClienteUseCaseTests.ExecutarAsync_ComDadosInvalidos_DeveRetornarFalha(nome: &quot;João&quot;, email: &quot;joao@email.com&quot;, telefone: &quot;&quot;)" computerName="cursor" duration="00:00:00.0044864" startTime="2025-10-23T00:35:29.8529667+00:00" endTime="2025-10-23T00:35:29.8529669+00:00" testType="13cdc9d9-ddb5-4fa4-a97d-d965ccfc6d4b" outcome="Passed" testListId="8c84fa94-04c1-424b-9868-57a2d4851a1d" relativeResultsDirectory="61e6e6b1-0193-4159-a260-fa474ad61c35" />
    <UnitTestResult executionId="14b2ebc3-fd4e-41cd-a4d6-98a43c1001b1" testId="9cba3fad-5258-6266-cfc6-e8203cce1c52" testName="AgendamentoConsultas.Tests.Application.Validators.CriarClienteDtoValidatorTests.Validate_ComCpfInvalido_DeveSerInvalido(cpf: &quot;000.000.000-00&quot;)" computerName="cursor" duration="00:00:00.0006114" startTime="2025-10-23T00:35:29.7242043+00:00" endTime="2025-10-23T00:35:29.7242044+00:00" testType="13cdc9d9-ddb5-4fa4-a97d-d965ccfc6d4b" outcome="Passed" testListId="8c84fa94-04c1-424b-9868-57a2d4851a1d" relativeResultsDirectory="14b2ebc3-fd4e-41cd-a4d6-98a43c1001b1" />
    <UnitTestResult executionId="bbfc0487-191d-4d9a-a8e0-54a2eb8505cb" testId="db3a4704-7619-a5f3-3693-042f773d13e4" testName="AgendamentoConsultas.Tests.Domain.Entities.AgendamentoTests.Concluir_AgendamentoValido_DeveConcluir" computerName="cursor" duration="00:00:00.0333805" startTime="2025-10-23T00:35:29.8283622+00:00" endTime="2025-10-23T00:35:29.8283624+00:00" testType="13cdc9d9-ddb5-4fa4-a97d-d965ccfc6d4b" outcome="Passed" testListId="8c84fa94-04c1-424b-9868-57a2d4851a1d" relativeResultsDirectory="bbfc0487-191d-4d9a-a8e0-54a2eb8505cb" />
    <UnitTestResult executionId="90b4511f-f47f-469c-87c1-808c167651b3" testId="7a5673cf-9454-24be-089b-23740b404584" testName="AgendamentoConsultas.Tests.Domain.Entities.ClienteTests.Criar_ComNomeInvalido_DeveRetornarFalha(nome: null, cpf: &quot;123.456.789-09&quot;, email: &quot;joao@email.com&quot;, telefone: &quot;(11) 98765-4321&quot;)" computerName="cursor" duration="00:00:00.0000319" startTime="2025-10-23T00:35:29.6758224+00:00" endTime="2025-10-23T00:35:29.6758226+00:00" testType="13cdc9d9-ddb5-4fa4-a97d-d965ccfc6d4b" outcome="Passed" testListId="8c84fa94-04c1-424b-9868-57a2d4851a1d" relativeResultsDirectory="90b4511f-f47f-469c-87c1-808c167651b3" />
    <UnitTestResult executionId="ec239bb7-3f57-4c50-afd3-c53f1918f605" testId="f06d6d1d-b7dd-c427-fd2a-3b44f3aaf43b" testName="AgendamentoConsultas.Tests.Domain.Entities.ClienteTests.Criar_ComCpfInvalido_DeveRetornarFalha(cpf: &quot;111.111.111-11&quot;)" computerName="cursor" duration="00:00:00.0005534" startTime="2025-10-23T00:35:29.6471334+00:00" endTime="2025-10-23T00:35:29.6471335+00:00" testType="13cdc9d9-ddb5-4fa4-a97d-d965ccfc6d4b" outcome="Passed" testListId="8c84fa94-04c1-424b-9868-57a2d4851a1d" relativeResultsDirectory="ec239bb7-3f57-4c50-afd3-c53f1918f605" />
    <UnitTestResult executionId="72b1f12c-bf6d-4350-a84d-3b008cddc8bd" testId="9729fc7a-5ae2-0f5c-8e2d-afaae5314ec5" testName="AgendamentoConsultas.Tests.Application.Validators.CriarClienteDtoValidatorTests.Validate_ComCpfInvalido_DeveSerInvalido(cpf: &quot;123&quot;)" computerName="cursor" duration="00:00:00.0017885" startTime="2025-10-23T00:35:29.7180070+00:00" endTime="2025-10-23T00:35:29.7180071+00:00" testType="13cdc9d9-ddb5-4fa4-a97d-d965ccfc6d4b" outcome="Passed" testListId="8c84fa94-04c1-424b-9868-57a2d4851a1d" relativeResultsDirectory="72b1f12c-bf6d-4350-a84d-3b008cddc8bd" />
    <UnitTestResult executionId="d1cedc67-1339-47eb-8b9b-b0a973a87a5d" testId="6884f34d-c0d7-d473-dbeb-4f19e14c05db" testName="AgendamentoConsultas.Tests.Domain.Entities.ClienteTests.Criar_ComCpfInvalido_DeveRetornarFalha(cpf: &quot;   &quot;)" computerName="cursor" duration="00:00:00.0004302" startTime="2025-10-23T00:35:29.6576549+00:00" endTime="2025-10-23T00:35:29.6576551+00:00" testType="13cdc9d9-ddb5-4fa4-a97d-d965ccfc6d4b" outcome="Passed" testListId="8c84fa94-04c1-424b-9868-57a2d4851a1d" relativeResultsDirectory="d1cedc67-1339-47eb-8b9b-b0a973a87a5d" />
    <UnitTestResult executionId="33ab67ad-d4b5-4a25-b66b-471628699b6d" testId="5f120ee4-f403-5691-4457-2599c27b30cd" testName="AgendamentoConsultas.Tests.Domain.Entities.AgendamentoTests.Criar_ComDadosValidos_DeveCriarAgendamento" computerName="cursor" duration="00:00:00.0005016" startTime="2025-10-23T00:35:29.9753778+00:00" endTime="2025-10-23T00:35:29.9753779+00:00" testType="13cdc9d9-ddb5-4fa4-a97d-d965ccfc6d4b" outcome="Passed" testListId="8c84fa94-04c1-424b-9868-57a2d4851a1d" relativeResultsDirectory="33ab67ad-d4b5-4a25-b66b-471628699b6d" />
    <UnitTestResult executionId="a6817626-4409-41c0-ac69-ee65789ecfc2" testId="f1e2923f-6242-e9a5-d3e1-5102718483f2" testName="AgendamentoConsultas.Tests.Domain.Entities.AgendamentoTests.Criar_ComHorarioForaDoAtendimento_DeveRetornarFalha(hora: 7)" computerName="cursor" duration="00:00:00.0003641" startTime="2025-10-23T00:35:29.8303893+00:00" endTime="2025-10-23T00:35:29.8303895+00:00" testType="13cdc9d9-ddb5-4fa4-a97d-d965ccfc6d4b" outcome="Passed" testListId="8c84fa94-04c1-424b-9868-57a2d4851a1d" relativeResultsDirectory="a6817626-4409-41c0-ac69-ee65789ecfc2" />
    <UnitTestResult executionId="d25b96ef-7131-4c38-ab7c-3e5e17a2fc42" testId="0a194de0-dded-a356-09f7-2b3d41799373" testName="AgendamentoConsultas.Tests.Domain.Entities.ClienteTests.Criar_ComNomeInvalido_DeveRetornarFalha(nome: &quot;   &quot;, cpf: &quot;123.456.789-09&quot;, email: &quot;joao@email.com&quot;, telefone: &quot;(11) 98765-4321&quot;)" computerName="cursor" duration="00:00:00.0039066" startTime="2025-10-23T00:35:29.6751954+00:00" endTime="2025-10-23T00:35:29.6751956+00:00" testType="13cdc9d9-ddb5-4fa4-a97d-d965ccfc6d4b" outcome="Passed" testListId="8c84fa94-04c1-424b-9868-57a2d4851a1d" relativeResultsDirectory="d25b96ef-7131-4c38-ab7c-3e5e17a2fc42" />
    <UnitTestResult executionId="a5b820b4-0409-47a1-9d4e-cb5ecc79a9e5" testId="7e12684c-4699-4584-8f41-01e87c0b1a46" testName="AgendamentoConsultas.Tests.Application.Validators.ReagendarDtoValidatorTests.Validate_ComHorarioForaDoAtendimento_DeveSerInvalido(hora: 18)" computerName="cursor" duration="00:00:00.0062171" startTime="2025-10-23T00:35:29.6149928+00:00" endTime="2025-10-23T00:35:29.6149932+00:00" testType="13cdc9d9-ddb5-4fa4-a97d-d965ccfc6d4b" outcome="Passed" testListId="8c84fa94-04c1-424b-9868-57a2d4851a1d" relativeResultsDirectory="a5b820b4-0409-47a1-9d4e-cb5ecc79a9e5" />
    <UnitTestResult executionId="e6ee14be-07a6-4120-8e47-3b7259a516a2" testId="af3e9215-edb1-db10-977f-0d12f93d7087" testName="AgendamentoConsultas.Tests.Infrastructure.Repositories.AgendamentoRepositoryTests.ObterPorClienteIdAsync_DeveRetornarAgendamentosDoCliente" computerName="cursor" duration="00:00:00.0108527" startTime="2025-10-23T00:35:29.7740775+00:00" endTime="2025-10-23T00:35:29.7740777+00:00" testType="13cdc9d9-ddb5-4fa4-a97d-d965ccfc6d4b" outcome="Failed" testListId="8c84fa94-04c1-424b-9868-57a2d4851a1d" relativeResultsDirectory="e6ee14be-07a6-4120-8e47-3b7259a516a2">
      <Output>
        <ErrorInfo>
          <Message>System.NullReferenceException : Object reference not set to an instance of an object.</Message>
          <StackTrace>   at AgendamentoConsultas.Infrastructure.Repositories.AgendamentoRepository.&lt;&gt;c__DisplayClass3_0.&lt;ObterPorClienteIdAsync&gt;b__0(Agendamento a) in /workspace/AgendamentoConsultas.Infrastructure/Repositories/AgendamentoRepository.cs:line 25
   at System.Linq.Enumerable.WhereListIterator`1.ToArray()
   at System.Linq.Buffer`1..ctor(IEnumerable`1 source)
   at System.Linq.OrderedEnumerable`1.ToList()
   at AgendamentoConsultas.Infrastructure.Repositories.AgendamentoRepository.ObterPorClienteIdAsync(Guid clienteId) in /workspace/AgendamentoConsultas.Infrastructure/Repositories/AgendamentoRepository.cs:line 24
   at AgendamentoConsultas.Tests.Infrastructure.Repositories.AgendamentoRepositoryTests.ObterPorClienteIdAsync_DeveRetornarAgendamentosDoCliente() in /workspace/AgendamentoConsultas.Tests/Infrastructure/Repositories/AgendamentoRepositoryTests.cs:line 76
--- End of stack trace from previous location ---</StackTrace>
        </ErrorInfo>
      </Output>
    </UnitTestResult>
    <UnitTestResult executionId="916f1c05-6ec6-4244-ab9c-04390a0f5439" testId="5313d9ba-9132-a0d6-29ce-cec136c3913e" testName="AgendamentoConsultas.Tests.Application.UseCases.Cliente.CriarClienteUseCaseTests.ExecutarAsync_ComDataNascimentoFutura_DeveRetornarFalha" computerName="cursor" duration="00:00:00.0182420" startTime="2025-10-23T00:35:29.8479014+00:00" endTime="2025-10-23T00:35:29.8479015+00:00" testType="13cdc9d9-ddb5-4fa4-a97d-d965ccfc6d4b" outcome="Passed" testListId="8c84fa94-04c1-424b-9868-57a2d4851a1d" relativeResultsDirectory="916f1c05-6ec6-4244-ab9c-04390a0f5439" />
    <UnitTestResult executionId="28c5c909-f5d4-4ad2-860b-edc2f5146bf3" testId="59036c60-90be-33de-2f5f-58c90684af15" testName="AgendamentoConsultas.Tests.Domain.Entities.AgendamentoTests.Criar_ComMinutosInvalidos_DeveRetornarFalha(minutos: 15)" computerName="cursor" duration="00:00:00.0000345" startTime="2025-10-23T00:35:29.8124934+00:00" endTime="2025-10-23T00:35:29.8124935+00:00" testType="13cdc9d9-ddb5-4fa4-a97d-d965ccfc6d4b" outcome="Passed" testListId="8c84fa94-04c1-424b-9868-57a2d4851a1d" relativeResultsDirectory="28c5c909-f5d4-4ad2-860b-edc2f5146bf3" />
    <UnitTestResult executionId="2d47c102-8eac-4ddf-9ac6-56caa819618b" testId="712470ab-f221-f319-c2aa-803fb8410baf" testName="AgendamentoConsultas.Tests.Application.Validators.CriarClienteDtoValidatorTests.Validate_ComTelefoneInvalido_DeveSerInvalido(telefone: &quot;123&quot;)" computerName="cursor" duration="00:00:00.0694813" startTime="2025-10-23T00:35:29.7097035+00:00" endTime="2025-10-23T00:35:29.7097038+00:00" testType="13cdc9d9-ddb5-4fa4-a97d-d965ccfc6d4b" outcome="Passed" testListId="8c84fa94-04c1-424b-9868-57a2d4851a1d" relativeResultsDirectory="2d47c102-8eac-4ddf-9ac6-56caa819618b" />
    <UnitTestResult executionId="083dca13-19b0-45ff-ac43-6891159a93f0" testId="a80b129f-1247-4825-578c-3373d864b4e0" testName="AgendamentoConsultas.Tests.Domain.Entities.AgendamentoTests.AtualizarObservacoes_DeveAtualizarObservacoes" computerName="cursor" duration="00:00:00.0009769" startTime="2025-10-23T00:35:29.9741194+00:00" endTime="2025-10-23T00:35:29.9741195+00:00" testType="13cdc9d9-ddb5-4fa4-a97d-d965ccfc6d4b" outcome="Passed" testListId="8c84fa94-04c1-424b-9868-57a2d4851a1d" relativeResultsDirectory="083dca13-19b0-45ff-ac43-6891159a93f0" />
    <UnitTestResult executionId="f43940a2-85a0-4afb-b72a-5a24e70554aa" testId="3332b94a-87ab-af0c-057a-10d49fe2e637" testName="AgendamentoConsultas.Tests.Application.UseCases.Agendamento.CancelarAgendamentoUseCaseTests.ExecutarAsync_ComFalhaNoRepositorio_DeveRetornarFalha" computerName="cursor" duration="00:00:00.0356556" startTime="2025-10-23T00:35:29.8452286+00:00" endTime="2025-10-23T00:35:29.8452287+00:00" testType="13cdc9d9-ddb5-4fa4-a97d-d965ccfc6d4b" outcome="Passed" testListId="8c84fa94-04c1-424b-9868-57a2d4851a1d" relativeResultsDirectory="f43940a2-85a0-4afb-b72a-5a24e70554aa" />
    <UnitTestResult executionId="3f083350-9d89-4edd-bdac-55c78e02773d" testId="438ac641-2fff-975d-949e-308897ba16d2" testName="AgendamentoConsultas.Tests.Domain.Entities.ClienteTests.Criar_ComDataNascimentoFutura_DeveRetornarFalha" computerName="cursor" duration="00:00:00.0014844" startTime="2025-10-23T00:35:29.6764372+00:00" endTime="2025-10-23T00:35:29.6764373+00:00" testType="13cdc9d9-ddb5-4fa4-a97d-d965ccfc6d4b" outcome="Passed" testListId="8c84fa94-04c1-424b-9868-57a2d4851a1d" relativeResultsDirectory="3f083350-9d89-4edd-bdac-55c78e02773d" />
    <UnitTestResult executionId="5d7d7978-71cd-4006-b5bf-c12424d1da84" testId="f4cd4d20-f869-e297-d975-add543373032" testName="AgendamentoConsultas.Tests.Application.Validators.CriarClienteDtoValidatorTests.Validate_ComEmailInvalido_DeveSerInvalido(email: &quot;@email.com&quot;)" computerName="cursor" duration="00:00:00.0005084" startTime="2025-10-23T00:35:29.7125734+00:00" endTime="2025-10-23T00:35:29.7125735+00:00" testType="13cdc9d9-ddb5-4fa4-a97d-d965ccfc6d4b" outcome="Passed" testListId="8c84fa94-04c1-424b-9868-57a2d4851a1d" relativeResultsDirectory="5d7d7978-71cd-4006-b5bf-c12424d1da84" />
    <UnitTestResult executionId="52d76037-f9bd-4fd5-9d61-45482665033c" testId="f883ce11-d4d8-ab43-379b-fc25d91db683" testName="AgendamentoConsultas.Tests.Infrastructure.Repositories.AgendamentoRepositoryTests.ObterPorDataAsync_DeveRetornarAgendamentosDaData" computerName="cursor" duration="00:00:00.0054056" startTime="2025-10-23T00:35:29.6967936+00:00" endTime="2025-10-23T00:35:29.6967937+00:00" testType="13cdc9d9-ddb5-4fa4-a97d-d965ccfc6d4b" outcome="Passed" testListId="8c84fa94-04c1-424b-9868-57a2d4851a1d" relativeResultsDirectory="52d76037-f9bd-4fd5-9d61-45482665033c" />
    <UnitTestResult executionId="4a67c796-5a49-4b77-9108-6f801ce610ed" testId="c273cc9c-76db-8e30-4388-11238e96320f" testName="AgendamentoConsultas.Tests.Domain.Entities.ClienteTests.Criar_ComEmailInvalido_DeveRetornarFalha(email: null)" computerName="cursor" duration="00:00:00.0002112" startTime="2025-10-23T00:35:29.6611121+00:00" endTime="2025-10-23T00:35:29.6611123+00:00" testType="13cdc9d9-ddb5-4fa4-a97d-d965ccfc6d4b" outcome="Passed" testListId="8c84fa94-04c1-424b-9868-57a2d4851a1d" relativeResultsDirectory="4a67c796-5a49-4b77-9108-6f801ce610ed" />
    <UnitTestResult executionId="8d2c58dd-1b62-47eb-b398-ffbc8809d51e" testId="b3c9f61b-5472-57f5-c99f-49008fa3b70b" testName="AgendamentoConsultas.Tests.Domain.Entities.ClienteTests.Criar_ComTelefoneInvalido_DeveRetornarFalha(telefone: &quot;&quot;)" computerName="cursor" duration="00:00:00.0083683" startTime="2025-10-23T00:35:29.6298162+00:00" endTime="2025-10-23T00:35:29.6298163+00:00" testType="13cdc9d9-ddb5-4fa4-a97d-d965ccfc6d4b" outcome="Passed" testListId="8c84fa94-04c1-424b-9868-57a2d4851a1d" relativeResultsDirectory="8d2c58dd-1b62-47eb-b398-ffbc8809d51e" />
    <UnitTestResult executionId="a60616e5-a600-42ee-be63-00137aae4814" testId="c34a3a2f-5356-0937-8892-ae06043ab8f3" testName="AgendamentoConsultas.Tests.Application.UseCases.Cliente.AtualizarClienteUseCaseTests.ExecutarAsync_ComDadosInvalidos_DeveRetornarFalha(nome: &quot;João&quot;, email: &quot;&quot;, telefone: &quot;(11) 98765-4321&quot;)" computerName="cursor" duration="00:00:00.0569255" startTime="2025-10-23T00:35:29.8464195+00:00" endTime="2025-10-23T00:35:29.8464196+00:00" testType="13cdc9d9-ddb5-4fa4-a97d-d965ccfc6d4b" outcome="Passed" testListId="8c84fa94-04c1-424b-9868-57a2d4851a1d" relativeResultsDirectory="a60616e5-a600-42ee-be63-00137aae4814" />
    <UnitTestResult executionId="bdb3a7ac-04b9-4373-8933-c3d1cfe95501" testId="dcac0588-47cf-b619-7420-074f24ca31fa" testName="AgendamentoConsultas.Tests.Infrastructure.Repositories.ClienteRepositoryTests.ObterTodosAsync_DeveRetornarTodosClientes" computerName="cursor" duration="00:00:00.0465407" startTime="2025-10-23T00:35:29.6291013+00:00" endTime="2025-10-23T00:35:29.6291014+00:00" testType="13cdc9d9-ddb5-4fa4-a97d-d965ccfc6d4b" outcome="Passed" testListId="8c84fa94-04c1-424b-9868-57a2d4851a1d" relativeResultsDirectory="bdb3a7ac-04b9-4373-8933-c3d1cfe95501" />
    <UnitTestResult executionId="8ff8b855-5ec9-42bf-8369-130a1018da90" testId="4fb2120b-2ca5-8fc7-303f-1c5d07a0b5a6" testName="AgendamentoConsultas.Tests.Application.UseCases.Agendamento.CriarAgendamentoUseCaseTests.ExecutarAsync_ComHorarioOcupado_DeveRetornarFalha" computerName="cursor" duration="00:00:00.0193482" startTime="2025-10-23T00:35:29.8445445+00:00" endTime="2025-10-23T00:35:29.8445446+00:00" testType="13cdc9d9-ddb5-4fa4-a97d-d965ccfc6d4b" outcome="Passed" testListId="8c84fa94-04c1-424b-9868-57a2d4851a1d" relativeResultsDirectory="8ff8b855-5ec9-42bf-8369-130a1018da90" />
    <UnitTestResult executionId="98d6e715-4b99-47b0-b786-34333f0e6d5c" testId="9588150d-319e-c4e6-e745-c7759671fab2" testName="AgendamentoConsultas.Tests.Application.UseCases.Agendamento.ObterHorariosDisponiveisUseCaseTests.ExecutarAsync_NoSabado_DeveRetornarListaVazia" computerName="cursor" duration="00:00:00.3978357" startTime="2025-10-23T00:35:29.7266819+00:00" endTime="2025-10-23T00:35:29.7266821+00:00" testType="13cdc9d9-ddb5-4fa4-a97d-d965ccfc6d4b" outcome="Passed" testListId="8c84fa94-04c1-424b-9868-57a2d4851a1d" relativeResultsDirectory="98d6e715-4b99-47b0-b786-34333f0e6d5c" />
    <UnitTestResult executionId="ee48606d-8fab-4c3c-9f56-3ee799f8fbbe" testId="11962712-ee98-e364-47a5-5d85d34ead1b" testName="AgendamentoConsultas.Tests.Application.Validators.CriarClienteDtoValidatorTests.Validate_ComNomeInvalido_DeveSerInvalido(nome: &quot;  &quot;)" computerName="cursor" duration="00:00:00.0006484" startTime="2025-10-23T00:35:29.7142667+00:00" endTime="2025-10-23T00:35:29.7142668+00:00" testType="13cdc9d9-ddb5-4fa4-a97d-d965ccfc6d4b" outcome="Passed" testListId="8c84fa94-04c1-424b-9868-57a2d4851a1d" relativeResultsDirectory="ee48606d-8fab-4c3c-9f56-3ee799f8fbbe" />
    <UnitTestResult executionId="5d56403c-d6cb-417e-9099-5adc19c1ddb1" testId="7d5f37bc-f7bd-0697-8e6c-f4021523d4d5" testName="AgendamentoConsultas.Tests.Domain.Entities.ClienteTests.Criar_ComTelefoneInvalido_DeveRetornarFalha(telefone: null)" computerName="cursor" duration="00:00:00.0002882" startTime="2025-10-23T00:35:29.6411092+00:00" endTime="2025-10-23T00:35:29.6411094+00:00" testType="13cdc9d9-ddb5-4fa4-a97d-d965ccfc6d4b" outcome="Passed" testListId="8c84fa94-04c1-424b-9868-57a2d4851a1d" relativeResultsDirectory="5d56403c-d6cb-417e-9099-5adc19c1ddb1" />
    <UnitTestResult executionId="94b69f38-61f5-4e7f-84b8-d03076bd3330" testId="f8d1f946-7a5a-7c7e-bac9-52219306e494" testName="AgendamentoConsultas.Tests.Infrastructure.Repositories.AgendamentoRepositoryTests.ObterPorIdAsync_ComIdInexistente_DeveRetornarNull" computerName="cursor" duration="00:00:00.0010513" startTime="2025-10-23T00:35:29.6952162+00:00" endTime="2025-10-23T00:35:29.6952163+00:00" testType="13cdc9d9-ddb5-4fa4-a97d-d965ccfc6d4b" outcome="Passed" testListId="8c84fa94-04c1-424b-9868-57a2d4851a1d" relativeResultsDirectory="94b69f38-61f5-4e7f-84b8-d03076bd3330" />
    <UnitTestResult executionId="19bcdaec-910a-4a16-a190-1842962ba17e" testId="fdd59a30-692f-b0b9-5ac4-a9326f0ea292" testName="AgendamentoConsultas.Tests.Domain.Entities.AgendamentoTests.Criar_ComHorarioForaDoAtendimento_DeveRetornarFalha(hora: 19)" computerName="cursor" duration="00:00:00.0000181" startTime="2025-10-23T00:35:29.8309481+00:00" endTime="2025-10-23T00:35:29.8309482+00:00" testType="13cdc9d9-ddb5-4fa4-a97d-d965ccfc6d4b" outcome="Passed" testListId="8c84fa94-04c1-424b-9868-57a2d4851a1d" relativeResultsDirectory="19bcdaec-910a-4a16-a190-1842962ba17e" />
    <UnitTestResult executionId="e5bba2f5-9b49-4172-94bf-a8509f2ec5d1" testId="63d843f2-744c-64b4-f09e-54d13b3b8c9b" testName="AgendamentoConsultas.Tests.Domain.Entities.ClienteTests.Criar_ComCpfInvalido_DeveRetornarFalha(cpf: &quot;000.000.000-00&quot;)" computerName="cursor" duration="00:00:00.0005044" startTime="2025-10-23T00:35:29.6583220+00:00" endTime="2025-10-23T00:35:29.6583221+00:00" testType="13cdc9d9-ddb5-4fa4-a97d-d965ccfc6d4b" outcome="Passed" testListId="8c84fa94-04c1-424b-9868-57a2d4851a1d" relativeResultsDirectory="e5bba2f5-9b49-4172-94bf-a8509f2ec5d1" />
    <UnitTestResult executionId="5b6e2960-239e-4b5a-8fae-76336556f537" testId="31a48201-1c72-e50e-7831-927de2f2e183" testName="AgendamentoConsultas.Tests.Domain.Entities.AgendamentoTests.Cancelar_AgendamentoConcluido_DeveRetornarFalha" computerName="cursor" duration="00:00:00.0004376" startTime="2025-10-23T00:35:29.9671576+00:00" endTime="2025-10-23T00:35:29.9671578+00:00" testType="13cdc9d9-ddb5-4fa4-a97d-d965ccfc6d4b" outcome="Passed" testListId="8c84fa94-04c1-424b-9868-57a2d4851a1d" relativeResultsDirectory="5b6e2960-239e-4b5a-8fae-76336556f537" />
    <UnitTestResult executionId="4214af7c-4538-455b-add7-dbdfc8e272c0" testId="125c1207-dc88-1a08-c4e7-d8f74f864b88" testName="AgendamentoConsultas.Tests.Application.UseCases.Agendamento.CancelarAgendamentoUseCaseTests.ExecutarAsync_ComAgendamentoValido_DeveCancelar" computerName="cursor" duration="00:00:00.1458388" startTime="2025-10-23T00:35:29.8153959+00:00" endTime="2025-10-23T00:35:29.8153960+00:00" testType="13cdc9d9-ddb5-4fa4-a97d-d965ccfc6d4b" outcome="Passed" testListId="8c84fa94-04c1-424b-9868-57a2d4851a1d" relativeResultsDirectory="4214af7c-4538-455b-add7-dbdfc8e272c0" />
    <UnitTestResult executionId="a73817af-348a-42d1-b783-5e94a741b7cd" testId="97a52a8b-0422-53e6-41d3-c75e8a5c3519" testName="AgendamentoConsultas.Tests.Infrastructure.Repositories.ClienteRepositoryTests.AtualizarAsync_ComClienteExistente_DeveAtualizarERetornarTrue" computerName="cursor" duration="00:00:00.0312943" startTime="2025-10-23T00:35:29.3845847+00:00" endTime="2025-10-23T00:35:29.3845852+00:00" testType="13cdc9d9-ddb5-4fa4-a97d-d965ccfc6d4b" outcome="Passed" testListId="8c84fa94-04c1-424b-9868-57a2d4851a1d" relativeResultsDirectory="a73817af-348a-42d1-b783-5e94a741b7cd" />
    <UnitTestResult executionId="1e459f9e-9c51-4484-b533-ae7c85a0aad7" testId="3e97dcb6-6e17-d870-3a4f-edbcfd77e601" testName="AgendamentoConsultas.Tests.Domain.Entities.ClienteTests.Criar_ComNomeInvalido_DeveRetornarFalha(nome: &quot;&quot;, cpf: &quot;123.456.789-09&quot;, email: &quot;joao@email.com&quot;, telefone: &quot;(11) 98765-4321&quot;)" computerName="cursor" duration="00:00:00.0003189" startTime="2025-10-23T00:35:29.6745419+00:00" endTime="2025-10-23T00:35:29.6745420+00:00" testType="13cdc9d9-ddb5-4fa4-a97d-d965ccfc6d4b" outcome="Passed" testListId="8c84fa94-04c1-424b-9868-57a2d4851a1d" relativeResultsDirectory="1e459f9e-9c51-4484-b533-ae7c85a0aad7" />
    <UnitTestResult executionId="7f6c8137-c60b-4160-b980-64fc895761d6" testId="bcdcee3b-48f9-d4b9-bcf9-0cda255be613" testName="AgendamentoConsultas.Tests.Application.Validators.ReagendarDtoValidatorTests.Validate_ComHorarioForaDoAtendimento_DeveSerInvalido(hora: 7)" computerName="cursor" duration="00:00:00.0059604" startTime="2025-10-23T00:35:29.6157779+00:00" endTime="2025-10-23T00:35:29.6157781+00:00" testType="13cdc9d9-ddb5-4fa4-a97d-d965ccfc6d4b" outcome="Passed" testListId="8c84fa94-04c1-424b-9868-57a2d4851a1d" relativeResultsDirectory="7f6c8137-c60b-4160-b980-64fc895761d6" />
    <UnitTestResult executionId="1e8470b7-309e-4150-ac10-601f7915d4cc" testId="f3070322-556c-e9fd-94ff-b58a6b48c7a5" testName="AgendamentoConsultas.Tests.Infrastructure.Repositories.ClienteRepositoryTests.AdicionarAsync_DeveAdicionarCliente" computerName="cursor" duration="00:00:00.0939203" startTime="2025-10-23T00:35:29.3787510+00:00" endTime="2025-10-23T00:35:29.3787514+00:00" testType="13cdc9d9-ddb5-4fa4-a97d-d965ccfc6d4b" outcome="Passed" testListId="8c84fa94-04c1-424b-9868-57a2d4851a1d" relativeResultsDirectory="1e8470b7-309e-4150-ac10-601f7915d4cc" />
    <UnitTestResult executionId="986077dc-2f71-4f27-a815-43a1e492a0df" testId="95e63b08-f4e9-d3b0-d52e-f4b94e3d73e8" testName="AgendamentoConsultas.Tests.Application.UseCases.Cliente.AtualizarClienteUseCaseTests.ExecutarAsync_ComClienteInexistente_DeveRetornarFalha" computerName="cursor" duration="00:00:00.0215339" startTime="2025-10-23T00:35:29.8089391+00:00" endTime="2025-10-23T00:35:29.8089393+00:00" testType="13cdc9d9-ddb5-4fa4-a97d-d965ccfc6d4b" outcome="Passed" testListId="8c84fa94-04c1-424b-9868-57a2d4851a1d" relativeResultsDirectory="986077dc-2f71-4f27-a815-43a1e492a0df" />
    <UnitTestResult executionId="83bee578-541f-4dea-a7c5-c1cc872907c3" testId="7a8b9c09-8863-a4e0-6e51-01c19af155d5" testName="AgendamentoConsultas.Tests.Application.Validators.CriarClienteDtoValidatorTests.Validate_ComDadosValidos_DeveSerValido" computerName="cursor" duration="00:00:00.0053403" startTime="2025-10-23T00:35:29.7254462+00:00" endTime="2025-10-23T00:35:29.7254463+00:00" testType="13cdc9d9-ddb5-4fa4-a97d-d965ccfc6d4b" outcome="Passed" testListId="8c84fa94-04c1-424b-9868-57a2d4851a1d" relativeResultsDirectory="83bee578-541f-4dea-a7c5-c1cc872907c3" />
    <UnitTestResult executionId="14b9eb15-5d14-459c-8637-f7cf4385b8cc" testId="ffeb2b9d-0b53-e526-3d17-a4948dc726eb" testName="AgendamentoConsultas.Tests.Application.UseCases.Agendamento.ObterHorariosDisponiveisUseCaseTests.ExecutarAsync_ComDataPassada_DeveRetornarFalha" computerName="cursor" duration="00:00:00.0107820" startTime="2025-10-23T00:35:29.8032342+00:00" endTime="2025-10-23T00:35:29.8032343+00:00" testType="13cdc9d9-ddb5-4fa4-a97d-d965ccfc6d4b" outcome="Passed" testListId="8c84fa94-04c1-424b-9868-57a2d4851a1d" relativeResultsDirectory="14b9eb15-5d14-459c-8637-f7cf4385b8cc" />
    <UnitTestResult executionId="3cdaa0e7-940c-4037-8a9d-4dd8e8900ced" testId="de60f4a2-d43c-18a0-9315-b919b119bcdf" testName="AgendamentoConsultas.Tests.Domain.Entities.ClienteTests.Atualizar_ComNomeInvalido_DeveRetornarFalha(nome: null, email: &quot;joao@email.com&quot;, telefone: &quot;(11) 98765-4321&quot;)" computerName="cursor" duration="00:00:00.0004517" startTime="2025-10-23T00:35:29.6590580+00:00" endTime="2025-10-23T00:35:29.6590581+00:00" testType="13cdc9d9-ddb5-4fa4-a97d-d965ccfc6d4b" outcome="Passed" testListId="8c84fa94-04c1-424b-9868-57a2d4851a1d" relativeResultsDirectory="3cdaa0e7-940c-4037-8a9d-4dd8e8900ced" />
    <UnitTestResult executionId="86eb06e6-8ca6-48da-8c20-03f873d8c870" testId="cd60afec-8850-c58f-6352-ece5ae1d3d9f" testName="AgendamentoConsultas.Tests.Application.Validators.CriarClienteDtoValidatorTests.Validate_ComCpfInvalido_DeveSerInvalido(cpf: &quot;111.111.111-11&quot;)" computerName="cursor" duration="00:00:00.0106248" startTime="2025-10-23T00:35:29.7148627+00:00" endTime="2025-10-23T00:35:29.7148629+00:00" testType="13cdc9d9-ddb5-4fa4-a97d-d965ccfc6d4b" outcome="Passed" testListId="8c84fa94-04c1-424b-9868-57a2d4851a1d" relativeResultsDirectory="86eb06e6-8ca6-48da-8c20-03f873d8c870" />
    <UnitTestResult executionId="9da610e5-0ce2-4a99-b936-fb9a3f90c8fa" testId="dc634e14-606f-4645-37a4-82607ddb2012" testName="AgendamentoConsultas.Tests.Application.UseCases.Cliente.AtualizarClienteUseCaseTests.ExecutarAsync_ComDadosValidos_DeveAtualizarCliente" computerName="cursor" duration="00:00:00.0225631" startTime="2025-10-23T00:35:29.8789720+00:00" endTime="2025-10-23T00:35:29.8789721+00:00" testType="13cdc9d9-ddb5-4fa4-a97d-d965ccfc6d4b" outcome="Passed" testListId="8c84fa94-04c1-424b-9868-57a2d4851a1d" relativeResultsDirectory="9da610e5-0ce2-4a99-b936-fb9a3f90c8fa" />
    <UnitTestResult executionId="a7b67711-36c8-4df1-a1ad-4b635539d599" testId="0ed6a690-0aea-be3f-eceb-8dbb1b37bfc1" testName="AgendamentoConsultas.Tests.Domain.Entities.AgendamentoTests.Criar_ComMinutosInvalidos_DeveRetornarFalha(minutos: 25)" computerName="cursor" duration="00:00:00.0004727" startTime="2025-10-23T00:35:29.8102517+00:00" endTime="2025-10-23T00:35:29.8102518+00:00" testType="13cdc9d9-ddb5-4fa4-a97d-d965ccfc6d4b" outcome="Passed" testListId="8c84fa94-04c1-424b-9868-57a2d4851a1d" relativeResultsDirectory="a7b67711-36c8-4df1-a1ad-4b635539d599" />
    <UnitTestResult executionId="634138ee-cf86-4f88-9db8-94f74b5e9167" testId="d4e0159b-a03d-a28e-8cce-967ffd2aa04e" testName="AgendamentoConsultas.Tests.Application.Validators.ReagendarDtoValidatorTests.Validate_ComDataHoraValida_DeveSerValido" computerName="cursor" duration="00:00:00.1235351" startTime="2025-10-23T00:35:29.3437404+00:00" endTime="2025-10-23T00:35:29.3437716+00:00" testType="13cdc9d9-ddb5-4fa4-a97d-d965ccfc6d4b" outcome="Passed" testListId="8c84fa94-04c1-424b-9868-57a2d4851a1d" relativeResultsDirectory="634138ee-cf86-4f88-9db8-94f74b5e9167" />
    <UnitTestResult executionId="c54f2c81-9de2-48da-9287-b2f7b905bd9d" testId="e024f674-b48b-ec2b-c5b8-2c969b1bee26" testName="AgendamentoConsultas.Tests.Application.Validators.ReagendarDtoValidatorTests.Validate_NoFinalDeSemana_DeveSerInvalido" computerName="cursor" duration="00:00:00.0440331" startTime="2025-10-23T00:35:29.6139429+00:00" endTime="2025-10-23T00:35:29.6139431+00:00" testType="13cdc9d9-ddb5-4fa4-a97d-d965ccfc6d4b" outcome="Passed" testListId="8c84fa94-04c1-424b-9868-57a2d4851a1d" relativeResultsDirectory="c54f2c81-9de2-48da-9287-b2f7b905bd9d" />
    <UnitTestResult executionId="83716989-b6a9-4ad5-a6c0-07822a16becc" testId="d9abbeb9-9b79-c5df-4f71-5d3f1096e51d" testName="AgendamentoConsultas.Tests.Application.UseCases.Cliente.ObterClientePorCpfUseCaseTests.ExecutarAsync_ComCpfInexistente_DeveRetornarFalha" computerName="cursor" duration="00:00:00.1222881" startTime="2025-10-23T00:35:29.7996828+00:00" endTime="2025-10-23T00:35:29.7996830+00:00" testType="13cdc9d9-ddb5-4fa4-a97d-d965ccfc6d4b" outcome="Passed" testListId="8c84fa94-04c1-424b-9868-57a2d4851a1d" relativeResultsDirectory="83716989-b6a9-4ad5-a6c0-07822a16becc" />
    <UnitTestResult executionId="28e5d5d9-932b-47f9-a287-8d7eabc89d78" testId="c4b79b17-881f-de75-cca7-8a23e60493b3" testName="AgendamentoConsultas.Tests.Application.UseCases.Cliente.CriarClienteUseCaseTests.ExecutarAsync_ComDadosValidos_DeveCriarCliente" computerName="cursor" duration="00:00:00.0225425" startTime="2025-10-23T00:35:29.8872882+00:00" endTime="2025-10-23T00:35:29.8872884+00:00" testType="13cdc9d9-ddb5-4fa4-a97d-d965ccfc6d4b" outcome="Passed" testListId="8c84fa94-04c1-424b-9868-57a2d4851a1d" relativeResultsDirectory="28e5d5d9-932b-47f9-a287-8d7eabc89d78" />
    <UnitTestResult executionId="fd0c5950-ed07-40ad-952d-3b45b4e00bc4" testId="e8460c8c-9215-75af-ce43-e5712b44871c" testName="AgendamentoConsultas.Tests.Infrastructure.Repositories.ClienteRepositoryTests.RemoverAsync_ComClienteInexistente_DeveRetornarFalse" computerName="cursor" duration="00:00:00.0042195" startTime="2025-10-23T00:35:29.3895572+00:00" endTime="2025-10-23T00:35:29.3895575+00:00" testType="13cdc9d9-ddb5-4fa4-a97d-d965ccfc6d4b" outcome="Passed" testListId="8c84fa94-04c1-424b-9868-57a2d4851a1d" relativeResultsDirectory="fd0c5950-ed07-40ad-952d-3b45b4e00bc4" />
    <UnitTestResult executionId="d65244d0-4d89-4276-8d48-fe1ed2ef8df1" testId="129c0b69-bf97-706d-c506-055f56bf231a" testName="AgendamentoConsultas.Tests.Application.Validators.CriarClienteDtoValidatorTests.Validate_ComEmailInvalido_DeveSerInvalido(email: &quot;email-invalido&quot;)" computerName="cursor" duration="00:00:00.0059933" startTime="2025-10-23T00:35:29.7113308+00:00" endTime="2025-10-23T00:35:29.7113309+00:00" testType="13cdc9d9-ddb5-4fa4-a97d-d965ccfc6d4b" outcome="Passed" testListId="8c84fa94-04c1-424b-9868-57a2d4851a1d" relativeResultsDirectory="d65244d0-4d89-4276-8d48-fe1ed2ef8df1" />
  </Results>
  <TestDefinitions>
    <UnitTest name="AgendamentoConsultas.Tests.Application.UseCases.Agendamento.ObterHorariosDisponiveisUseCaseTests.ExecutarAsync_ComDataPassada_DeveRetornarFalha" storage="/workspace/agendamentoconsultas.tests/bin/debug/net8.0/agendamentoconsultas.tests.dll" id="ffeb2b9d-0b53-e526-3d17-a4948dc726eb">
      <Execution id="14b9eb15-5d14-459c-8637-f7cf4385b8cc" />
      <TestMethod codeBase="/workspace/AgendamentoConsultas.Tests/bin/Debug/net8.0/AgendamentoConsultas.Tests.dll" adapterTypeName="executor://xunit/VsTestRunner2/netcoreapp" className="AgendamentoConsultas.Tests.Application.UseCases.Agendamento.ObterHorariosDisponiveisUseCaseTests" name="ExecutarAsync_ComDataPassada_DeveRetornarFalha" />
    </UnitTest>
    <UnitTest name="AgendamentoConsultas.Tests.Application.UseCases.Cliente.CriarClienteUseCaseTests.ExecutarAsync_ComDadosInvalidos_DeveRetornarFalha(nome: &quot;João&quot;, cpf: &quot;123.456.789-09&quot;, email: &quot;&quot;, telefone: &quot;(11) 98765-4321&quot;)" storage="/workspace/agendamentoconsultas.tests/bin/debug/net8.0/agendamentoconsultas.tests.dll" id="4c7822c3-6437-306a-71e3-572334bd998b">
      <Execution id="ddc0b374-a57c-44ad-9aa7-84b3741289d1" />
      <TestMethod codeBase="/workspace/AgendamentoConsultas.Tests/bin/Debug/net8.0/AgendamentoConsultas.Tests.dll" adapterTypeName="executor://xunit/VsTestRunner2/netcoreapp" className="AgendamentoConsultas.Tests.Application.UseCases.Cliente.CriarClienteUseCaseTests" name="ExecutarAsync_ComDadosInvalidos_DeveRetornarFalha" />
    </UnitTest>
    <UnitTest name="AgendamentoConsultas.Tests.Application.UseCases.Agendamento.ObterHorariosDisponiveisUseCaseTests.ExecutarAsync_NoDomingo_DeveRetornarListaVazia" storage="/workspace/agendamentoconsultas.tests/bin/debug/net8.0/agendamentoconsultas.tests.dll" id="43c72013-7c80-da83-121a-66d8bb3e9b4c">
      <Execution id="b7c0fe61-aa99-47a7-8e58-bc01f9fb05ab" />
      <TestMethod codeBase="/workspace/AgendamentoConsultas.Tests/bin/Debug/net8.0/AgendamentoConsultas.Tests.dll" adapterTypeName="executor://xunit/VsTestRunner2/netcoreapp" className="AgendamentoConsultas.Tests.Application.UseCases.Agendamento.ObterHorariosDisponiveisUseCaseTests" name="ExecutarAsync_NoDomingo_DeveRetornarListaVazia" />
    </UnitTest>
    <UnitTest name="AgendamentoConsultas.Tests.Application.UseCases.Cliente.CriarClienteUseCaseTests.ExecutarAsync_ComDadosValidos_DeveCriarCliente" storage="/workspace/agendamentoconsultas.tests/bin/debug/net8.0/agendamentoconsultas.tests.dll" id="c4b79b17-881f-de75-cca7-8a23e60493b3">
      <Execution id="28e5d5d9-932b-47f9-a287-8d7eabc89d78" />
      <TestMethod codeBase="/workspace/AgendamentoConsultas.Tests/bin/Debug/net8.0/AgendamentoConsultas.Tests.dll" adapterTypeName="executor://xunit/VsTestRunner2/netcoreapp" className="AgendamentoConsultas.Tests.Application.UseCases.Cliente.CriarClienteUseCaseTests" name="ExecutarAsync_ComDadosValidos_DeveCriarCliente" />
    </UnitTest>
    <UnitTest name="AgendamentoConsultas.Tests.Infrastructure.Repositories.ClienteRepositoryTests.ObterPorIdAsync_ComIdExistente_DeveRetornarCliente" storage="/workspace/agendamentoconsultas.tests/bin/debug/net8.0/agendamentoconsultas.tests.dll" id="5df0abe1-f53f-8a8d-c2bd-942801db4d02">
      <Execution id="1491198b-8eef-4793-8d26-edf09dea0813" />
      <TestMethod codeBase="/workspace/AgendamentoConsultas.Tests/bin/Debug/net8.0/AgendamentoConsultas.Tests.dll" adapterTypeName="executor://xunit/VsTestRunner2/netcoreapp" className="AgendamentoConsultas.Tests.Infrastructure.Repositories.ClienteRepositoryTests" name="ObterPorIdAsync_ComIdExistente_DeveRetornarCliente" />
    </UnitTest>
    <UnitTest name="AgendamentoConsultas.Tests.Infrastructure.Repositories.AgendamentoRepositoryTests.AtualizarAsync_ComAgendamentoInexistente_DeveRetornarFalse" storage="/workspace/agendamentoconsultas.tests/bin/debug/net8.0/agendamentoconsultas.tests.dll" id="d761e322-6dba-0561-8ac5-710196f657c6">
      <Execution id="d7c56e03-25ac-4a11-9444-1da89fbd7879" />
      <TestMethod codeBase="/workspace/AgendamentoConsultas.Tests/bin/Debug/net8.0/AgendamentoConsultas.Tests.dll" adapterTypeName="executor://xunit/VsTestRunner2/netcoreapp" className="AgendamentoConsultas.Tests.Infrastructure.Repositories.AgendamentoRepositoryTests" name="AtualizarAsync_ComAgendamentoInexistente_DeveRetornarFalse" />
    </UnitTest>
    <UnitTest name="AgendamentoConsultas.Tests.Infrastructure.Repositories.ClienteRepositoryTests.ObterTodosAsync_DeveRetornarTodosClientes" storage="/workspace/agendamentoconsultas.tests/bin/debug/net8.0/agendamentoconsultas.tests.dll" id="dcac0588-47cf-b619-7420-074f24ca31fa">
      <Execution id="bdb3a7ac-04b9-4373-8933-c3d1cfe95501" />
      <TestMethod codeBase="/workspace/AgendamentoConsultas.Tests/bin/Debug/net8.0/AgendamentoConsultas.Tests.dll" adapterTypeName="executor://xunit/VsTestRunner2/netcoreapp" className="AgendamentoConsultas.Tests.Infrastructure.Repositories.ClienteRepositoryTests" name="ObterTodosAsync_DeveRetornarTodosClientes" />
    </UnitTest>
    <UnitTest name="AgendamentoConsultas.Tests.Domain.Entities.AgendamentoTests.Concluir_AgendamentoJaConcluido_DeveRetornarFalha" storage="/workspace/agendamentoconsultas.tests/bin/debug/net8.0/agendamentoconsultas.tests.dll" id="3d26a18d-7772-1e76-5f4c-9bff2109c53e">
      <Execution id="519e44b2-f2e4-4edb-8608-6c8c10b143ad" />
      <TestMethod codeBase="/workspace/AgendamentoConsultas.Tests/bin/Debug/net8.0/AgendamentoConsultas.Tests.dll" adapterTypeName="executor://xunit/VsTestRunner2/netcoreapp" className="AgendamentoConsultas.Tests.Domain.Entities.AgendamentoTests" name="Concluir_AgendamentoJaConcluido_DeveRetornarFalha" />
    </UnitTest>
    <UnitTest name="AgendamentoConsultas.Tests.Domain.Entities.ClienteTests.Atualizar_ComDadosValidos_DeveAtualizarCliente" storage="/workspace/agendamentoconsultas.tests/bin/debug/net8.0/agendamentoconsultas.tests.dll" id="b2715c71-06d7-13c9-16fb-81ba051840ec">
      <Execution id="57242244-4122-41b7-b29c-df432583b2cc" />
      <TestMethod codeBase="/workspace/AgendamentoConsultas.Tests/bin/Debug/net8.0/AgendamentoConsultas.Tests.dll" adapterTypeName="executor://xunit/VsTestRunner2/netcoreapp" className="AgendamentoConsultas.Tests.Domain.Entities.ClienteTests" name="Atualizar_ComDadosValidos_DeveAtualizarCliente" />
    </UnitTest>
    <UnitTest name="AgendamentoConsultas.Tests.Domain.Entities.ClienteTests.Criar_ComTelefoneInvalido_DeveRetornarFalha(telefone: null)" storage="/workspace/agendamentoconsultas.tests/bin/debug/net8.0/agendamentoconsultas.tests.dll" id="7d5f37bc-f7bd-0697-8e6c-f4021523d4d5">
      <Execution id="5d56403c-d6cb-417e-9099-5adc19c1ddb1" />
      <TestMethod codeBase="/workspace/AgendamentoConsultas.Tests/bin/Debug/net8.0/AgendamentoConsultas.Tests.dll" adapterTypeName="executor://xunit/VsTestRunner2/netcoreapp" className="AgendamentoConsultas.Tests.Domain.Entities.ClienteTests" name="Criar_ComTelefoneInvalido_DeveRetornarFalha" />
    </UnitTest>
    <UnitTest name="AgendamentoConsultas.Tests.Application.UseCases.Cliente.CriarClienteUseCaseTests.ExecutarAsync_ComDadosInvalidos_DeveRetornarFalha(nome: &quot;João&quot;, cpf: &quot;123.456.789-09&quot;, email: &quot;joao@email.com&quot;, telefone: &quot;&quot;)" storage="/workspace/agendamentoconsultas.tests/bin/debug/net8.0/agendamentoconsultas.tests.dll" id="ddb78880-ae7e-75c3-b911-07730c5401dc">
[...]
    <TestEntry testId="3347d714-7be2-a5d8-fa29-c7918708596c" executionId="8f3a3946-b70d-40b6-b9f1-cc275a5a0dde" testListId="8c84fa94-04c1-424b-9868-57a2d4851a1d" />
    <TestEntry testId="83d18af3-341d-46a1-7033-fbe489c60779" executionId="6d4f9fb3-9cd7-4d05-9805-04249fc3541f" testListId="8c84fa94-04c1-424b-9868-57a2d4851a1d" />
    <TestEntry testId="a76b90b6-8f73-4727-dcef-eebfb25a463b" executionId="e1563611-7816-41ec-9519-04243cbc0d5c" testListId="8c84fa94-04c1-424b-9868-57a2d4851a1d" />
    <TestEntry testId="ca201b2c-d8d5-15af-0d2b-2ecf201d4010" executionId="9554774d-d497-4752-bfd2-4b1471aff5ea" testListId="8c84fa94-04c1-424b-9868-57a2d4851a1d" />
    <TestEntry testId="de07570e-a846-17bc-ca1b-e0537213f6af" executionId="39caed14-1fbb-4e3a-8267-17ed779c7313" testListId="8c84fa94-04c1-424b-9868-57a2d4851a1d" />
    <TestEntry testId="3ac62243-077a-2fa0-1563-79d05f51bb46" executionId="2e8bc3fc-a390-4b67-99b4-354b45ab0d79" testListId="8c84fa94-04c1-424b-9868-57a2d4851a1d" />
    <TestEntry testId="6e31292d-e1b1-3f6f-f298-de01c71b187e" executionId="08717f4b-7b5d-4398-9276-0c04dbfe3206" testListId="8c84fa94-04c1-424b-9868-57a2d4851a1d" />
    <TestEntry testId="18488073-b154-55bd-4513-63199d44d94c" executionId="79072a6c-7a4a-498c-a18f-7cca9a47b7ac" testListId="8c84fa94-04c1-424b-9868-57a2d4851a1d" />
    <TestEntry testId="9ccc1961-f63e-1064-aa77-3c85fe53bdb5" executionId="5881e390-7916-4e0c-b0e4-576a29d54d81" testListId="8c84fa94-04c1-424b-9868-57a2d4851a1d" />
    <TestEntry testId="02c08a35-74e8-b648-d113-37080a78e07f" executionId="d3d5aa5e-4424-43b5-86f5-5e6ad76285bb" testListId="8c84fa94-04c1-424b-9868-57a2d4851a1d" />
    <TestEntry testId="4b802b67-d63a-15ca-c77c-e3071f4c1415" executionId="86851ad8-9b17-40e1-a058-f7e00f3bc492" testListId="8c84fa94-04c1-424b-9868-57a2d4851a1d" />
    <TestEntry testId="35fe6ea1-4cff-d337-1ab4-bf3787db85fe" executionId="043ea57f-fb5b-4e10-8e24-3af77f1a7788" testListId="8c84fa94-04c1-424b-9868-57a2d4851a1d" />
    <TestEntry testId="43c72013-7c80-da83-121a-66d8bb3e9b4c" executionId="b7c0fe61-aa99-47a7-8e58-bc01f9fb05ab" testListId="8c84fa94-04c1-424b-9868-57a2d4851a1d" />
    <TestEntry testId="5df0abe1-f53f-8a8d-c2bd-942801db4d02" executionId="1491198b-8eef-4793-8d26-edf09dea0813" testListId="8c84fa94-04c1-424b-9868-57a2d4851a1d" />
    <TestEntry testId="a503b325-d86f-14f5-c118-07c17a18b0c2" executionId="075f3d02-ca1b-404f-8abc-796ddfd54f1d" testListId="8c84fa94-04c1-424b-9868-57a2d4851a1d" />
    <TestEntry testId="0e542a05-48b1-b318-b6ce-6652580087c8" executionId="17c33601-4107-4381-a21e-6a649efb2f75" testListId="8c84fa94-04c1-424b-9868-57a2d4851a1d" />
    <TestEntry testId="5f82731c-3a6e-bcf7-dadd-9afe86373493" executionId="72d27191-94f8-4d6c-8b24-63e1fe578556" testListId="8c84fa94-04c1-424b-9868-57a2d4851a1d" />
    <TestEntry testId="52cdf68c-06a1-2b08-e901-b0fd10cb0683" executionId="ed014aab-03a6-4340-8e5c-18efc90fa8e2" testListId="8c84fa94-04c1-424b-9868-57a2d4851a1d" />
    <TestEntry testId="88ebe9d7-b447-90af-7b49-bc333091330e" executionId="cc94b0fb-b08e-4274-b28d-f22ddf243669" testListId="8c84fa94-04c1-424b-9868-57a2d4851a1d" />
    <TestEntry testId="3d26a18d-7772-1e76-5f4c-9bff2109c53e" executionId="519e44b2-f2e4-4edb-8608-6c8c10b143ad" testListId="8c84fa94-04c1-424b-9868-57a2d4851a1d" />
    <TestEntry testId="84933732-ea14-145e-215c-9b60a8220302" executionId="7eb235e6-6eaa-40d3-b7cd-b0bda9f0c493" testListId="8c84fa94-04c1-424b-9868-57a2d4851a1d" />
    <TestEntry testId="fade67fe-4366-7470-b4cd-53cd7f515632" executionId="7906e112-f67b-4175-8098-f75658b6e35e" testListId="8c84fa94-04c1-424b-9868-57a2d4851a1d" />
    <TestEntry testId="8378c650-2b5f-2ec3-d9a6-1715875ee711" executionId="cd80168d-06fd-4fc5-be56-def9db98d75b" testListId="8c84fa94-04c1-424b-9868-57a2d4851a1d" />
    <TestEntry testId="0573564b-1498-95b5-230a-5928186766b0" executionId="a2c2bd64-0338-43f2-9ffc-3aba19dee710" testListId="8c84fa94-04c1-424b-9868-57a2d4851a1d" />
    <TestEntry testId="44eb07d2-04d2-032e-7ed8-a3a8b5126f8d" executionId="18e097fe-2b94-4ced-a9de-807b15ebe484" testListId="8c84fa94-04c1-424b-9868-57a2d4851a1d" />
    <TestEntry testId="5f1ea565-33b7-ba91-1df3-4b222305e8d6" executionId="58d01a3f-33c9-408a-ad98-cc7d999bf9c9" testListId="8c84fa94-04c1-424b-9868-57a2d4851a1d" />
    <TestEntry testId="561a4dab-e16f-09b5-d475-5dff1d173f3d" executionId="965eecc2-da93-421a-908c-a7cb1805f65b" testListId="8c84fa94-04c1-424b-9868-57a2d4851a1d" />
    <TestEntry testId="5bffdb9c-ef19-bf2a-f60d-6b2d82048fbd" executionId="61e6e6b1-0193-4159-a260-fa474ad61c35" testListId="8c84fa94-04c1-424b-9868-57a2d4851a1d" />
    <TestEntry testId="9cba3fad-5258-6266-cfc6-e8203cce1c52" executionId="14b2ebc3-fd4e-41cd-a4d6-98a43c1001b1" testListId="8c84fa94-04c1-424b-9868-57a2d4851a1d" />
    <TestEntry testId="db3a4704-7619-a5f3-3693-042f773d13e4" executionId="bbfc0487-191d-4d9a-a8e0-54a2eb8505cb" testListId="8c84fa94-04c1-424b-9868-57a2d4851a1d" />
    <TestEntry testId="7a5673cf-9454-24be-089b-23740b404584" executionId="90b4511f-f47f-469c-87c1-808c167651b3" testListId="8c84fa94-04c1-424b-9868-57a2d4851a1d" />
    <TestEntry testId="f06d6d1d-b7dd-c427-fd2a-3b44f3aaf43b" executionId="ec239bb7-3f57-4c50-afd3-c53f1918f605" testListId="8c84fa94-04c1-424b-9868-57a2d4851a1d" />
    <TestEntry testId="9729fc7a-5ae2-0f5c-8e2d-afaae5314ec5" executionId="72b1f12c-bf6d-4350-a84d-3b008cddc8bd" testListId="8c84fa94-04c1-424b-9868-57a2d4851a1d" />
    <TestEntry testId="6884f34d-c0d7-d473-dbeb-4f19e14c05db" executionId="d1cedc67-1339-47eb-8b9b-b0a973a87a5d" testListId="8c84fa94-04c1-424b-9868-57a2d4851a1d" />
    <TestEntry testId="5f120ee4-f403-5691-4457-2599c27b30cd" executionId="33ab67ad-d4b5-4a25-b66b-471628699b6d" testListId="8c84fa94-04c1-424b-9868-57a2d4851a1d" />
    <TestEntry testId="f1e2923f-6242-e9a5-d3e1-5102718483f2" executionId="a6817626-4409-41c0-ac69-ee65789ecfc2" testListId="8c84fa94-04c1-424b-9868-57a2d4851a1d" />
    <TestEntry testId="0a194de0-dded-a356-09f7-2b3d41799373" executionId="d25b96ef-7131-4c38-ab7c-3e5e17a2fc42" testListId="8c84fa94-04c1-424b-9868-57a2d4851a1d" />
    <TestEntry testId="7e12684c-4699-4584-8f41-01e87c0b1a46" executionId="a5b820b4-0409-47a1-9d4e-cb5ecc79a9e5" testListId="8c84fa94-04c1-424b-9868-57a2d4851a1d" />
    <TestEntry testId="af3e9215-edb1-db10-977f-0d12f93d7087" executionId="e6ee14be-07a6-4120-8e47-3b7259a516a2" testListId="8c84fa94-04c1-424b-9868-57a2d4851a1d" />
    <TestEntry testId="5313d9ba-9132-a0d6-29ce-cec136c3913e" executionId="916f1c05-6ec6-4244-ab9c-04390a0f5439" testListId="8c84fa94-04c1-424b-9868-57a2d4851a1d" />
    <TestEntry testId="59036c60-90be-33de-2f5f-58c90684af15" executionId="28c5c909-f5d4-4ad2-860b-edc2f5146bf3" testListId="8c84fa94-04c1-424b-9868-57a2d4851a1d" />
    <TestEntry testId="712470ab-f221-f319-c2aa-803fb8410baf" executionId="2d47c102-8eac-4ddf-9ac6-56caa819618b" testListId="8c84fa94-04c1-424b-9868-57a2d4851a1d" />
    <TestEntry testId="a80b129f-1247-4825-578c-3373d864b4e0" executionId="083dca13-19b0-45ff-ac43-6891159a93f0" testListId="8c84fa94-04c1-424b-9868-57a2d4851a1d" />
    <TestEntry testId="3332b94a-87ab-af0c-057a-10d49fe2e637" executionId="f43940a2-85a0-4afb-b72a-5a24e70554aa" testListId="8c84fa94-04c1-424b-9868-57a2d4851a1d" />
    <TestEntry testId="438ac641-2fff-975d-949e-308897ba16d2" executionId="3f083350-9d89-4edd-bdac-55c78e02773d" testListId="8c84fa94-04c1-424b-9868-57a2d4851a1d" />
    <TestEntry testId="f4cd4d20-f869-e297-d975-add543373032" executionId="5d7d7978-71cd-4006-b5bf-c12424d1da84" testListId="8c84fa94-04c1-424b-9868-57a2d4851a1d" />
    <TestEntry testId="f883ce11-d4d8-ab43-379b-fc25d91db683" executionId="52d76037-f9bd-4fd5-9d61-45482665033c" testListId="8c84fa94-04c1-424b-9868-57a2d4851a1d" />
    <TestEntry testId="c273cc9c-76db-8e30-4388-11238e96320f" executionId="4a67c796-5a49-4b77-9108-6f801ce610ed" testListId="8c84fa94-04c1-424b-9868-57a2d4851a1d" />
    <TestEntry testId="b3c9f61b-5472-57f5-c99f-49008fa3b70b" executionId="8d2c58dd-1b62-47eb-b398-ffbc8809d51e" testListId="8c84fa94-04c1-424b-9868-57a2d4851a1d" />
    <TestEntry testId="c34a3a2f-5356-0937-8892-ae06043ab8f3" executionId="a60616e5-a600-42ee-be63-00137aae4814" testListId="8c84fa94-04c1-424b-9868-57a2d4851a1d" />
    <TestEntry testId="dcac0588-47cf-b619-7420-074f24ca31fa" executionId="bdb3a7ac-04b9-4373-8933-c3d1cfe95501" testListId="8c84fa94-04c1-424b-9868-57a2d4851a1d" />
    <TestEntry testId="4fb2120b-2ca5-8fc7-303f-1c5d07a0b5a6" executionId="8ff8b855-5ec9-42bf-8369-130a1018da90" testListId="8c84fa94-04c1-424b-9868-57a2d4851a1d" />
    <TestEntry testId="9588150d-319e-c4e6-e745-c7759671fab2" executionId="98d6e715-4b99-47b0-b786-34333f0e6d5c" testListId="8c84fa94-04c1-424b-9868-57a2d4851a1d" />
    <TestEntry testId="11962712-ee98-e364-47a5-5d85d34ead1b" executionId="ee48606d-8fab-4c3c-9f56-3ee799f8fbbe" testListId="8c84fa94-04c1-424b-9868-57a2d4851a1d" />
    <TestEntry testId="7d5f37bc-f7bd-0697-8e6c-f4021523d4d5" executionId="5d56403c-d6cb-417e-9099-5adc19c1ddb1" testListId="8c84fa94-04c1-424b-9868-57a2d4851a1d" />
    <TestEntry testId="f8d1f946-7a5a-7c7e-bac9-52219306e494" executionId="94b69f38-61f5-4e7f-84b8-d03076bd3330" testListId="8c84fa94-04c1-424b-9868-57a2d4851a1d" />
    <TestEntry testId="fdd59a30-692f-b0b9-5ac4-a9326f0ea292" executionId="19bcdaec-910a-4a16-a190-1842962ba17e" testListId="8c84fa94-04c1-424b-9868-57a2d4851a1d" />
    <TestEntry testId="63d843f2-744c-64b4-f09e-54d13b3b8c9b" executionId="e5bba2f5-9b49-4172-94bf-a8509f2ec5d1" testListId="8c84fa94-04c1-424b-9868-57a2d4851a1d" />
    <TestEntry testId="31a48201-1c72-e50e-7831-927de2f2e183" executionId="5b6e2960-239e-4b5a-8fae-76336556f537" testListId="8c84fa94-04c1-424b-9868-57a2d4851a1d" />
    <TestEntry testId="125c1207-dc88-1a08-c4e7-d8f74f864b88" executionId="4214af7c-4538-455b-add7-dbdfc8e272c0" testListId="8c84fa94-04c1-424b-9868-57a2d4851a1d" />
    <TestEntry testId="97a52a8b-0422-53e6-41d3-c75e8a5c3519" executionId="a73817af-348a-42d1-b783-5e94a741b7cd" testListId="8c84fa94-04c1-424b-9868-57a2d4851a1d" />
    <TestEntry testId="3e97dcb6-6e17-d870-3a4f-edbcfd77e601" executionId="1e459f9e-9c51-4484-b533-ae7c85a0aad7" testListId="8c84fa94-04c1-424b-9868-57a2d4851a1d" />
    <TestEntry testId="bcdcee3b-48f9-d4b9-bcf9-0cda255be613" executionId="7f6c8137-c60b-4160-b980-64fc895761d6" testListId="8c84fa94-04c1-424b-9868-57a2d4851a1d" />
    <TestEntry testId="f3070322-556c-e9fd-94ff-b58a6b48c7a5" executionId="1e8470b7-309e-4150-ac10-601f7915d4cc" testListId="8c84fa94-04c1-424b-9868-57a2d4851a1d" />
    <TestEntry testId="95e63b08-f4e9-d3b0-d52e-f4b94e3d73e8" executionId="986077dc-2f71-4f27-a815-43a1e492a0df" testListId="8c84fa94-04c1-424b-9868-57a2d4851a1d" />
    <TestEntry testId="7a8b9c09-8863-a4e0-6e51-01c19af155d5" executionId="83bee578-541f-4dea-a7c5-c1cc872907c3" testListId="8c84fa94-04c1-424b-9868-57a2d4851a1d" />
    <TestEntry testId="ffeb2b9d-0b53-e526-3d17-a4948dc726eb" executionId="14b9eb15-5d14-459c-8637-f7cf4385b8cc" testListId="8c84fa94-04c1-424b-9868-57a2d4851a1d" />
    <TestEntry testId="de60f4a2-d43c-18a0-9315-b919b119bcdf" executionId="3cdaa0e7-940c-4037-8a9d-4dd8e8900ced" testListId="8c84fa94-04c1-424b-9868-57a2d4851a1d" />
    <TestEntry testId="cd60afec-8850-c58f-6352-ece5ae1d3d9f" executionId="86eb06e6-8ca6-48da-8c20-03f873d8c870" testListId="8c84fa94-04c1-424b-9868-57a2d4851a1d" />
    <TestEntry testId="dc634e14-606f-4645-37a4-82607ddb2012" executionId="9da610e5-0ce2-4a99-b936-fb9a3f90c8fa" testListId="8c84fa94-04c1-424b-9868-57a2d4851a1d" />
    <TestEntry testId="0ed6a690-0aea-be3f-eceb-8dbb1b37bfc1" executionId="a7b67711-36c8-4df1-a1ad-4b635539d599" testListId="8c84fa94-04c1-424b-9868-57a2d4851a1d" />
    <TestEntry testId="d4e0159b-a03d-a28e-8cce-967ffd2aa04e" executionId="634138ee-cf86-4f88-9db8-94f74b5e9167" testListId="8c84fa94-04c1-424b-9868-57a2d4851a1d" />
    <TestEntry testId="e024f674-b48b-ec2b-c5b8-2c969b1bee26" executionId="c54f2c81-9de2-48da-9287-b2f7b905bd9d" testListId="8c84fa94-04c1-424b-9868-57a2d4851a1d" />
    <TestEntry testId="d9abbeb9-9b79-c5df-4f71-5d3f1096e51d" executionId="83716989-b6a9-4ad5-a6c0-07822a16becc" testListId="8c84fa94-04c1-424b-9868-57a2d4851a1d" />
    <TestEntry testId="c4b79b17-881f-de75-cca7-8a23e60493b3" executionId="28e5d5d9-932b-47f9-a287-8d7eabc89d78" testListId="8c84fa94-04c1-424b-9868-57a2d4851a1d" />
    <TestEntry testId="e8460c8c-9215-75af-ce43-e5712b44871c" executionId="fd0c5950-ed07-40ad-952d-3b45b4e00bc4" testListId="8c84fa94-04c1-424b-9868-57a2d4851a1d" />
    <TestEntry testId="129c0b69-bf97-706d-c506-055f56bf231a" executionId="d65244d0-4d89-4276-8d48-fe1ed2ef8df1" testListId="8c84fa94-04c1-424b-9868-57a2d4851a1d" />
  </TestEntries>
  <TestLists>
    <TestList name="Results Not in a List" id="8c84fa94-04c1-424b-9868-57a2d4851a1d" />
    <TestList name="All Loaded Results" id="19431567-8539-422a-85d7-44ee4e166bda" />
  </TestLists>
  <ResultSummary outcome="Failed">
    <Counters total="116" executed="116" passed="113" failed="3" error="0" timeout="0" aborted="0" inconclusive="0" passedButRunAborted="0" notRunnable="0" notExecuted="0" disconnected="0" warning="0" completed="0" inProgress="0" pending="0" />
    <Output>
      <StdOut>[xUnit.net 00:00:00.00] xUnit.net VSTest Adapter v2.5.3.1+6b60a9e56a (64-bit .NET 8.0.21)
[xUnit.net 00:00:00.27]   Discovering: AgendamentoConsultas.Tests
[xUnit.net 00:00:00.41]   Discovered:  AgendamentoConsultas.Tests
[xUnit.net 00:00:00.41]   Starting:    AgendamentoConsultas.Tests
     Warning:
     The component "Fluent Assertions" is governed by the rules defined in the Xceed License Agreement and
     the Xceed Fluent Assertions Community License. You may use Fluent Assertions free of charge for
     non-commercial use only. An active subscription is required to use Fluent Assertions for commercial use.
     Please contact Xceed Sales mailto:sales@xceed.com to acquire a subscription at a very low cost.
     A paid commercial license supports the development and continued increasing support of
     Fluent Assertions users under both commercial and community licenses. Help us
     keep Fluent Assertions at the forefront of unit testing.
     For more information, visit https://xceed.com/products/unit-testing/fluent-assertions/
[xUnit.net 00:00:01.07]       System.NullReferenceException : Object reference not set to an instance of an object.
[xUnit.net 00:00:01.07]       Stack Trace:
[xUnit.net 00:00:01.07]         /workspace/AgendamentoConsultas.Infrastructure/Repositories/AgendamentoRepository.cs(25,0): at AgendamentoConsultas.Infrastructure.Repositories.AgendamentoRepository.&lt;&gt;c__DisplayClass3_0.&lt;ObterPorClienteIdAsync&gt;b__0(Agendamento a)
[xUnit.net 00:00:01.07]            at System.Linq.Enumerable.WhereListIterator`1.ToArray()
[xUnit.net 00:00:01.07]            at System.Linq.Buffer`1..ctor(IEnumerable`1 source)
[xUnit.net 00:00:01.07]            at System.Linq.OrderedEnumerable`1.ToList()
[xUnit.net 00:00:01.07]         /workspace/AgendamentoConsultas.Infrastructure/Repositories/AgendamentoRepository.cs(24,0): at AgendamentoConsultas.Infrastructure.Repositories.AgendamentoRepository.ObterPorClienteIdAsync(Guid clienteId)
[xUnit.net 00:00:01.07]         /workspace/AgendamentoConsultas.Tests/Infrastructure/Repositories/AgendamentoRepositoryTests.cs(76,0): at AgendamentoConsultas.Tests.Infrastructure.Repositories.AgendamentoRepositoryTests.ObterPorClienteIdAsync_DeveRetornarAgendamentosDoCliente()
[xUnit.net 00:00:01.07]         --- End of stack trace from previous location ---
[xUnit.net 00:00:01.18]       System.NullReferenceException : Object reference not set to an instance of an object.
[xUnit.net 00:00:01.18]       Stack Trace:
[xUnit.net 00:00:01.18]         /workspace/AgendamentoConsultas.Application/Extensions/AgendamentoExtensions.cs(10,0): at AgendamentoConsultas.Application.Extensions.AgendamentoExtensions.ToDto(Agendamento agendamento, String nomeCliente)
[xUnit.net 00:00:01.18]         /workspace/AgendamentoConsultas.Application/UseCases/Agendamento/ObterAgendamentosPorClienteUseCase.cs(29,0): at AgendamentoConsultas.Application.UseCases.Agendamento.ObterAgendamentosPorClienteUseCase.&lt;&gt;c__DisplayClass3_0.&lt;ExecutarAsync&gt;b__0(Agendamento a)
[xUnit.net 00:00:01.18]            at System.Linq.Enumerable.SelectListIterator`2.GetCount(Boolean onlyIfCheap)
[xUnit.net 00:00:01.18]            at FluentAssertions.Collections.GenericCollectionAssertions`3.HaveCount(Int32 expected, String because, Object[] becauseArgs)
[xUnit.net 00:00:01.18]         /workspace/AgendamentoConsultas.Tests/Application/UseCases/Agendamento/ObterAgendamentosPorClienteUseCaseTests.cs(62,0): at AgendamentoConsultas.Tests.Application.UseCases.Agendamento.ObterAgendamentosPorClienteUseCaseTests.ExecutarAsync_ComClienteExistente_DeveRetornarAgendamentos()
[xUnit.net 00:00:01.18]         --- End of stack trace from previous location ---
[xUnit.net 00:00:01.26]       Expected result.IsSuccess to be True, but found False.
[xUnit.net 00:00:01.26]       Stack Trace:
[xUnit.net 00:00:01.26]            at FluentAssertions.Execution.LateBoundTestFramework.Throw(String message)
[xUnit.net 00:00:01.26]            at FluentAssertions.Execution.DefaultAssertionStrategy.HandleFailure(String message)
[xUnit.net 00:00:01.26]            at FluentAssertions.Execution.AssertionScope.AddPreFormattedFailure(String formattedFailureMessage)
[xUnit.net 00:00:01.26]            at FluentAssertions.Execution.AssertionChain.FailWith(Func`1 getFailureReason)
[xUnit.net 00:00:01.26]            at FluentAssertions.Execution.AssertionChain.FailWith(Func`1 getFailureReason)
[xUnit.net 00:00:01.26]            at FluentAssertions.Execution.AssertionChain.FailWith(String message, Object[] args)
[xUnit.net 00:00:01.26]            at FluentAssertions.Primitives.BooleanAssertions`1.BeTrue(String because, Object[] becauseArgs)
[xUnit.net 00:00:01.26]         /workspace/AgendamentoConsultas.Tests/Domain/Entities/AgendamentoTests.cs(108,0): at AgendamentoConsultas.Tests.Domain.Entities.AgendamentoTests.Reagendar_ComDataHoraValida_DeveReagendar()
[xUnit.net 00:00:01.26]            at System.RuntimeMethodHandle.InvokeMethod(Object target, Void** arguments, Signature sig, Boolean isConstructor)
[xUnit.net 00:00:01.26]            at System.Reflection.MethodBaseInvoker.InvokeWithNoArgs(Object obj, BindingFlags invokeAttr)
[xUnit.net 00:00:01.29]   Finished:    AgendamentoConsultas.Tests
</StdOut>
    </Output>
    <RunInfos>
      <RunInfo computerName="cursor" outcome="Error" timestamp="2025-10-23T00:35:29.7674006+00:00">
        <Text>[xUnit.net 00:00:01.06]     AgendamentoConsultas.Tests.Infrastructure.Repositories.AgendamentoRepositoryTests.ObterPorClienteIdAsync_DeveRetornarAgendamentosDoCliente [FAIL]</Text>
      </RunInfo>
      <RunInfo computerName="cursor" outcome="Error" timestamp="2025-10-23T00:35:29.8790781+00:00">
        <Text>[xUnit.net 00:00:01.18]     AgendamentoConsultas.Tests.Application.UseCases.Agendamento.ObterAgendamentosPorClienteUseCaseTests.ExecutarAsync_ComClienteExistente_DeveRetornarAgendamentos [FAIL]</Text>
      </RunInfo>
      <RunInfo computerName="cursor" outcome="Error" timestamp="2025-10-23T00:35:29.9687565+00:00">
        <Text>[xUnit.net 00:00:01.26]     AgendamentoConsultas.Tests.Domain.Entities.AgendamentoTests.Reagendar_ComDataHoraValida_DeveReagendar [FAIL]</Text>
      </RunInfo>
    </RunInfos>
    <CollectorDataEntries>
      <Collector agentName="cursor" uri="datacollector://microsoft/CoverletCodeCoverage/1.0" collectorDisplayName="XPlat code coverage">
        <UriAttachments>
          <UriAttachment>
            <A href="cursor/coverage.cobertura.xml"></A>
          </UriAttachment>
        </UriAttachments>
      </Collector>
    </CollectorDataEntries>
  </ResultSummary>
</TestRun>